ARM GAS  C:\Users\arnau\AppData\Local\Temp\cccsToCe.s 			page 1


   1              		.syntax unified
   2              		.cpu cortex-m4
   3              		.eabi_attribute 27, 1
   4              		.fpu fpv4-sp-d16
   5              		.eabi_attribute 20, 1
   6              		.eabi_attribute 21, 1
   7              		.eabi_attribute 23, 3
   8              		.eabi_attribute 24, 1
   9              		.eabi_attribute 25, 1
  10              		.eabi_attribute 26, 1
  11              		.eabi_attribute 30, 1
  12              		.eabi_attribute 34, 1
  13              		.eabi_attribute 18, 4
  14              		.thumb
  15              		.syntax unified
  16              		.file	"croutine.c"
  17              		.text
  18              	.Ltext0:
  19              		.cfi_sections	.debug_frame
  20              	.Letext0:
  21              		.file 1 "c:\\program files (x86)\\cypress\\psoc creator\\4.4\\psoc creator\\import\\gnu\\arm\\5.4.
  22              		.file 2 "c:\\program files (x86)\\cypress\\psoc creator\\4.4\\psoc creator\\import\\gnu\\arm\\5.4.
  23              		.file 3 "Generated_Source\\PSoC6\\pdl\\drivers/peripheral/device/cy_device.h"
  24              		.file 4 "Generated_Source\\PSoC6\\pdl\\drivers/peripheral/scb/cy_scb_i2c.h"
  25              		.file 5 "Generated_Source\\PSoC6\\pdl\\drivers/peripheral/scb/cy_scb_uart.h"
  26              		.file 6 ".\\CMSIS\\Core\\Include/core_cm4.h"
  27              		.file 7 "Generated_Source\\PSoC6/DEBUG_UART.h"
  28              		.file 8 "Generated_Source\\PSoC6/I2Cm.h"
  29              		.section	.debug_info,"",%progbits
  30              	.Ldebug_info0:
  31 0000 CE070000 		.4byte	0x7ce
  32 0004 0400     		.2byte	0x4
  33 0006 00000000 		.4byte	.Ldebug_abbrev0
  34 000a 04       		.byte	0x4
  35 000b 01       		.uleb128 0x1
  36 000c F6050000 		.4byte	.LASF160
  37 0010 0C       		.byte	0xc
  38 0011 5D040000 		.4byte	.LASF161
  39 0015 43080000 		.4byte	.LASF162
  40 0019 00000000 		.4byte	.Ldebug_line0
  41 001d 02       		.uleb128 0x2
  42 001e 04       		.byte	0x4
  43 001f 05       		.byte	0x5
  44 0020 696E7400 		.ascii	"int\000"
  45 0024 03       		.uleb128 0x3
  46 0025 04       		.byte	0x4
  47 0026 07       		.byte	0x7
  48 0027 77030000 		.4byte	.LASF0
  49 002b 03       		.uleb128 0x3
  50 002c 08       		.byte	0x8
  51 002d 05       		.byte	0x5
  52 002e 9A010000 		.4byte	.LASF1
  53 0032 03       		.uleb128 0x3
  54 0033 08       		.byte	0x8
  55 0034 04       		.byte	0x4
  56 0035 FA070000 		.4byte	.LASF2
  57 0039 03       		.uleb128 0x3
ARM GAS  C:\Users\arnau\AppData\Local\Temp\cccsToCe.s 			page 2


  58 003a 01       		.byte	0x1
  59 003b 06       		.byte	0x6
  60 003c A8010000 		.4byte	.LASF3
  61 0040 04       		.uleb128 0x4
  62 0041 88000000 		.4byte	.LASF5
  63 0045 01       		.byte	0x1
  64 0046 1D       		.byte	0x1d
  65 0047 4B000000 		.4byte	0x4b
  66 004b 03       		.uleb128 0x3
  67 004c 01       		.byte	0x1
  68 004d 08       		.byte	0x8
  69 004e 2F070000 		.4byte	.LASF4
  70 0052 04       		.uleb128 0x4
  71 0053 25030000 		.4byte	.LASF6
  72 0057 01       		.byte	0x1
  73 0058 29       		.byte	0x29
  74 0059 5D000000 		.4byte	0x5d
  75 005d 03       		.uleb128 0x3
  76 005e 02       		.byte	0x2
  77 005f 05       		.byte	0x5
  78 0060 51070000 		.4byte	.LASF7
  79 0064 04       		.uleb128 0x4
  80 0065 25080000 		.4byte	.LASF8
  81 0069 01       		.byte	0x1
  82 006a 2B       		.byte	0x2b
  83 006b 6F000000 		.4byte	0x6f
  84 006f 03       		.uleb128 0x3
  85 0070 02       		.byte	0x2
  86 0071 07       		.byte	0x7
  87 0072 F9080000 		.4byte	.LASF9
  88 0076 04       		.uleb128 0x4
  89 0077 A0080000 		.4byte	.LASF10
  90 007b 01       		.byte	0x1
  91 007c 3F       		.byte	0x3f
  92 007d 81000000 		.4byte	0x81
  93 0081 03       		.uleb128 0x3
  94 0082 04       		.byte	0x4
  95 0083 05       		.byte	0x5
  96 0084 41020000 		.4byte	.LASF11
  97 0088 04       		.uleb128 0x4
  98 0089 0A030000 		.4byte	.LASF12
  99 008d 01       		.byte	0x1
 100 008e 41       		.byte	0x41
 101 008f 93000000 		.4byte	0x93
 102 0093 03       		.uleb128 0x3
 103 0094 04       		.byte	0x4
 104 0095 07       		.byte	0x7
 105 0096 D4030000 		.4byte	.LASF13
 106 009a 03       		.uleb128 0x3
 107 009b 08       		.byte	0x8
 108 009c 07       		.byte	0x7
 109 009d E3000000 		.4byte	.LASF14
 110 00a1 04       		.uleb128 0x4
 111 00a2 DE090000 		.4byte	.LASF15
 112 00a6 02       		.byte	0x2
 113 00a7 18       		.byte	0x18
 114 00a8 40000000 		.4byte	0x40
ARM GAS  C:\Users\arnau\AppData\Local\Temp\cccsToCe.s 			page 3


 115 00ac 04       		.uleb128 0x4
 116 00ad 92010000 		.4byte	.LASF16
 117 00b1 02       		.byte	0x2
 118 00b2 20       		.byte	0x20
 119 00b3 52000000 		.4byte	0x52
 120 00b7 04       		.uleb128 0x4
 121 00b8 95030000 		.4byte	.LASF17
 122 00bc 02       		.byte	0x2
 123 00bd 24       		.byte	0x24
 124 00be 64000000 		.4byte	0x64
 125 00c2 04       		.uleb128 0x4
 126 00c3 27070000 		.4byte	.LASF18
 127 00c7 02       		.byte	0x2
 128 00c8 2C       		.byte	0x2c
 129 00c9 76000000 		.4byte	0x76
 130 00cd 04       		.uleb128 0x4
 131 00ce D8070000 		.4byte	.LASF19
 132 00d2 02       		.byte	0x2
 133 00d3 30       		.byte	0x30
 134 00d4 88000000 		.4byte	0x88
 135 00d8 05       		.uleb128 0x5
 136 00d9 CD000000 		.4byte	0xcd
 137 00dd 03       		.uleb128 0x3
 138 00de 04       		.byte	0x4
 139 00df 07       		.byte	0x7
 140 00e0 51050000 		.4byte	.LASF20
 141 00e4 06       		.uleb128 0x6
 142 00e5 B8       		.byte	0xb8
 143 00e6 03       		.byte	0x3
 144 00e7 34       		.byte	0x34
 145 00e8 F5040000 		.4byte	0x4f5
 146 00ec 07       		.uleb128 0x7
 147 00ed CA000000 		.4byte	.LASF21
 148 00f1 03       		.byte	0x3
 149 00f2 37       		.byte	0x37
 150 00f3 CD000000 		.4byte	0xcd
 151 00f7 00       		.byte	0
 152 00f8 07       		.uleb128 0x7
 153 00f9 FF020000 		.4byte	.LASF22
 154 00fd 03       		.byte	0x3
 155 00fe 38       		.byte	0x38
 156 00ff CD000000 		.4byte	0xcd
 157 0103 04       		.byte	0x4
 158 0104 07       		.uleb128 0x7
 159 0105 86020000 		.4byte	.LASF23
 160 0109 03       		.byte	0x3
 161 010a 39       		.byte	0x39
 162 010b CD000000 		.4byte	0xcd
 163 010f 08       		.byte	0x8
 164 0110 07       		.uleb128 0x7
 165 0111 0A070000 		.4byte	.LASF24
 166 0115 03       		.byte	0x3
 167 0116 3A       		.byte	0x3a
 168 0117 CD000000 		.4byte	0xcd
 169 011b 0C       		.byte	0xc
 170 011c 07       		.uleb128 0x7
 171 011d C9010000 		.4byte	.LASF25
ARM GAS  C:\Users\arnau\AppData\Local\Temp\cccsToCe.s 			page 4


 172 0121 03       		.byte	0x3
 173 0122 3B       		.byte	0x3b
 174 0123 CD000000 		.4byte	0xcd
 175 0127 10       		.byte	0x10
 176 0128 07       		.uleb128 0x7
 177 0129 13020000 		.4byte	.LASF26
 178 012d 03       		.byte	0x3
 179 012e 3C       		.byte	0x3c
 180 012f CD000000 		.4byte	0xcd
 181 0133 14       		.byte	0x14
 182 0134 07       		.uleb128 0x7
 183 0135 10040000 		.4byte	.LASF27
 184 0139 03       		.byte	0x3
 185 013a 3D       		.byte	0x3d
 186 013b CD000000 		.4byte	0xcd
 187 013f 18       		.byte	0x18
 188 0140 07       		.uleb128 0x7
 189 0141 71000000 		.4byte	.LASF28
 190 0145 03       		.byte	0x3
 191 0146 3E       		.byte	0x3e
 192 0147 CD000000 		.4byte	0xcd
 193 014b 1C       		.byte	0x1c
 194 014c 07       		.uleb128 0x7
 195 014d 470A0000 		.4byte	.LASF29
 196 0151 03       		.byte	0x3
 197 0152 3F       		.byte	0x3f
 198 0153 CD000000 		.4byte	0xcd
 199 0157 20       		.byte	0x20
 200 0158 07       		.uleb128 0x7
 201 0159 DE050000 		.4byte	.LASF30
 202 015d 03       		.byte	0x3
 203 015e 40       		.byte	0x40
 204 015f CD000000 		.4byte	0xcd
 205 0163 24       		.byte	0x24
 206 0164 07       		.uleb128 0x7
 207 0165 23050000 		.4byte	.LASF31
 208 0169 03       		.byte	0x3
 209 016a 43       		.byte	0x43
 210 016b A1000000 		.4byte	0xa1
 211 016f 28       		.byte	0x28
 212 0170 07       		.uleb128 0x7
 213 0171 57000000 		.4byte	.LASF32
 214 0175 03       		.byte	0x3
 215 0176 44       		.byte	0x44
 216 0177 A1000000 		.4byte	0xa1
 217 017b 29       		.byte	0x29
 218 017c 07       		.uleb128 0x7
 219 017d 3D0A0000 		.4byte	.LASF33
 220 0181 03       		.byte	0x3
 221 0182 45       		.byte	0x45
 222 0183 A1000000 		.4byte	0xa1
 223 0187 2A       		.byte	0x2a
 224 0188 07       		.uleb128 0x7
 225 0189 D0050000 		.4byte	.LASF34
 226 018d 03       		.byte	0x3
 227 018e 46       		.byte	0x46
 228 018f A1000000 		.4byte	0xa1
ARM GAS  C:\Users\arnau\AppData\Local\Temp\cccsToCe.s 			page 5


 229 0193 2B       		.byte	0x2b
 230 0194 07       		.uleb128 0x7
 231 0195 AC040000 		.4byte	.LASF35
 232 0199 03       		.byte	0x3
 233 019a 47       		.byte	0x47
 234 019b A1000000 		.4byte	0xa1
 235 019f 2C       		.byte	0x2c
 236 01a0 07       		.uleb128 0x7
 237 01a1 B7080000 		.4byte	.LASF36
 238 01a5 03       		.byte	0x3
 239 01a6 48       		.byte	0x48
 240 01a7 A1000000 		.4byte	0xa1
 241 01ab 2D       		.byte	0x2d
 242 01ac 07       		.uleb128 0x7
 243 01ad D2010000 		.4byte	.LASF37
 244 01b1 03       		.byte	0x3
 245 01b2 49       		.byte	0x49
 246 01b3 A1000000 		.4byte	0xa1
 247 01b7 2E       		.byte	0x2e
 248 01b8 07       		.uleb128 0x7
 249 01b9 30050000 		.4byte	.LASF38
 250 01bd 03       		.byte	0x3
 251 01be 4A       		.byte	0x4a
 252 01bf A1000000 		.4byte	0xa1
 253 01c3 2F       		.byte	0x2f
 254 01c4 07       		.uleb128 0x7
 255 01c5 0B080000 		.4byte	.LASF39
 256 01c9 03       		.byte	0x3
 257 01ca 4B       		.byte	0x4b
 258 01cb A1000000 		.4byte	0xa1
 259 01cf 30       		.byte	0x30
 260 01d0 07       		.uleb128 0x7
 261 01d1 05040000 		.4byte	.LASF40
 262 01d5 03       		.byte	0x3
 263 01d6 4E       		.byte	0x4e
 264 01d7 A1000000 		.4byte	0xa1
 265 01db 31       		.byte	0x31
 266 01dc 07       		.uleb128 0x7
 267 01dd 7A000000 		.4byte	.LASF41
 268 01e1 03       		.byte	0x3
 269 01e2 4F       		.byte	0x4f
 270 01e3 A1000000 		.4byte	0xa1
 271 01e7 32       		.byte	0x32
 272 01e8 07       		.uleb128 0x7
 273 01e9 6B030000 		.4byte	.LASF42
 274 01ed 03       		.byte	0x3
 275 01ee 50       		.byte	0x50
 276 01ef A1000000 		.4byte	0xa1
 277 01f3 33       		.byte	0x33
 278 01f4 07       		.uleb128 0x7
 279 01f5 75050000 		.4byte	.LASF43
 280 01f9 03       		.byte	0x3
 281 01fa 51       		.byte	0x51
 282 01fb A1000000 		.4byte	0xa1
 283 01ff 34       		.byte	0x34
 284 0200 07       		.uleb128 0x7
 285 0201 2D090000 		.4byte	.LASF44
ARM GAS  C:\Users\arnau\AppData\Local\Temp\cccsToCe.s 			page 6


 286 0205 03       		.byte	0x3
 287 0206 52       		.byte	0x52
 288 0207 AC000000 		.4byte	0xac
 289 020b 36       		.byte	0x36
 290 020c 07       		.uleb128 0x7
 291 020d A0020000 		.4byte	.LASF45
 292 0211 03       		.byte	0x3
 293 0212 53       		.byte	0x53
 294 0213 AC000000 		.4byte	0xac
 295 0217 38       		.byte	0x38
 296 0218 07       		.uleb128 0x7
 297 0219 D6080000 		.4byte	.LASF46
 298 021d 03       		.byte	0x3
 299 021e 54       		.byte	0x54
 300 021f AC000000 		.4byte	0xac
 301 0223 3A       		.byte	0x3a
 302 0224 07       		.uleb128 0x7
 303 0225 04020000 		.4byte	.LASF47
 304 0229 03       		.byte	0x3
 305 022a 55       		.byte	0x55
 306 022b A1000000 		.4byte	0xa1
 307 022f 3C       		.byte	0x3c
 308 0230 07       		.uleb128 0x7
 309 0231 C7020000 		.4byte	.LASF48
 310 0235 03       		.byte	0x3
 311 0236 56       		.byte	0x56
 312 0237 A1000000 		.4byte	0xa1
 313 023b 3D       		.byte	0x3d
 314 023c 07       		.uleb128 0x7
 315 023d 93090000 		.4byte	.LASF49
 316 0241 03       		.byte	0x3
 317 0242 57       		.byte	0x57
 318 0243 A1000000 		.4byte	0xa1
 319 0247 3E       		.byte	0x3e
 320 0248 07       		.uleb128 0x7
 321 0249 65000000 		.4byte	.LASF50
 322 024d 03       		.byte	0x3
 323 024e 58       		.byte	0x58
 324 024f A1000000 		.4byte	0xa1
 325 0253 3F       		.byte	0x3f
 326 0254 07       		.uleb128 0x7
 327 0255 E9050000 		.4byte	.LASF51
 328 0259 03       		.byte	0x3
 329 025a 59       		.byte	0x59
 330 025b A1000000 		.4byte	0xa1
 331 025f 40       		.byte	0x40
 332 0260 07       		.uleb128 0x7
 333 0261 15030000 		.4byte	.LASF52
 334 0265 03       		.byte	0x3
 335 0266 5A       		.byte	0x5a
 336 0267 A1000000 		.4byte	0xa1
 337 026b 41       		.byte	0x41
 338 026c 07       		.uleb128 0x7
 339 026d CE040000 		.4byte	.LASF53
 340 0271 03       		.byte	0x3
 341 0272 5B       		.byte	0x5b
 342 0273 A1000000 		.4byte	0xa1
ARM GAS  C:\Users\arnau\AppData\Local\Temp\cccsToCe.s 			page 7


 343 0277 42       		.byte	0x42
 344 0278 07       		.uleb128 0x7
 345 0279 BC050000 		.4byte	.LASF54
 346 027d 03       		.byte	0x3
 347 027e 5C       		.byte	0x5c
 348 027f A1000000 		.4byte	0xa1
 349 0283 43       		.byte	0x43
 350 0284 07       		.uleb128 0x7
 351 0285 8F020000 		.4byte	.LASF55
 352 0289 03       		.byte	0x3
 353 028a 5D       		.byte	0x5d
 354 028b A1000000 		.4byte	0xa1
 355 028f 44       		.byte	0x44
 356 0290 07       		.uleb128 0x7
 357 0291 00000000 		.4byte	.LASF56
 358 0295 03       		.byte	0x3
 359 0296 5E       		.byte	0x5e
 360 0297 CD000000 		.4byte	0xcd
 361 029b 48       		.byte	0x48
 362 029c 07       		.uleb128 0x7
 363 029d 78020000 		.4byte	.LASF57
 364 02a1 03       		.byte	0x3
 365 02a2 5F       		.byte	0x5f
 366 02a3 CD000000 		.4byte	0xcd
 367 02a7 4C       		.byte	0x4c
 368 02a8 07       		.uleb128 0x7
 369 02a9 7D0A0000 		.4byte	.LASF58
 370 02ad 03       		.byte	0x3
 371 02ae 60       		.byte	0x60
 372 02af A1000000 		.4byte	0xa1
 373 02b3 50       		.byte	0x50
 374 02b4 07       		.uleb128 0x7
 375 02b5 44010000 		.4byte	.LASF59
 376 02b9 03       		.byte	0x3
 377 02ba 61       		.byte	0x61
 378 02bb A1000000 		.4byte	0xa1
 379 02bf 51       		.byte	0x51
 380 02c0 07       		.uleb128 0x7
 381 02c1 CE090000 		.4byte	.LASF60
 382 02c5 03       		.byte	0x3
 383 02c6 62       		.byte	0x62
 384 02c7 A1000000 		.4byte	0xa1
 385 02cb 52       		.byte	0x52
 386 02cc 07       		.uleb128 0x7
 387 02cd C4080000 		.4byte	.LASF61
 388 02d1 03       		.byte	0x3
 389 02d2 63       		.byte	0x63
 390 02d3 A1000000 		.4byte	0xa1
 391 02d7 53       		.byte	0x53
 392 02d8 07       		.uleb128 0x7
 393 02d9 C8070000 		.4byte	.LASF62
 394 02dd 03       		.byte	0x3
 395 02de 64       		.byte	0x64
 396 02df A1000000 		.4byte	0xa1
 397 02e3 54       		.byte	0x54
 398 02e4 07       		.uleb128 0x7
 399 02e5 7E010000 		.4byte	.LASF63
ARM GAS  C:\Users\arnau\AppData\Local\Temp\cccsToCe.s 			page 8


 400 02e9 03       		.byte	0x3
 401 02ea 65       		.byte	0x65
 402 02eb A1000000 		.4byte	0xa1
 403 02ef 55       		.byte	0x55
 404 02f0 07       		.uleb128 0x7
 405 02f1 C0030000 		.4byte	.LASF64
 406 02f5 03       		.byte	0x3
 407 02f6 66       		.byte	0x66
 408 02f7 A1000000 		.4byte	0xa1
 409 02fb 56       		.byte	0x56
 410 02fc 07       		.uleb128 0x7
 411 02fd 19040000 		.4byte	.LASF65
 412 0301 03       		.byte	0x3
 413 0302 67       		.byte	0x67
 414 0303 A1000000 		.4byte	0xa1
 415 0307 57       		.byte	0x57
 416 0308 07       		.uleb128 0x7
 417 0309 1C000000 		.4byte	.LASF66
 418 030d 03       		.byte	0x3
 419 030e 68       		.byte	0x68
 420 030f A1000000 		.4byte	0xa1
 421 0313 58       		.byte	0x58
 422 0314 07       		.uleb128 0x7
 423 0315 3D070000 		.4byte	.LASF67
 424 0319 03       		.byte	0x3
 425 031a 69       		.byte	0x69
 426 031b A1000000 		.4byte	0xa1
 427 031f 59       		.byte	0x59
 428 0320 07       		.uleb128 0x7
 429 0321 5A050000 		.4byte	.LASF68
 430 0325 03       		.byte	0x3
 431 0326 6E       		.byte	0x6e
 432 0327 B7000000 		.4byte	0xb7
 433 032b 5A       		.byte	0x5a
 434 032c 07       		.uleb128 0x7
 435 032d 0C090000 		.4byte	.LASF69
 436 0331 03       		.byte	0x3
 437 0332 6F       		.byte	0x6f
 438 0333 B7000000 		.4byte	0xb7
 439 0337 5C       		.byte	0x5c
 440 0338 07       		.uleb128 0x7
 441 0339 D4000000 		.4byte	.LASF70
 442 033d 03       		.byte	0x3
 443 033e 70       		.byte	0x70
 444 033f A1000000 		.4byte	0xa1
 445 0343 5E       		.byte	0x5e
 446 0344 07       		.uleb128 0x7
 447 0345 D6060000 		.4byte	.LASF71
 448 0349 03       		.byte	0x3
 449 034a 71       		.byte	0x71
 450 034b A1000000 		.4byte	0xa1
 451 034f 5F       		.byte	0x5f
 452 0350 07       		.uleb128 0x7
 453 0351 AB050000 		.4byte	.LASF72
 454 0355 03       		.byte	0x3
 455 0356 72       		.byte	0x72
 456 0357 A1000000 		.4byte	0xa1
ARM GAS  C:\Users\arnau\AppData\Local\Temp\cccsToCe.s 			page 9


 457 035b 60       		.byte	0x60
 458 035c 07       		.uleb128 0x7
 459 035d AF060000 		.4byte	.LASF73
 460 0361 03       		.byte	0x3
 461 0362 73       		.byte	0x73
 462 0363 CD000000 		.4byte	0xcd
 463 0367 64       		.byte	0x64
 464 0368 07       		.uleb128 0x7
 465 0369 FA000000 		.4byte	.LASF74
 466 036d 03       		.byte	0x3
 467 036e 76       		.byte	0x76
 468 036f B7000000 		.4byte	0xb7
 469 0373 68       		.byte	0x68
 470 0374 07       		.uleb128 0x7
 471 0375 AE030000 		.4byte	.LASF75
 472 0379 03       		.byte	0x3
 473 037a 77       		.byte	0x77
 474 037b B7000000 		.4byte	0xb7
 475 037f 6A       		.byte	0x6a
 476 0380 07       		.uleb128 0x7
 477 0381 37040000 		.4byte	.LASF76
 478 0385 03       		.byte	0x3
 479 0386 78       		.byte	0x78
 480 0387 B7000000 		.4byte	0xb7
 481 038b 6C       		.byte	0x6c
 482 038c 07       		.uleb128 0x7
 483 038d 9F040000 		.4byte	.LASF77
 484 0391 03       		.byte	0x3
 485 0392 79       		.byte	0x79
 486 0393 B7000000 		.4byte	0xb7
 487 0397 6E       		.byte	0x6e
 488 0398 07       		.uleb128 0x7
 489 0399 6C070000 		.4byte	.LASF78
 490 039d 03       		.byte	0x3
 491 039e 7B       		.byte	0x7b
 492 039f A1000000 		.4byte	0xa1
 493 03a3 70       		.byte	0x70
 494 03a4 07       		.uleb128 0x7
 495 03a5 B4010000 		.4byte	.LASF79
 496 03a9 03       		.byte	0x3
 497 03aa 7C       		.byte	0x7c
 498 03ab A1000000 		.4byte	0xa1
 499 03af 71       		.byte	0x71
 500 03b0 07       		.uleb128 0x7
 501 03b1 4F0A0000 		.4byte	.LASF80
 502 03b5 03       		.byte	0x3
 503 03b6 7D       		.byte	0x7d
 504 03b7 A1000000 		.4byte	0xa1
 505 03bb 72       		.byte	0x72
 506 03bc 07       		.uleb128 0x7
 507 03bd 86050000 		.4byte	.LASF81
 508 03c1 03       		.byte	0x3
 509 03c2 7E       		.byte	0x7e
 510 03c3 A1000000 		.4byte	0xa1
 511 03c7 73       		.byte	0x73
 512 03c8 07       		.uleb128 0x7
 513 03c9 D2020000 		.4byte	.LASF82
ARM GAS  C:\Users\arnau\AppData\Local\Temp\cccsToCe.s 			page 10


 514 03cd 03       		.byte	0x3
 515 03ce 80       		.byte	0x80
 516 03cf B7000000 		.4byte	0xb7
 517 03d3 74       		.byte	0x74
 518 03d4 07       		.uleb128 0x7
 519 03d5 30080000 		.4byte	.LASF83
 520 03d9 03       		.byte	0x3
 521 03da 81       		.byte	0x81
 522 03db B7000000 		.4byte	0xb7
 523 03df 76       		.byte	0x76
 524 03e0 07       		.uleb128 0x7
 525 03e1 B2020000 		.4byte	.LASF84
 526 03e5 03       		.byte	0x3
 527 03e6 82       		.byte	0x82
 528 03e7 B7000000 		.4byte	0xb7
 529 03eb 78       		.byte	0x78
 530 03ec 07       		.uleb128 0x7
 531 03ed 9E000000 		.4byte	.LASF85
 532 03f1 03       		.byte	0x3
 533 03f2 83       		.byte	0x83
 534 03f3 B7000000 		.4byte	0xb7
 535 03f7 7A       		.byte	0x7a
 536 03f8 07       		.uleb128 0x7
 537 03f9 FB090000 		.4byte	.LASF86
 538 03fd 03       		.byte	0x3
 539 03fe 86       		.byte	0x86
 540 03ff A1000000 		.4byte	0xa1
 541 0403 7C       		.byte	0x7c
 542 0404 07       		.uleb128 0x7
 543 0405 3A090000 		.4byte	.LASF87
 544 0409 03       		.byte	0x3
 545 040a 87       		.byte	0x87
 546 040b A1000000 		.4byte	0xa1
 547 040f 7D       		.byte	0x7d
 548 0410 07       		.uleb128 0x7
 549 0411 30000000 		.4byte	.LASF88
 550 0415 03       		.byte	0x3
 551 0416 88       		.byte	0x88
 552 0417 A1000000 		.4byte	0xa1
 553 041b 7E       		.byte	0x7e
 554 041c 07       		.uleb128 0x7
 555 041d E4020000 		.4byte	.LASF89
 556 0421 03       		.byte	0x3
 557 0422 89       		.byte	0x89
 558 0423 A1000000 		.4byte	0xa1
 559 0427 7F       		.byte	0x7f
 560 0428 07       		.uleb128 0x7
 561 0429 57030000 		.4byte	.LASF90
 562 042d 03       		.byte	0x3
 563 042e 8A       		.byte	0x8a
 564 042f A1000000 		.4byte	0xa1
 565 0433 80       		.byte	0x80
 566 0434 07       		.uleb128 0x7
 567 0435 0C050000 		.4byte	.LASF91
 568 0439 03       		.byte	0x3
 569 043a 8D       		.byte	0x8d
 570 043b CD000000 		.4byte	0xcd
ARM GAS  C:\Users\arnau\AppData\Local\Temp\cccsToCe.s 			page 11


 571 043f 84       		.byte	0x84
 572 0440 07       		.uleb128 0x7
 573 0441 B3000000 		.4byte	.LASF92
 574 0445 03       		.byte	0x3
 575 0446 8E       		.byte	0x8e
 576 0447 CD000000 		.4byte	0xcd
 577 044b 88       		.byte	0x88
 578 044c 07       		.uleb128 0x7
 579 044d E6090000 		.4byte	.LASF93
 580 0451 03       		.byte	0x3
 581 0452 8F       		.byte	0x8f
 582 0453 CD000000 		.4byte	0xcd
 583 0457 8C       		.byte	0x8c
 584 0458 07       		.uleb128 0x7
 585 0459 3C050000 		.4byte	.LASF94
 586 045d 03       		.byte	0x3
 587 045e 90       		.byte	0x90
 588 045f CD000000 		.4byte	0xcd
 589 0463 90       		.byte	0x90
 590 0464 07       		.uleb128 0x7
 591 0465 38030000 		.4byte	.LASF95
 592 0469 03       		.byte	0x3
 593 046a 91       		.byte	0x91
 594 046b CD000000 		.4byte	0xcd
 595 046f 94       		.byte	0x94
 596 0470 07       		.uleb128 0x7
 597 0471 E8040000 		.4byte	.LASF96
 598 0475 03       		.byte	0x3
 599 0476 92       		.byte	0x92
 600 0477 CD000000 		.4byte	0xcd
 601 047b 98       		.byte	0x98
 602 047c 07       		.uleb128 0x7
 603 047d 1E0A0000 		.4byte	.LASF97
 604 0481 03       		.byte	0x3
 605 0482 93       		.byte	0x93
 606 0483 CD000000 		.4byte	0xcd
 607 0487 9C       		.byte	0x9c
 608 0488 07       		.uleb128 0x7
 609 0489 14010000 		.4byte	.LASF98
 610 048d 03       		.byte	0x3
 611 048e 94       		.byte	0x94
 612 048f CD000000 		.4byte	0xcd
 613 0493 A0       		.byte	0xa0
 614 0494 07       		.uleb128 0x7
 615 0495 EF010000 		.4byte	.LASF99
 616 0499 03       		.byte	0x3
 617 049a 95       		.byte	0x95
 618 049b B7000000 		.4byte	0xb7
 619 049f A4       		.byte	0xa4
 620 04a0 07       		.uleb128 0x7
 621 04a1 B9090000 		.4byte	.LASF100
 622 04a5 03       		.byte	0x3
 623 04a6 96       		.byte	0x96
 624 04a7 B7000000 		.4byte	0xb7
 625 04ab A6       		.byte	0xa6
 626 04ac 07       		.uleb128 0x7
 627 04ad CA060000 		.4byte	.LASF101
ARM GAS  C:\Users\arnau\AppData\Local\Temp\cccsToCe.s 			page 12


 628 04b1 03       		.byte	0x3
 629 04b2 97       		.byte	0x97
 630 04b3 B7000000 		.4byte	0xb7
 631 04b7 A8       		.byte	0xa8
 632 04b8 07       		.uleb128 0x7
 633 04b9 17080000 		.4byte	.LASF102
 634 04bd 03       		.byte	0x3
 635 04be 98       		.byte	0x98
 636 04bf B7000000 		.4byte	0xb7
 637 04c3 AA       		.byte	0xaa
 638 04c4 07       		.uleb128 0x7
 639 04c5 46040000 		.4byte	.LASF103
 640 04c9 03       		.byte	0x3
 641 04ca 99       		.byte	0x99
 642 04cb B7000000 		.4byte	0xb7
 643 04cf AC       		.byte	0xac
 644 04d0 07       		.uleb128 0x7
 645 04d1 9D050000 		.4byte	.LASF104
 646 04d5 03       		.byte	0x3
 647 04d6 9A       		.byte	0x9a
 648 04d7 B7000000 		.4byte	0xb7
 649 04db AE       		.byte	0xae
 650 04dc 07       		.uleb128 0x7
 651 04dd 15090000 		.4byte	.LASF105
 652 04e1 03       		.byte	0x3
 653 04e2 9D       		.byte	0x9d
 654 04e3 B7000000 		.4byte	0xb7
 655 04e7 B0       		.byte	0xb0
 656 04e8 07       		.uleb128 0x7
 657 04e9 43000000 		.4byte	.LASF106
 658 04ed 03       		.byte	0x3
 659 04ee 9E       		.byte	0x9e
 660 04ef CD000000 		.4byte	0xcd
 661 04f3 B4       		.byte	0xb4
 662 04f4 00       		.byte	0
 663 04f5 04       		.uleb128 0x4
 664 04f6 BE040000 		.4byte	.LASF107
 665 04fa 03       		.byte	0x3
 666 04fb 9F       		.byte	0x9f
 667 04fc E4000000 		.4byte	0xe4
 668 0500 03       		.uleb128 0x3
 669 0501 01       		.byte	0x1
 670 0502 08       		.byte	0x8
 671 0503 06080000 		.4byte	.LASF108
 672 0507 03       		.uleb128 0x3
 673 0508 04       		.byte	0x4
 674 0509 04       		.byte	0x4
 675 050a A9060000 		.4byte	.LASF109
 676 050e 03       		.uleb128 0x3
 677 050f 08       		.byte	0x8
 678 0510 04       		.byte	0x4
 679 0511 AB020000 		.4byte	.LASF110
 680 0515 08       		.uleb128 0x8
 681 0516 04       		.byte	0x4
 682 0517 03       		.uleb128 0x3
 683 0518 01       		.byte	0x1
 684 0519 02       		.byte	0x2
ARM GAS  C:\Users\arnau\AppData\Local\Temp\cccsToCe.s 			page 13


 685 051a 21070000 		.4byte	.LASF111
 686 051e 09       		.uleb128 0x9
 687 051f 01       		.byte	0x1
 688 0520 4B000000 		.4byte	0x4b
 689 0524 04       		.byte	0x4
 690 0525 2402     		.2byte	0x224
 691 0527 38050000 		.4byte	0x538
 692 052b 0A       		.uleb128 0xa
 693 052c 12070000 		.4byte	.LASF112
 694 0530 00       		.byte	0
 695 0531 0A       		.uleb128 0xa
 696 0532 56020000 		.4byte	.LASF113
 697 0536 01       		.byte	0x1
 698 0537 00       		.byte	0
 699 0538 0B       		.uleb128 0xb
 700 0539 A1090000 		.4byte	.LASF114
 701 053d 04       		.byte	0x4
 702 053e 2702     		.2byte	0x227
 703 0540 1E050000 		.4byte	0x51e
 704 0544 0B       		.uleb128 0xb
 705 0545 23020000 		.4byte	.LASF115
 706 0549 04       		.byte	0x4
 707 054a 3902     		.2byte	0x239
 708 054c 50050000 		.4byte	0x550
 709 0550 0C       		.uleb128 0xc
 710 0551 04       		.byte	0x4
 711 0552 56050000 		.4byte	0x556
 712 0556 0D       		.uleb128 0xd
 713 0557 61050000 		.4byte	0x561
 714 055b 0E       		.uleb128 0xe
 715 055c CD000000 		.4byte	0xcd
 716 0560 00       		.byte	0
 717 0561 0B       		.uleb128 0xb
 718 0562 8C070000 		.4byte	.LASF116
 719 0566 04       		.byte	0x4
 720 0567 4402     		.2byte	0x244
 721 0569 6D050000 		.4byte	0x56d
 722 056d 0C       		.uleb128 0xc
 723 056e 04       		.byte	0x4
 724 056f 73050000 		.4byte	0x573
 725 0573 0F       		.uleb128 0xf
 726 0574 38050000 		.4byte	0x538
 727 0578 82050000 		.4byte	0x582
 728 057c 0E       		.uleb128 0xe
 729 057d CD000000 		.4byte	0xcd
 730 0581 00       		.byte	0
 731 0582 10       		.uleb128 0x10
 732 0583 67010000 		.4byte	.LASF140
 733 0587 4C       		.byte	0x4c
 734 0588 04       		.byte	0x4
 735 0589 C302     		.2byte	0x2c3
 736 058b A1060000 		.4byte	0x6a1
 737 058f 11       		.uleb128 0x11
 738 0590 23090000 		.4byte	.LASF117
 739 0594 04       		.byte	0x4
 740 0595 C602     		.2byte	0x2c6
 741 0597 17050000 		.4byte	0x517
ARM GAS  C:\Users\arnau\AppData\Local\Temp\cccsToCe.s 			page 14


 742 059b 00       		.byte	0
 743 059c 11       		.uleb128 0x11
 744 059d 2D040000 		.4byte	.LASF118
 745 05a1 04       		.byte	0x4
 746 05a2 C702     		.2byte	0x2c7
 747 05a4 17050000 		.4byte	0x517
 748 05a8 01       		.byte	0x1
 749 05a9 11       		.uleb128 0x11
 750 05aa 1D020000 		.4byte	.LASF119
 751 05ae 04       		.byte	0x4
 752 05af C902     		.2byte	0x2c9
 753 05b1 D8000000 		.4byte	0xd8
 754 05b5 04       		.byte	0x4
 755 05b6 11       		.uleb128 0x11
 756 05b7 2A010000 		.4byte	.LASF120
 757 05bb 04       		.byte	0x4
 758 05bc CB02     		.2byte	0x2cb
 759 05be D8000000 		.4byte	0xd8
 760 05c2 08       		.byte	0x8
 761 05c3 11       		.uleb128 0x11
 762 05c4 80070000 		.4byte	.LASF121
 763 05c8 04       		.byte	0x4
 764 05c9 CC02     		.2byte	0x2cc
 765 05cb 17050000 		.4byte	0x517
 766 05cf 0C       		.byte	0xc
 767 05d0 11       		.uleb128 0x11
 768 05d1 4A020000 		.4byte	.LASF122
 769 05d5 04       		.byte	0x4
 770 05d6 CD02     		.2byte	0x2cd
 771 05d8 17050000 		.4byte	0x517
 772 05dc 0D       		.byte	0xd
 773 05dd 11       		.uleb128 0x11
 774 05de AA080000 		.4byte	.LASF123
 775 05e2 04       		.byte	0x4
 776 05e3 CF02     		.2byte	0x2cf
 777 05e5 A1060000 		.4byte	0x6a1
 778 05e9 10       		.byte	0x10
 779 05ea 11       		.uleb128 0x11
 780 05eb 5B070000 		.4byte	.LASF124
 781 05ef 04       		.byte	0x4
 782 05f0 D002     		.2byte	0x2d0
 783 05f2 CD000000 		.4byte	0xcd
 784 05f6 14       		.byte	0x14
 785 05f7 11       		.uleb128 0x11
 786 05f8 65050000 		.4byte	.LASF125
 787 05fc 04       		.byte	0x4
 788 05fd D102     		.2byte	0x2d1
 789 05ff D8000000 		.4byte	0xd8
 790 0603 18       		.byte	0x18
 791 0604 11       		.uleb128 0x11
 792 0605 A8070000 		.4byte	.LASF126
 793 0609 04       		.byte	0x4
 794 060a D202     		.2byte	0x2d2
 795 060c D8000000 		.4byte	0xd8
 796 0610 1C       		.byte	0x1c
 797 0611 11       		.uleb128 0x11
 798 0612 92000000 		.4byte	.LASF127
ARM GAS  C:\Users\arnau\AppData\Local\Temp\cccsToCe.s 			page 15


 799 0616 04       		.byte	0x4
 800 0617 D402     		.2byte	0x2d4
 801 0619 D8000000 		.4byte	0xd8
 802 061d 20       		.byte	0x20
 803 061e 11       		.uleb128 0x11
 804 061f 9E030000 		.4byte	.LASF128
 805 0623 04       		.byte	0x4
 806 0624 D502     		.2byte	0x2d5
 807 0626 A7060000 		.4byte	0x6a7
 808 062a 24       		.byte	0x24
 809 062b 11       		.uleb128 0x11
 810 062c 59090000 		.4byte	.LASF129
 811 0630 04       		.byte	0x4
 812 0631 D702     		.2byte	0x2d7
 813 0633 A1060000 		.4byte	0x6a1
 814 0637 28       		.byte	0x28
 815 0638 11       		.uleb128 0x11
 816 0639 67090000 		.4byte	.LASF130
 817 063d 04       		.byte	0x4
 818 063e D802     		.2byte	0x2d8
 819 0640 CD000000 		.4byte	0xcd
 820 0644 2C       		.byte	0x2c
 821 0645 11       		.uleb128 0x11
 822 0646 84030000 		.4byte	.LASF131
 823 064a 04       		.byte	0x4
 824 064b D902     		.2byte	0x2d9
 825 064d D8000000 		.4byte	0xd8
 826 0651 30       		.byte	0x30
 827 0652 11       		.uleb128 0x11
 828 0653 B7070000 		.4byte	.LASF132
 829 0657 04       		.byte	0x4
 830 0658 DA02     		.2byte	0x2da
 831 065a D8000000 		.4byte	0xd8
 832 065e 34       		.byte	0x34
 833 065f 11       		.uleb128 0x11
 834 0660 FE040000 		.4byte	.LASF133
 835 0664 04       		.byte	0x4
 836 0665 DC02     		.2byte	0x2dc
 837 0667 A1060000 		.4byte	0x6a1
 838 066b 38       		.byte	0x38
 839 066c 11       		.uleb128 0x11
 840 066d DD010000 		.4byte	.LASF134
 841 0671 04       		.byte	0x4
 842 0672 DD02     		.2byte	0x2dd
 843 0674 CD000000 		.4byte	0xcd
 844 0678 3C       		.byte	0x3c
 845 0679 11       		.uleb128 0x11
 846 067a 56010000 		.4byte	.LASF135
 847 067e 04       		.byte	0x4
 848 067f DE02     		.2byte	0x2de
 849 0681 D8000000 		.4byte	0xd8
 850 0685 40       		.byte	0x40
 851 0686 11       		.uleb128 0x11
 852 0687 54040000 		.4byte	.LASF136
 853 068b 04       		.byte	0x4
 854 068c E402     		.2byte	0x2e4
 855 068e 44050000 		.4byte	0x544
ARM GAS  C:\Users\arnau\AppData\Local\Temp\cccsToCe.s 			page 16


 856 0692 44       		.byte	0x44
 857 0693 11       		.uleb128 0x11
 858 0694 F8020000 		.4byte	.LASF137
 859 0698 04       		.byte	0x4
 860 0699 EB02     		.2byte	0x2eb
 861 069b 61050000 		.4byte	0x561
 862 069f 48       		.byte	0x48
 863 06a0 00       		.byte	0
 864 06a1 0C       		.uleb128 0xc
 865 06a2 04       		.byte	0x4
 866 06a3 A1000000 		.4byte	0xa1
 867 06a7 05       		.uleb128 0x5
 868 06a8 17050000 		.4byte	0x517
 869 06ac 0B       		.uleb128 0xb
 870 06ad E1070000 		.4byte	.LASF138
 871 06b1 04       		.byte	0x4
 872 06b2 EE02     		.2byte	0x2ee
 873 06b4 82050000 		.4byte	0x582
 874 06b8 0B       		.uleb128 0xb
 875 06b9 E6030000 		.4byte	.LASF139
 876 06bd 05       		.byte	0x5
 877 06be D901     		.2byte	0x1d9
 878 06c0 50050000 		.4byte	0x550
 879 06c4 10       		.uleb128 0x10
 880 06c5 650A0000 		.4byte	.LASF141
 881 06c9 38       		.byte	0x38
 882 06ca 05       		.byte	0x5
 883 06cb 7502     		.2byte	0x275
 884 06cd 88070000 		.4byte	0x788
 885 06d1 11       		.uleb128 0x11
 886 06d2 340A0000 		.4byte	.LASF142
 887 06d6 05       		.byte	0x5
 888 06d7 7802     		.2byte	0x278
 889 06d9 D8000000 		.4byte	0xd8
 890 06dd 00       		.byte	0
 891 06de 11       		.uleb128 0x11
 892 06df C7050000 		.4byte	.LASF143
 893 06e3 05       		.byte	0x5
 894 06e4 7902     		.2byte	0x279
 895 06e6 D8000000 		.4byte	0xd8
 896 06ea 04       		.byte	0x4
 897 06eb 11       		.uleb128 0x11
 898 06ec 0A010000 		.4byte	.LASF144
 899 06f0 05       		.byte	0x5
 900 06f1 7B02     		.2byte	0x27b
 901 06f3 15050000 		.4byte	0x515
 902 06f7 08       		.byte	0x8
 903 06f8 11       		.uleb128 0x11
 904 06f9 EB080000 		.4byte	.LASF145
 905 06fd 05       		.byte	0x5
 906 06fe 7C02     		.2byte	0x27c
 907 0700 CD000000 		.4byte	0xcd
 908 0704 0C       		.byte	0xc
 909 0705 11       		.uleb128 0x11
 910 0706 DA040000 		.4byte	.LASF146
 911 070a 05       		.byte	0x5
 912 070b 7D02     		.2byte	0x27d
ARM GAS  C:\Users\arnau\AppData\Local\Temp\cccsToCe.s 			page 17


 913 070d D8000000 		.4byte	0xd8
 914 0711 10       		.byte	0x10
 915 0712 11       		.uleb128 0x11
 916 0713 100A0000 		.4byte	.LASF147
 917 0717 05       		.byte	0x5
 918 0718 7E02     		.2byte	0x27e
 919 071a D8000000 		.4byte	0xd8
 920 071e 14       		.byte	0x14
 921 071f 11       		.uleb128 0x11
 922 0720 53090000 		.4byte	.LASF148
 923 0724 05       		.byte	0x5
 924 0725 8002     		.2byte	0x280
 925 0727 15050000 		.4byte	0x515
 926 072b 18       		.byte	0x18
 927 072c 11       		.uleb128 0x11
 928 072d 12000000 		.4byte	.LASF149
 929 0731 05       		.byte	0x5
 930 0732 8102     		.2byte	0x281
 931 0734 CD000000 		.4byte	0xcd
 932 0738 1C       		.byte	0x1c
 933 0739 11       		.uleb128 0x11
 934 073a 2F030000 		.4byte	.LASF150
 935 073e 05       		.byte	0x5
 936 073f 8202     		.2byte	0x282
 937 0741 D8000000 		.4byte	0xd8
 938 0745 20       		.byte	0x20
 939 0746 11       		.uleb128 0x11
 940 0747 B8040000 		.4byte	.LASF151
 941 074b 05       		.byte	0x5
 942 074c 8402     		.2byte	0x284
 943 074e 15050000 		.4byte	0x515
 944 0752 24       		.byte	0x24
 945 0753 11       		.uleb128 0x11
 946 0754 4D030000 		.4byte	.LASF152
 947 0758 05       		.byte	0x5
 948 0759 8502     		.2byte	0x285
 949 075b CD000000 		.4byte	0xcd
 950 075f 28       		.byte	0x28
 951 0760 11       		.uleb128 0x11
 952 0761 EC060000 		.4byte	.LASF153
 953 0765 05       		.byte	0x5
 954 0766 8602     		.2byte	0x286
 955 0768 D8000000 		.4byte	0xd8
 956 076c 2C       		.byte	0x2c
 957 076d 11       		.uleb128 0x11
 958 076e 54040000 		.4byte	.LASF136
 959 0772 05       		.byte	0x5
 960 0773 8B02     		.2byte	0x28b
 961 0775 B8060000 		.4byte	0x6b8
 962 0779 30       		.byte	0x30
 963 077a 11       		.uleb128 0x11
 964 077b 4B090000 		.4byte	.LASF154
 965 077f 05       		.byte	0x5
 966 0780 8E02     		.2byte	0x28e
 967 0782 CD000000 		.4byte	0xcd
 968 0786 34       		.byte	0x34
 969 0787 00       		.byte	0
ARM GAS  C:\Users\arnau\AppData\Local\Temp\cccsToCe.s 			page 18


 970 0788 0B       		.uleb128 0xb
 971 0789 79090000 		.4byte	.LASF155
 972 078d 05       		.byte	0x5
 973 078e 9102     		.2byte	0x291
 974 0790 C4060000 		.4byte	0x6c4
 975 0794 12       		.uleb128 0x12
 976 0795 C0060000 		.4byte	.LASF156
 977 0799 03       		.byte	0x3
 978 079a A7       		.byte	0xa7
 979 079b 9F070000 		.4byte	0x79f
 980 079f 0C       		.uleb128 0xc
 981 07a0 04       		.byte	0x4
 982 07a1 A5070000 		.4byte	0x7a5
 983 07a5 13       		.uleb128 0x13
 984 07a6 F5040000 		.4byte	0x4f5
 985 07aa 14       		.uleb128 0x14
 986 07ab 37010000 		.4byte	.LASF157
 987 07af 06       		.byte	0x6
 988 07b0 0108     		.2byte	0x801
 989 07b2 B6070000 		.4byte	0x7b6
 990 07b6 05       		.uleb128 0x5
 991 07b7 C2000000 		.4byte	0xc2
 992 07bb 12       		.uleb128 0x12
 993 07bc 65020000 		.4byte	.LASF158
 994 07c0 07       		.byte	0x7
 995 07c1 87       		.byte	0x87
 996 07c2 88070000 		.4byte	0x788
 997 07c6 12       		.uleb128 0x12
 998 07c7 FD060000 		.4byte	.LASF159
 999 07cb 08       		.byte	0x8
 1000 07cc 7F       		.byte	0x7f
 1001 07cd AC060000 		.4byte	0x6ac
 1002 07d1 00       		.byte	0
 1003              		.section	.debug_abbrev,"",%progbits
 1004              	.Ldebug_abbrev0:
 1005 0000 01       		.uleb128 0x1
 1006 0001 11       		.uleb128 0x11
 1007 0002 01       		.byte	0x1
 1008 0003 25       		.uleb128 0x25
 1009 0004 0E       		.uleb128 0xe
 1010 0005 13       		.uleb128 0x13
 1011 0006 0B       		.uleb128 0xb
 1012 0007 03       		.uleb128 0x3
 1013 0008 0E       		.uleb128 0xe
 1014 0009 1B       		.uleb128 0x1b
 1015 000a 0E       		.uleb128 0xe
 1016 000b 10       		.uleb128 0x10
 1017 000c 17       		.uleb128 0x17
 1018 000d 00       		.byte	0
 1019 000e 00       		.byte	0
 1020 000f 02       		.uleb128 0x2
 1021 0010 24       		.uleb128 0x24
 1022 0011 00       		.byte	0
 1023 0012 0B       		.uleb128 0xb
 1024 0013 0B       		.uleb128 0xb
 1025 0014 3E       		.uleb128 0x3e
 1026 0015 0B       		.uleb128 0xb
ARM GAS  C:\Users\arnau\AppData\Local\Temp\cccsToCe.s 			page 19


 1027 0016 03       		.uleb128 0x3
 1028 0017 08       		.uleb128 0x8
 1029 0018 00       		.byte	0
 1030 0019 00       		.byte	0
 1031 001a 03       		.uleb128 0x3
 1032 001b 24       		.uleb128 0x24
 1033 001c 00       		.byte	0
 1034 001d 0B       		.uleb128 0xb
 1035 001e 0B       		.uleb128 0xb
 1036 001f 3E       		.uleb128 0x3e
 1037 0020 0B       		.uleb128 0xb
 1038 0021 03       		.uleb128 0x3
 1039 0022 0E       		.uleb128 0xe
 1040 0023 00       		.byte	0
 1041 0024 00       		.byte	0
 1042 0025 04       		.uleb128 0x4
 1043 0026 16       		.uleb128 0x16
 1044 0027 00       		.byte	0
 1045 0028 03       		.uleb128 0x3
 1046 0029 0E       		.uleb128 0xe
 1047 002a 3A       		.uleb128 0x3a
 1048 002b 0B       		.uleb128 0xb
 1049 002c 3B       		.uleb128 0x3b
 1050 002d 0B       		.uleb128 0xb
 1051 002e 49       		.uleb128 0x49
 1052 002f 13       		.uleb128 0x13
 1053 0030 00       		.byte	0
 1054 0031 00       		.byte	0
 1055 0032 05       		.uleb128 0x5
 1056 0033 35       		.uleb128 0x35
 1057 0034 00       		.byte	0
 1058 0035 49       		.uleb128 0x49
 1059 0036 13       		.uleb128 0x13
 1060 0037 00       		.byte	0
 1061 0038 00       		.byte	0
 1062 0039 06       		.uleb128 0x6
 1063 003a 13       		.uleb128 0x13
 1064 003b 01       		.byte	0x1
 1065 003c 0B       		.uleb128 0xb
 1066 003d 0B       		.uleb128 0xb
 1067 003e 3A       		.uleb128 0x3a
 1068 003f 0B       		.uleb128 0xb
 1069 0040 3B       		.uleb128 0x3b
 1070 0041 0B       		.uleb128 0xb
 1071 0042 01       		.uleb128 0x1
 1072 0043 13       		.uleb128 0x13
 1073 0044 00       		.byte	0
 1074 0045 00       		.byte	0
 1075 0046 07       		.uleb128 0x7
 1076 0047 0D       		.uleb128 0xd
 1077 0048 00       		.byte	0
 1078 0049 03       		.uleb128 0x3
 1079 004a 0E       		.uleb128 0xe
 1080 004b 3A       		.uleb128 0x3a
 1081 004c 0B       		.uleb128 0xb
 1082 004d 3B       		.uleb128 0x3b
 1083 004e 0B       		.uleb128 0xb
ARM GAS  C:\Users\arnau\AppData\Local\Temp\cccsToCe.s 			page 20


 1084 004f 49       		.uleb128 0x49
 1085 0050 13       		.uleb128 0x13
 1086 0051 38       		.uleb128 0x38
 1087 0052 0B       		.uleb128 0xb
 1088 0053 00       		.byte	0
 1089 0054 00       		.byte	0
 1090 0055 08       		.uleb128 0x8
 1091 0056 0F       		.uleb128 0xf
 1092 0057 00       		.byte	0
 1093 0058 0B       		.uleb128 0xb
 1094 0059 0B       		.uleb128 0xb
 1095 005a 00       		.byte	0
 1096 005b 00       		.byte	0
 1097 005c 09       		.uleb128 0x9
 1098 005d 04       		.uleb128 0x4
 1099 005e 01       		.byte	0x1
 1100 005f 0B       		.uleb128 0xb
 1101 0060 0B       		.uleb128 0xb
 1102 0061 49       		.uleb128 0x49
 1103 0062 13       		.uleb128 0x13
 1104 0063 3A       		.uleb128 0x3a
 1105 0064 0B       		.uleb128 0xb
 1106 0065 3B       		.uleb128 0x3b
 1107 0066 05       		.uleb128 0x5
 1108 0067 01       		.uleb128 0x1
 1109 0068 13       		.uleb128 0x13
 1110 0069 00       		.byte	0
 1111 006a 00       		.byte	0
 1112 006b 0A       		.uleb128 0xa
 1113 006c 28       		.uleb128 0x28
 1114 006d 00       		.byte	0
 1115 006e 03       		.uleb128 0x3
 1116 006f 0E       		.uleb128 0xe
 1117 0070 1C       		.uleb128 0x1c
 1118 0071 0B       		.uleb128 0xb
 1119 0072 00       		.byte	0
 1120 0073 00       		.byte	0
 1121 0074 0B       		.uleb128 0xb
 1122 0075 16       		.uleb128 0x16
 1123 0076 00       		.byte	0
 1124 0077 03       		.uleb128 0x3
 1125 0078 0E       		.uleb128 0xe
 1126 0079 3A       		.uleb128 0x3a
 1127 007a 0B       		.uleb128 0xb
 1128 007b 3B       		.uleb128 0x3b
 1129 007c 05       		.uleb128 0x5
 1130 007d 49       		.uleb128 0x49
 1131 007e 13       		.uleb128 0x13
 1132 007f 00       		.byte	0
 1133 0080 00       		.byte	0
 1134 0081 0C       		.uleb128 0xc
 1135 0082 0F       		.uleb128 0xf
 1136 0083 00       		.byte	0
 1137 0084 0B       		.uleb128 0xb
 1138 0085 0B       		.uleb128 0xb
 1139 0086 49       		.uleb128 0x49
 1140 0087 13       		.uleb128 0x13
ARM GAS  C:\Users\arnau\AppData\Local\Temp\cccsToCe.s 			page 21


 1141 0088 00       		.byte	0
 1142 0089 00       		.byte	0
 1143 008a 0D       		.uleb128 0xd
 1144 008b 15       		.uleb128 0x15
 1145 008c 01       		.byte	0x1
 1146 008d 27       		.uleb128 0x27
 1147 008e 19       		.uleb128 0x19
 1148 008f 01       		.uleb128 0x1
 1149 0090 13       		.uleb128 0x13
 1150 0091 00       		.byte	0
 1151 0092 00       		.byte	0
 1152 0093 0E       		.uleb128 0xe
 1153 0094 05       		.uleb128 0x5
 1154 0095 00       		.byte	0
 1155 0096 49       		.uleb128 0x49
 1156 0097 13       		.uleb128 0x13
 1157 0098 00       		.byte	0
 1158 0099 00       		.byte	0
 1159 009a 0F       		.uleb128 0xf
 1160 009b 15       		.uleb128 0x15
 1161 009c 01       		.byte	0x1
 1162 009d 27       		.uleb128 0x27
 1163 009e 19       		.uleb128 0x19
 1164 009f 49       		.uleb128 0x49
 1165 00a0 13       		.uleb128 0x13
 1166 00a1 01       		.uleb128 0x1
 1167 00a2 13       		.uleb128 0x13
 1168 00a3 00       		.byte	0
 1169 00a4 00       		.byte	0
 1170 00a5 10       		.uleb128 0x10
 1171 00a6 13       		.uleb128 0x13
 1172 00a7 01       		.byte	0x1
 1173 00a8 03       		.uleb128 0x3
 1174 00a9 0E       		.uleb128 0xe
 1175 00aa 0B       		.uleb128 0xb
 1176 00ab 0B       		.uleb128 0xb
 1177 00ac 3A       		.uleb128 0x3a
 1178 00ad 0B       		.uleb128 0xb
 1179 00ae 3B       		.uleb128 0x3b
 1180 00af 05       		.uleb128 0x5
 1181 00b0 01       		.uleb128 0x1
 1182 00b1 13       		.uleb128 0x13
 1183 00b2 00       		.byte	0
 1184 00b3 00       		.byte	0
 1185 00b4 11       		.uleb128 0x11
 1186 00b5 0D       		.uleb128 0xd
 1187 00b6 00       		.byte	0
 1188 00b7 03       		.uleb128 0x3
 1189 00b8 0E       		.uleb128 0xe
 1190 00b9 3A       		.uleb128 0x3a
 1191 00ba 0B       		.uleb128 0xb
 1192 00bb 3B       		.uleb128 0x3b
 1193 00bc 05       		.uleb128 0x5
 1194 00bd 49       		.uleb128 0x49
 1195 00be 13       		.uleb128 0x13
 1196 00bf 38       		.uleb128 0x38
 1197 00c0 0B       		.uleb128 0xb
ARM GAS  C:\Users\arnau\AppData\Local\Temp\cccsToCe.s 			page 22


 1198 00c1 00       		.byte	0
 1199 00c2 00       		.byte	0
 1200 00c3 12       		.uleb128 0x12
 1201 00c4 34       		.uleb128 0x34
 1202 00c5 00       		.byte	0
 1203 00c6 03       		.uleb128 0x3
 1204 00c7 0E       		.uleb128 0xe
 1205 00c8 3A       		.uleb128 0x3a
 1206 00c9 0B       		.uleb128 0xb
 1207 00ca 3B       		.uleb128 0x3b
 1208 00cb 0B       		.uleb128 0xb
 1209 00cc 49       		.uleb128 0x49
 1210 00cd 13       		.uleb128 0x13
 1211 00ce 3F       		.uleb128 0x3f
 1212 00cf 19       		.uleb128 0x19
 1213 00d0 3C       		.uleb128 0x3c
 1214 00d1 19       		.uleb128 0x19
 1215 00d2 00       		.byte	0
 1216 00d3 00       		.byte	0
 1217 00d4 13       		.uleb128 0x13
 1218 00d5 26       		.uleb128 0x26
 1219 00d6 00       		.byte	0
 1220 00d7 49       		.uleb128 0x49
 1221 00d8 13       		.uleb128 0x13
 1222 00d9 00       		.byte	0
 1223 00da 00       		.byte	0
 1224 00db 14       		.uleb128 0x14
 1225 00dc 34       		.uleb128 0x34
 1226 00dd 00       		.byte	0
 1227 00de 03       		.uleb128 0x3
 1228 00df 0E       		.uleb128 0xe
 1229 00e0 3A       		.uleb128 0x3a
 1230 00e1 0B       		.uleb128 0xb
 1231 00e2 3B       		.uleb128 0x3b
 1232 00e3 05       		.uleb128 0x5
 1233 00e4 49       		.uleb128 0x49
 1234 00e5 13       		.uleb128 0x13
 1235 00e6 3F       		.uleb128 0x3f
 1236 00e7 19       		.uleb128 0x19
 1237 00e8 3C       		.uleb128 0x3c
 1238 00e9 19       		.uleb128 0x19
 1239 00ea 00       		.byte	0
 1240 00eb 00       		.byte	0
 1241 00ec 00       		.byte	0
 1242              		.section	.debug_aranges,"",%progbits
 1243 0000 14000000 		.4byte	0x14
 1244 0004 0200     		.2byte	0x2
 1245 0006 00000000 		.4byte	.Ldebug_info0
 1246 000a 04       		.byte	0x4
 1247 000b 00       		.byte	0
 1248 000c 0000     		.2byte	0
 1249 000e 0000     		.2byte	0
 1250 0010 00000000 		.4byte	0
 1251 0014 00000000 		.4byte	0
 1252              		.section	.debug_line,"",%progbits
 1253              	.Ldebug_line0:
 1254 0000 01020000 		.section	.debug_str,"MS",%progbits,1
ARM GAS  C:\Users\arnau\AppData\Local\Temp\cccsToCe.s 			page 23


 1254      0200FB01 
 1254      00000201 
 1254      FB0E0D00 
 1254      01010101 
 1255              	.LASF56:
 1256 0000 70726F74 		.ascii	"protBusMasterMask\000"
 1256      4275734D 
 1256      61737465 
 1256      724D6173 
 1256      6B00
 1257              	.LASF149:
 1258 0012 72784275 		.ascii	"rxBufSize\000"
 1258      6653697A 
 1258      6500
 1259              	.LASF66:
 1260 001c 666C6173 		.ascii	"flashCtlMainWs3Freq\000"
 1260      6843746C 
 1260      4D61696E 
 1260      57733346 
 1260      72657100 
 1261              	.LASF88:
 1262 0030 6770696F 		.ascii	"gpioPrtCfgInOffset\000"
 1262      50727443 
 1262      6667496E 
 1262      4F666673 
 1262      657400
 1263              	.LASF106:
 1264 0043 6970634C 		.ascii	"ipcLockStatusOffset\000"
 1264      6F636B53 
 1264      74617475 
 1264      734F6666 
 1264      73657400 
 1265              	.LASF32:
 1266 0057 63727970 		.ascii	"cryptoVersion\000"
 1266      746F5665 
 1266      7273696F 
 1266      6E00
 1267              	.LASF50:
 1268 0065 70657269 		.ascii	"periClockNr\000"
 1268      436C6F63 
 1268      6B4E7200 
 1269              	.LASF28:
 1270 0071 70617373 		.ascii	"passBase\000"
 1270      42617365 
 1270      00
 1271              	.LASF41:
 1272 007a 63707573 		.ascii	"cpussIpcIrqNr\000"
 1272      73497063 
 1272      4972714E 
 1272      7200
 1273              	.LASF5:
 1274 0088 5F5F7569 		.ascii	"__uint8_t\000"
 1274      6E74385F 
 1274      7400
 1275              	.LASF127:
 1276 0092 736C6176 		.ascii	"slaveStatus\000"
 1276      65537461 
ARM GAS  C:\Users\arnau\AppData\Local\Temp\cccsToCe.s 			page 24


 1276      74757300 
 1277              	.LASF85:
 1278 009e 70657269 		.ascii	"periDiv24_5CtlOffset\000"
 1278      44697632 
 1278      345F3543 
 1278      746C4F66 
 1278      66736574 
 1279              	.LASF92:
 1280 00b3 63707573 		.ascii	"cpussCm4ClockCtlOffset\000"
 1280      73436D34 
 1280      436C6F63 
 1280      6B43746C 
 1280      4F666673 
 1281              	.LASF21:
 1282 00ca 63707573 		.ascii	"cpussBase\000"
 1282      73426173 
 1282      6500
 1283              	.LASF70:
 1284 00d4 64774368 		.ascii	"dwChCtlPrioPos\000"
 1284      43746C50 
 1284      72696F50 
 1284      6F7300
 1285              	.LASF14:
 1286 00e3 6C6F6E67 		.ascii	"long long unsigned int\000"
 1286      206C6F6E 
 1286      6720756E 
 1286      7369676E 
 1286      65642069 
 1287              	.LASF74:
 1288 00fa 70657269 		.ascii	"periTrCmdOffset\000"
 1288      5472436D 
 1288      644F6666 
 1288      73657400 
 1289              	.LASF144:
 1290 010a 72785269 		.ascii	"rxRingBuf\000"
 1290      6E674275 
 1290      6600
 1291              	.LASF98:
 1292 0114 63707573 		.ascii	"cpussSysTickCtlOffset\000"
 1292      73537973 
 1292      5469636B 
 1292      43746C4F 
 1292      66667365 
 1293              	.LASF120:
 1294 012a 6D617374 		.ascii	"masterStatus\000"
 1294      65725374 
 1294      61747573 
 1294      00
 1295              	.LASF157:
 1296 0137 49544D5F 		.ascii	"ITM_RxBuffer\000"
 1296      52784275 
 1296      66666572 
 1296      00
 1297              	.LASF59:
 1298 0144 666C6173 		.ascii	"flashPipeRequired\000"
 1298      68506970 
 1298      65526571 
ARM GAS  C:\Users\arnau\AppData\Local\Temp\cccsToCe.s 			page 25


 1298      75697265 
 1298      6400
 1299              	.LASF135:
 1300 0156 736C6176 		.ascii	"slaveRxBufferIdx\000"
 1300      65527842 
 1300      75666665 
 1300      72496478 
 1300      00
 1301              	.LASF140:
 1302 0167 63795F73 		.ascii	"cy_stc_scb_i2c_context\000"
 1302      74635F73 
 1302      63625F69 
 1302      32635F63 
 1302      6F6E7465 
 1303              	.LASF63:
 1304 017e 666C6173 		.ascii	"flashCtlMainWs0Freq\000"
 1304      6843746C 
 1304      4D61696E 
 1304      57733046 
 1304      72657100 
 1305              	.LASF16:
 1306 0192 696E7431 		.ascii	"int16_t\000"
 1306      365F7400 
 1307              	.LASF1:
 1308 019a 6C6F6E67 		.ascii	"long long int\000"
 1308      206C6F6E 
 1308      6720696E 
 1308      7400
 1309              	.LASF3:
 1310 01a8 7369676E 		.ascii	"signed char\000"
 1310      65642063 
 1310      68617200 
 1311              	.LASF79:
 1312 01b4 70657269 		.ascii	"periDivCmdTypeSelPos\000"
 1312      44697643 
 1312      6D645479 
 1312      70655365 
 1312      6C506F73 
 1313              	.LASF25:
 1314 01c9 70726F74 		.ascii	"protBase\000"
 1314      42617365 
 1314      00
 1315              	.LASF37:
 1316 01d2 69706356 		.ascii	"ipcVersion\000"
 1316      65727369 
 1316      6F6E00
 1317              	.LASF134:
 1318 01dd 736C6176 		.ascii	"slaveRxBufferSize\000"
 1318      65527842 
 1318      75666665 
 1318      7253697A 
 1318      6500
 1319              	.LASF99:
 1320 01ef 63707573 		.ascii	"cpussCm0NmiCtlOffset\000"
 1320      73436D30 
 1320      4E6D6943 
 1320      746C4F66 
ARM GAS  C:\Users\arnau\AppData\Local\Temp\cccsToCe.s 			page 26


 1320      66736574 
 1321              	.LASF47:
 1322 0204 73727373 		.ascii	"srssNumClkpath\000"
 1322      4E756D43 
 1322      6C6B7061 
 1322      746800
 1323              	.LASF26:
 1324 0213 6873696F 		.ascii	"hsiomBase\000"
 1324      6D426173 
 1324      6500
 1325              	.LASF119:
 1326 021d 73746174 		.ascii	"state\000"
 1326      6500
 1327              	.LASF115:
 1328 0223 63795F63 		.ascii	"cy_cb_scb_i2c_handle_events_t\000"
 1328      625F7363 
 1328      625F6932 
 1328      635F6861 
 1328      6E646C65 
 1329              	.LASF11:
 1330 0241 6C6F6E67 		.ascii	"long int\000"
 1330      20696E74 
 1330      00
 1331              	.LASF122:
 1332 024a 6D617374 		.ascii	"masterRdDir\000"
 1332      65725264 
 1332      44697200 
 1333              	.LASF113:
 1334 0256 43595F53 		.ascii	"CY_SCB_I2C_NAK\000"
 1334      43425F49 
 1334      32435F4E 
 1334      414B00
 1335              	.LASF158:
 1336 0265 44454255 		.ascii	"DEBUG_UART_context\000"
 1336      475F5541 
 1336      52545F63 
 1336      6F6E7465 
 1336      787400
 1337              	.LASF57:
 1338 0278 63727970 		.ascii	"cryptoMemSize\000"
 1338      746F4D65 
 1338      6D53697A 
 1338      6500
 1339              	.LASF23:
 1340 0286 70657269 		.ascii	"periBase\000"
 1340      42617365 
 1340      00
 1341              	.LASF55:
 1342 028f 73797350 		.ascii	"sysPmSimoPresent\000"
 1342      6D53696D 
 1342      6F507265 
 1342      73656E74 
 1342      00
 1343              	.LASF45:
 1344 02a0 63707573 		.ascii	"cpussFmIrq\000"
 1344      73466D49 
 1344      727100
ARM GAS  C:\Users\arnau\AppData\Local\Temp\cccsToCe.s 			page 27


 1345              	.LASF110:
 1346 02ab 646F7562 		.ascii	"double\000"
 1346      6C6500
 1347              	.LASF84:
 1348 02b2 70657269 		.ascii	"periDiv16_5CtlOffset\000"
 1348      44697631 
 1348      365F3543 
 1348      746C4F66 
 1348      66736574 
 1349              	.LASF48:
 1350 02c7 73727373 		.ascii	"srssNumPll\000"
 1350      4E756D50 
 1350      6C6C00
 1351              	.LASF82:
 1352 02d2 70657269 		.ascii	"periDiv8CtlOffset\000"
 1352      44697638 
 1352      43746C4F 
 1352      66667365 
 1352      7400
 1353              	.LASF89:
 1354 02e4 6770696F 		.ascii	"gpioPrtCfgOutOffset\000"
 1354      50727443 
 1354      66674F75 
 1354      744F6666 
 1354      73657400 
 1355              	.LASF137:
 1356 02f8 63624164 		.ascii	"cbAddr\000"
 1356      647200
 1357              	.LASF22:
 1358 02ff 666C6173 		.ascii	"flashcBase\000"
 1358      68634261 
 1358      736500
 1359              	.LASF12:
 1360 030a 5F5F7569 		.ascii	"__uint32_t\000"
 1360      6E743332 
 1360      5F7400
 1361              	.LASF52:
 1362 0315 70617373 		.ascii	"passSarChannels\000"
 1362      53617243 
 1362      68616E6E 
 1362      656C7300 
 1363              	.LASF6:
 1364 0325 5F5F696E 		.ascii	"__int16_t\000"
 1364      7431365F 
 1364      7400
 1365              	.LASF150:
 1366 032f 72784275 		.ascii	"rxBufIdx\000"
 1366      66496478 
 1366      00
 1367              	.LASF95:
 1368 0338 63707573 		.ascii	"cpussCm4PwrCtlOffset\000"
 1368      73436D34 
 1368      50777243 
 1368      746C4F66 
 1368      66736574 
 1369              	.LASF152:
 1370 034d 74784275 		.ascii	"txBufSize\000"
ARM GAS  C:\Users\arnau\AppData\Local\Temp\cccsToCe.s 			page 28


 1370      6653697A 
 1370      6500
 1371              	.LASF90:
 1372 0357 6770696F 		.ascii	"gpioPrtCfgSioOffset\000"
 1372      50727443 
 1372      66675369 
 1372      6F4F6666 
 1372      73657400 
 1373              	.LASF42:
 1374 036b 63707573 		.ascii	"cpussDwChNr\000"
 1374      73447743 
 1374      684E7200 
 1375              	.LASF0:
 1376 0377 756E7369 		.ascii	"unsigned int\000"
 1376      676E6564 
 1376      20696E74 
 1376      00
 1377              	.LASF131:
 1378 0384 736C6176 		.ascii	"slaveTxBufferIdx\000"
 1378      65547842 
 1378      75666665 
 1378      72496478 
 1378      00
 1379              	.LASF17:
 1380 0395 75696E74 		.ascii	"uint16_t\000"
 1380      31365F74 
 1380      00
 1381              	.LASF128:
 1382 039e 736C6176 		.ascii	"slaveRdBufEmpty\000"
 1382      65526442 
 1382      7566456D 
 1382      70747900 
 1383              	.LASF75:
 1384 03ae 70657269 		.ascii	"periTrCmdGrSelMsk\000"
 1384      5472436D 
 1384      64477253 
 1384      656C4D73 
 1384      6B00
 1385              	.LASF64:
 1386 03c0 666C6173 		.ascii	"flashCtlMainWs1Freq\000"
 1386      6843746C 
 1386      4D61696E 
 1386      57733146 
 1386      72657100 
 1387              	.LASF13:
 1388 03d4 6C6F6E67 		.ascii	"long unsigned int\000"
 1388      20756E73 
 1388      69676E65 
 1388      6420696E 
 1388      7400
 1389              	.LASF139:
 1390 03e6 63795F63 		.ascii	"cy_cb_scb_uart_handle_events_t\000"
 1390      625F7363 
 1390      625F7561 
 1390      72745F68 
 1390      616E646C 
 1391              	.LASF40:
ARM GAS  C:\Users\arnau\AppData\Local\Temp\cccsToCe.s 			page 29


 1392 0405 63707573 		.ascii	"cpussIpcNr\000"
 1392      73497063 
 1392      4E7200
 1393              	.LASF27:
 1394 0410 6770696F 		.ascii	"gpioBase\000"
 1394      42617365 
 1394      00
 1395              	.LASF65:
 1396 0419 666C6173 		.ascii	"flashCtlMainWs2Freq\000"
 1396      6843746C 
 1396      4D61696E 
 1396      57733246 
 1396      72657100 
 1397              	.LASF118:
 1398 042d 75736554 		.ascii	"useTxFifo\000"
 1398      78466966 
 1398      6F00
 1399              	.LASF76:
 1400 0437 70657269 		.ascii	"periTrGrOffset\000"
 1400      54724772 
 1400      4F666673 
 1400      657400
 1401              	.LASF103:
 1402 0446 63707573 		.ascii	"cpussRam1Ctl0\000"
 1402      7352616D 
 1402      3143746C 
 1402      3000
 1403              	.LASF136:
 1404 0454 63624576 		.ascii	"cbEvents\000"
 1404      656E7473 
 1404      00
 1405              	.LASF161:
 1406 045d 47656E65 		.ascii	"Generated_Source\\PSoC6\\pdl\\rtos\\FreeRTOS\\10.0."
 1406      72617465 
 1406      645F536F 
 1406      75726365 
 1406      5C50536F 
 1407 048b 315C536F 		.ascii	"1\\Source\\croutine.c\000"
 1407      75726365 
 1407      5C63726F 
 1407      7574696E 
 1407      652E6300 
 1408              	.LASF77:
 1409 049f 70657269 		.ascii	"periTrGrSize\000"
 1409      54724772 
 1409      53697A65 
 1409      00
 1410              	.LASF35:
 1411 04ac 6770696F 		.ascii	"gpioVersion\000"
 1411      56657273 
 1411      696F6E00 
 1412              	.LASF151:
 1413 04b8 74784275 		.ascii	"txBuf\000"
 1413      6600
 1414              	.LASF107:
 1415 04be 63795F73 		.ascii	"cy_stc_device_t\000"
 1415      74635F64 
ARM GAS  C:\Users\arnau\AppData\Local\Temp\cccsToCe.s 			page 30


 1415      65766963 
 1415      655F7400 
 1416              	.LASF53:
 1417 04ce 65704D6F 		.ascii	"epMonitorNr\000"
 1417      6E69746F 
 1417      724E7200 
 1418              	.LASF146:
 1419 04da 72785269 		.ascii	"rxRingBufHead\000"
 1419      6E674275 
 1419      66486561 
 1419      6400
 1420              	.LASF96:
 1421 04e8 63707573 		.ascii	"cpussTrimRamCtlOffset\000"
 1421      73547269 
 1421      6D52616D 
 1421      43746C4F 
 1421      66667365 
 1422              	.LASF133:
 1423 04fe 736C6176 		.ascii	"slaveRxBuffer\000"
 1423      65527842 
 1423      75666665 
 1423      7200
 1424              	.LASF91:
 1425 050c 63707573 		.ascii	"cpussCm0ClockCtlOffset\000"
 1425      73436D30 
 1425      436C6F63 
 1425      6B43746C 
 1425      4F666673 
 1426              	.LASF31:
 1427 0523 63707573 		.ascii	"cpussVersion\000"
 1427      73566572 
 1427      73696F6E 
 1427      00
 1428              	.LASF38:
 1429 0530 70657269 		.ascii	"periVersion\000"
 1429      56657273 
 1429      696F6E00 
 1430              	.LASF94:
 1431 053c 63707573 		.ascii	"cpussCm0StatusOffset\000"
 1431      73436D30 
 1431      53746174 
 1431      75734F66 
 1431      66736574 
 1432              	.LASF20:
 1433 0551 73697A65 		.ascii	"sizetype\000"
 1433      74797065 
 1433      00
 1434              	.LASF68:
 1435 055a 64774368 		.ascii	"dwChOffset\000"
 1435      4F666673 
 1435      657400
 1436              	.LASF125:
 1437 0565 6D617374 		.ascii	"masterBufferIdx\000"
 1437      65724275 
 1437      66666572 
 1437      49647800 
 1438              	.LASF43:
ARM GAS  C:\Users\arnau\AppData\Local\Temp\cccsToCe.s 			page 31


 1439 0575 63707573 		.ascii	"cpussFlashPaSize\000"
 1439      73466C61 
 1439      73685061 
 1439      53697A65 
 1439      00
 1440              	.LASF81:
 1441 0586 70657269 		.ascii	"periDivCmdPaTypeSelPos\000"
 1441      44697643 
 1441      6D645061 
 1441      54797065 
 1441      53656C50 
 1442              	.LASF104:
 1443 059d 63707573 		.ascii	"cpussRam2Ctl0\000"
 1443      7352616D 
 1443      3243746C 
 1443      3000
 1444              	.LASF72:
 1445 05ab 64775374 		.ascii	"dwStatusChIdxPos\000"
 1445      61747573 
 1445      43684964 
 1445      78506F73 
 1445      00
 1446              	.LASF54:
 1447 05bc 75646250 		.ascii	"udbPresent\000"
 1447      72657365 
 1447      6E7400
 1448              	.LASF143:
 1449 05c7 72785374 		.ascii	"rxStatus\000"
 1449      61747573 
 1449      00
 1450              	.LASF34:
 1451 05d0 666C6173 		.ascii	"flashcVersion\000"
 1451      68635665 
 1451      7273696F 
 1451      6E00
 1452              	.LASF30:
 1453 05de 63727970 		.ascii	"cryptoBase\000"
 1453      746F4261 
 1453      736500
 1454              	.LASF51:
 1455 05e9 736D6966 		.ascii	"smifDeviceNr\000"
 1455      44657669 
 1455      63654E72 
 1455      00
 1456              	.LASF160:
 1457 05f6 474E5520 		.ascii	"GNU C11 5.4.1 20160609 (release) [ARM/embedded-5-br"
 1457      43313120 
 1457      352E342E 
 1457      31203230 
 1457      31363036 
 1458 0629 616E6368 		.ascii	"anch revision 237715] -mcpu=cortex-m4 -mfloat-abi=s"
 1458      20726576 
 1458      6973696F 
 1458      6E203233 
 1458      37373135 
 1459 065c 6F667466 		.ascii	"oftfp -mfpu=fpv4-sp-d16 -mthumb -g -Og -ffunction-s"
 1459      70202D6D 
ARM GAS  C:\Users\arnau\AppData\Local\Temp\cccsToCe.s 			page 32


 1459      6670753D 
 1459      66707634 
 1459      2D73702D 
 1460 068f 65637469 		.ascii	"ections -ffat-lto-objects\000"
 1460      6F6E7320 
 1460      2D666661 
 1460      742D6C74 
 1460      6F2D6F62 
 1461              	.LASF109:
 1462 06a9 666C6F61 		.ascii	"float\000"
 1462      7400
 1463              	.LASF73:
 1464 06af 64775374 		.ascii	"dwStatusChIdxMsk\000"
 1464      61747573 
 1464      43684964 
 1464      784D736B 
 1464      00
 1465              	.LASF156:
 1466 06c0 63795F64 		.ascii	"cy_device\000"
 1466      65766963 
 1466      6500
 1467              	.LASF101:
 1468 06ca 63707573 		.ascii	"cpussRomCtl\000"
 1468      73526F6D 
 1468      43746C00 
 1469              	.LASF71:
 1470 06d6 64774368 		.ascii	"dwChCtlPreemptablePos\000"
 1470      43746C50 
 1470      7265656D 
 1470      70746162 
 1470      6C65506F 
 1471              	.LASF153:
 1472 06ec 74784C65 		.ascii	"txLeftToTransmit\000"
 1472      6674546F 
 1472      5472616E 
 1472      736D6974 
 1472      00
 1473              	.LASF159:
 1474 06fd 4932436D 		.ascii	"I2Cm_context\000"
 1474      5F636F6E 
 1474      74657874 
 1474      00
 1475              	.LASF24:
 1476 070a 75646242 		.ascii	"udbBase\000"
 1476      61736500 
 1477              	.LASF112:
 1478 0712 43595F53 		.ascii	"CY_SCB_I2C_ACK\000"
 1478      43425F49 
 1478      32435F41 
 1478      434B00
 1479              	.LASF111:
 1480 0721 5F426F6F 		.ascii	"_Bool\000"
 1480      6C00
 1481              	.LASF18:
 1482 0727 696E7433 		.ascii	"int32_t\000"
 1482      325F7400 
 1483              	.LASF4:
ARM GAS  C:\Users\arnau\AppData\Local\Temp\cccsToCe.s 			page 33


 1484 072f 756E7369 		.ascii	"unsigned char\000"
 1484      676E6564 
 1484      20636861 
 1484      7200
 1485              	.LASF67:
 1486 073d 666C6173 		.ascii	"flashCtlMainWs4Freq\000"
 1486      6843746C 
 1486      4D61696E 
 1486      57733446 
 1486      72657100 
 1487              	.LASF7:
 1488 0751 73686F72 		.ascii	"short int\000"
 1488      7420696E 
 1488      7400
 1489              	.LASF124:
 1490 075b 6D617374 		.ascii	"masterBufferSize\000"
 1490      65724275 
 1490      66666572 
 1490      53697A65 
 1490      00
 1491              	.LASF78:
 1492 076c 70657269 		.ascii	"periDivCmdDivSelMsk\000"
 1492      44697643 
 1492      6D644469 
 1492      7653656C 
 1492      4D736B00 
 1493              	.LASF121:
 1494 0780 6D617374 		.ascii	"masterPause\000"
 1494      65725061 
 1494      75736500 
 1495              	.LASF116:
 1496 078c 63795F63 		.ascii	"cy_cb_scb_i2c_handle_addr_t\000"
 1496      625F7363 
 1496      625F6932 
 1496      635F6861 
 1496      6E646C65 
 1497              	.LASF126:
 1498 07a8 6D617374 		.ascii	"masterNumBytes\000"
 1498      65724E75 
 1498      6D427974 
 1498      657300
 1499              	.LASF132:
 1500 07b7 736C6176 		.ascii	"slaveTxBufferCnt\000"
 1500      65547842 
 1500      75666665 
 1500      72436E74 
 1500      00
 1501              	.LASF62:
 1502 07c8 666C6173 		.ascii	"flashEraseDelay\000"
 1502      68457261 
 1502      73654465 
 1502      6C617900 
 1503              	.LASF19:
 1504 07d8 75696E74 		.ascii	"uint32_t\000"
 1504      33325F74 
 1504      00
 1505              	.LASF138:
ARM GAS  C:\Users\arnau\AppData\Local\Temp\cccsToCe.s 			page 34


 1506 07e1 63795F73 		.ascii	"cy_stc_scb_i2c_context_t\000"
 1506      74635F73 
 1506      63625F69 
 1506      32635F63 
 1506      6F6E7465 
 1507              	.LASF2:
 1508 07fa 6C6F6E67 		.ascii	"long double\000"
 1508      20646F75 
 1508      626C6500 
 1509              	.LASF108:
 1510 0806 63686172 		.ascii	"char\000"
 1510      00
 1511              	.LASF39:
 1512 080b 70726F74 		.ascii	"protVersion\000"
 1512      56657273 
 1512      696F6E00 
 1513              	.LASF102:
 1514 0817 63707573 		.ascii	"cpussRam0Ctl0\000"
 1514      7352616D 
 1514      3043746C 
 1514      3000
 1515              	.LASF8:
 1516 0825 5F5F7569 		.ascii	"__uint16_t\000"
 1516      6E743136 
 1516      5F7400
 1517              	.LASF83:
 1518 0830 70657269 		.ascii	"periDiv16CtlOffset\000"
 1518      44697631 
 1518      3643746C 
 1518      4F666673 
 1518      657400
 1519              	.LASF162:
 1520 0843 433A5C55 		.ascii	"C:\\Users\\arnau\\Documents\\Projet-final-pulse-oxi"
 1520      73657273 
 1520      5C61726E 
 1520      61755C44 
 1520      6F63756D 
 1521 0872 6D657465 		.ascii	"meter\\Communication BMI160\\MotionSensor.cydsn\000"
 1521      725C436F 
 1521      6D6D756E 
 1521      69636174 
 1521      696F6E20 
 1522              	.LASF10:
 1523 08a0 5F5F696E 		.ascii	"__int32_t\000"
 1523      7433325F 
 1523      7400
 1524              	.LASF123:
 1525 08aa 6D617374 		.ascii	"masterBuffer\000"
 1525      65724275 
 1525      66666572 
 1525      00
 1526              	.LASF36:
 1527 08b7 6873696F 		.ascii	"hsiomVersion\000"
 1527      6D566572 
 1527      73696F6E 
 1527      00
 1528              	.LASF61:
ARM GAS  C:\Users\arnau\AppData\Local\Temp\cccsToCe.s 			page 35


 1529 08c4 666C6173 		.ascii	"flashProgramDelay\000"
 1529      6850726F 
 1529      6772616D 
 1529      44656C61 
 1529      7900
 1530              	.LASF46:
 1531 08d6 63707573 		.ascii	"cpussNotConnectedIrq\000"
 1531      734E6F74 
 1531      436F6E6E 
 1531      65637465 
 1531      64497271 
 1532              	.LASF145:
 1533 08eb 72785269 		.ascii	"rxRingBufSize\000"
 1533      6E674275 
 1533      6653697A 
 1533      6500
 1534              	.LASF9:
 1535 08f9 73686F72 		.ascii	"short unsigned int\000"
 1535      7420756E 
 1535      7369676E 
 1535      65642069 
 1535      6E7400
 1536              	.LASF69:
 1537 090c 64774368 		.ascii	"dwChSize\000"
 1537      53697A65 
 1537      00
 1538              	.LASF105:
 1539 0915 69706353 		.ascii	"ipcStructSize\000"
 1539      74727563 
 1539      7453697A 
 1539      6500
 1540              	.LASF117:
 1541 0923 75736552 		.ascii	"useRxFifo\000"
 1541      78466966 
 1541      6F00
 1542              	.LASF44:
 1543 092d 63707573 		.ascii	"cpussIpc0Irq\000"
 1543      73497063 
 1543      30497271 
 1543      00
 1544              	.LASF87:
 1545 093a 6770696F 		.ascii	"gpioPrtCfgOffset\000"
 1545      50727443 
 1545      66674F66 
 1545      66736574 
 1545      00
 1546              	.LASF154:
 1547 094b 696E6974 		.ascii	"initKey\000"
 1547      4B657900 
 1548              	.LASF148:
 1549 0953 72784275 		.ascii	"rxBuf\000"
 1549      6600
 1550              	.LASF129:
 1551 0959 736C6176 		.ascii	"slaveTxBuffer\000"
 1551      65547842 
 1551      75666665 
 1551      7200
ARM GAS  C:\Users\arnau\AppData\Local\Temp\cccsToCe.s 			page 36


 1552              	.LASF130:
 1553 0967 736C6176 		.ascii	"slaveTxBufferSize\000"
 1553      65547842 
 1553      75666665 
 1553      7253697A 
 1553      6500
 1554              	.LASF155:
 1555 0979 63795F73 		.ascii	"cy_stc_scb_uart_context_t\000"
 1555      74635F73 
 1555      63625F75 
 1555      6172745F 
 1555      636F6E74 
 1556              	.LASF49:
 1557 0993 73727373 		.ascii	"srssNumHfroot\000"
 1557      4E756D48 
 1557      66726F6F 
 1557      7400
 1558              	.LASF114:
 1559 09a1 63795F65 		.ascii	"cy_en_scb_i2c_command_t\000"
 1559      6E5F7363 
 1559      625F6932 
 1559      635F636F 
 1559      6D6D616E 
 1560              	.LASF100:
 1561 09b9 63707573 		.ascii	"cpussCm4NmiCtlOffset\000"
 1561      73436D34 
 1561      4E6D6943 
 1561      746C4F66 
 1561      66736574 
 1562              	.LASF60:
 1563 09ce 666C6173 		.ascii	"flashWriteDelay\000"
 1563      68577269 
 1563      74654465 
 1563      6C617900 
 1564              	.LASF15:
 1565 09de 75696E74 		.ascii	"uint8_t\000"
 1565      385F7400 
 1566              	.LASF93:
 1567 09e6 63707573 		.ascii	"cpussCm4StatusOffset\000"
 1567      73436D34 
 1567      53746174 
 1567      75734F66 
 1567      66736574 
 1568              	.LASF86:
 1569 09fb 6770696F 		.ascii	"gpioPrtIntrCfgOffset\000"
 1569      50727449 
 1569      6E747243 
 1569      66674F66 
 1569      66736574 
 1570              	.LASF147:
 1571 0a10 72785269 		.ascii	"rxRingBufTail\000"
 1571      6E674275 
 1571      66546169 
 1571      6C00
 1572              	.LASF97:
 1573 0a1e 63707573 		.ascii	"cpussTrimRomCtlOffset\000"
 1573      73547269 
ARM GAS  C:\Users\arnau\AppData\Local\Temp\cccsToCe.s 			page 37


 1573      6D526F6D 
 1573      43746C4F 
 1573      66667365 
 1574              	.LASF142:
 1575 0a34 74785374 		.ascii	"txStatus\000"
 1575      61747573 
 1575      00
 1576              	.LASF33:
 1577 0a3d 64775665 		.ascii	"dwVersion\000"
 1577      7273696F 
 1577      6E00
 1578              	.LASF29:
 1579 0a47 69706342 		.ascii	"ipcBase\000"
 1579      61736500 
 1580              	.LASF80:
 1581 0a4f 70657269 		.ascii	"periDivCmdPaDivSelPos\000"
 1581      44697643 
 1581      6D645061 
 1581      44697653 
 1581      656C506F 
 1582              	.LASF141:
 1583 0a65 63795F73 		.ascii	"cy_stc_scb_uart_context\000"
 1583      74635F73 
 1583      63625F75 
 1583      6172745F 
 1583      636F6E74 
 1584              	.LASF58:
 1585 0a7d 666C6173 		.ascii	"flashRwwRequired\000"
 1585      68527777 
 1585      52657175 
 1585      69726564 
 1585      00
 1586              		.ident	"GCC: (GNU Tools for ARM Embedded Processors) 5.4.1 20160609 (release) [ARM/embedded-5-bran
