ARM GAS  C:\Users\Parsa\AppData\Local\Temp\cc6IJ1ar.s 			page 1


   1              		.syntax unified
   2              		.cpu cortex-m4
   3              		.eabi_attribute 27, 1
   4              		.fpu fpv4-sp-d16
   5              		.eabi_attribute 20, 1
   6              		.eabi_attribute 21, 1
   7              		.eabi_attribute 23, 3
   8              		.eabi_attribute 24, 1
   9              		.eabi_attribute 25, 1
  10              		.eabi_attribute 26, 1
  11              		.eabi_attribute 30, 1
  12              		.eabi_attribute 34, 1
  13              		.eabi_attribute 18, 4
  14              		.thumb
  15              		.syntax unified
  16              		.file	"uart_debug.c"
  17              		.text
  18              	.Ltext0:
  19              		.cfi_sections	.debug_frame
  20              		.section	.text.Task_Debug,"ax",%progbits
  21              		.align	2
  22              		.global	Task_Debug
  23              		.thumb
  24              		.thumb_func
  25              		.type	Task_Debug, %function
  26              	Task_Debug:
  27              	.LFB515:
  28              		.file 1 "uart_debug.c"
   1:uart_debug.c  **** /******************************************************************************
   2:uart_debug.c  **** * File Name: uart_debug.c
   3:uart_debug.c  **** *
   4:uart_debug.c  **** * Version: 1.0
   5:uart_debug.c  **** *
   6:uart_debug.c  **** * Description: This file contains the task that provides thread-safe debug
   7:uart_debug.c  **** *              message printing
   8:uart_debug.c  **** *
   9:uart_debug.c  **** * Related Document: CE222793_MotionSensor_RTOS.pdf
  10:uart_debug.c  **** *
  11:uart_debug.c  **** * Hardware Dependency: CY8CKIT-062-BLE PSoC 6 BLE Pioneer Kit
  12:uart_debug.c  **** *
  13:uart_debug.c  **** *******************************************************************************
  14:uart_debug.c  **** * Copyright (2018), Cypress Semiconductor Corporation. All rights reserved.
  15:uart_debug.c  **** *******************************************************************************
  16:uart_debug.c  **** * This software, including source code, documentation and related materials
  17:uart_debug.c  **** * (“Software”), is owned by Cypress Semiconductor Corporation or one of its
  18:uart_debug.c  **** * subsidiaries (“Cypress”) and is protected by and subject to worldwide patent
  19:uart_debug.c  **** * protection (United States and foreign), United States copyright laws and
  20:uart_debug.c  **** * international treaty provisions. Therefore, you may use this Software only
  21:uart_debug.c  **** * as provided in the license agreement accompanying the software package from
  22:uart_debug.c  **** * which you obtained this Software (“EULA”).
  23:uart_debug.c  **** *
  24:uart_debug.c  **** * If no EULA applies, Cypress hereby grants you a personal, nonexclusive,
  25:uart_debug.c  **** * non-transferable license to copy, modify, and compile the Software source
  26:uart_debug.c  **** * code solely for use in connection with Cypress’s integrated circuit products.
  27:uart_debug.c  **** * Any reproduction, modification, translation, compilation, or representation
  28:uart_debug.c  **** * of this Software except as specified above is prohibited without the express
  29:uart_debug.c  **** * written permission of Cypress.
ARM GAS  C:\Users\Parsa\AppData\Local\Temp\cc6IJ1ar.s 			page 2


  30:uart_debug.c  **** *
  31:uart_debug.c  **** * Disclaimer: THIS SOFTWARE IS PROVIDED AS-IS, WITH NO WARRANTY OF ANY KIND, 
  32:uart_debug.c  **** * EXPRESS OR IMPLIED, INCLUDING, BUT NOT LIMITED TO, NONINFRINGEMENT, IMPLIED 
  33:uart_debug.c  **** * WARRANTIES OF MERCHANTABILITY AND FITNESS FOR A PARTICULAR PURPOSE. Cypress 
  34:uart_debug.c  **** * reserves the right to make changes to the Software without notice. Cypress 
  35:uart_debug.c  **** * does not assume any liability arising out of the application or use of the 
  36:uart_debug.c  **** * Software or any product or circuit described in the Software. Cypress does 
  37:uart_debug.c  **** * not authorize its products for use in any products where a malfunction or 
  38:uart_debug.c  **** * failure of the Cypress product may reasonably be expected to result in 
  39:uart_debug.c  **** * significant property damage, injury or death (“High Risk Product”). By 
  40:uart_debug.c  **** * including Cypress’s product in a High Risk Product, the manufacturer of such 
  41:uart_debug.c  **** * system or application assumes all risk of such use and in doing so agrees to 
  42:uart_debug.c  **** * indemnify Cypress against all liability.
  43:uart_debug.c  **** *******************************************************************************/
  44:uart_debug.c  **** /******************************************************************************
  45:uart_debug.c  **** * See uart_debug.h header for options to enable or disable the debug message 
  46:uart_debug.c  **** * printing
  47:uart_debug.c  **** *******************************************************************************/
  48:uart_debug.c  **** 
  49:uart_debug.c  **** /* Header file includes */
  50:uart_debug.c  **** #include "uart_debug.h"
  51:uart_debug.c  **** 
  52:uart_debug.c  **** #if (UART_DEBUG_ENABLE)
  53:uart_debug.c  **** 
  54:uart_debug.c  **** /* Queue handle for debug message Queue */       
  55:uart_debug.c  **** QueueHandle_t debugMessageQ;
  56:uart_debug.c  **** 
  57:uart_debug.c  **** /*******************************************************************************
  58:uart_debug.c  **** * Function Name: void Task_Debug(void *pvParameters)
  59:uart_debug.c  **** ********************************************************************************
  60:uart_debug.c  **** * Summary:
  61:uart_debug.c  **** *  Task that prints a debug message via UART STDIO
  62:uart_debug.c  **** *
  63:uart_debug.c  **** * Parameters:
  64:uart_debug.c  **** *  void *pvParameters : Task parameter defined during task creation (unused)                       
  65:uart_debug.c  **** *
  66:uart_debug.c  **** * Return:
  67:uart_debug.c  **** *  void
  68:uart_debug.c  **** *
  69:uart_debug.c  **** *******************************************************************************/    
  70:uart_debug.c  **** void Task_Debug(void *pvParameters)
  71:uart_debug.c  **** {
  29              		.loc 1 71 0
  30              		.cfi_startproc
  31              		@ args = 0, pretend = 0, frame = 8
  32              		@ frame_needed = 0, uses_anonymous_args = 0
  33              	.LVL0:
  34 0000 00B5     		push	{lr}
  35              		.cfi_def_cfa_offset 4
  36              		.cfi_offset 14, -4
  37 0002 83B0     		sub	sp, sp, #12
  38              		.cfi_def_cfa_offset 16
  39              	.LVL1:
  40              	.L3:
  72:uart_debug.c  ****     /* Variable that stores the data to be printed */
  73:uart_debug.c  ****     debug_print_data_t dataToPrint;
  74:uart_debug.c  ****     
ARM GAS  C:\Users\Parsa\AppData\Local\Temp\cc6IJ1ar.s 			page 3


  75:uart_debug.c  ****    /* Variable used to store the return values of RTOS APIs */
  76:uart_debug.c  ****     BaseType_t rtosApiResult;
  77:uart_debug.c  ****     
  78:uart_debug.c  ****     /* Remove warning for unused parameter */
  79:uart_debug.c  ****     (void) pvParameters;
  80:uart_debug.c  ****     
  81:uart_debug.c  ****     /* Repeatedly running part of the task */    
  82:uart_debug.c  ****     for(;;)
  83:uart_debug.c  ****     {
  84:uart_debug.c  ****         /* Block until a message to printed has been received over 
  85:uart_debug.c  ****            debugMessageQ */
  86:uart_debug.c  ****         rtosApiResult = xQueueReceive(debugMessageQ, &dataToPrint,
  41              		.loc 1 86 0
  42 0004 4FF0FF32 		mov	r2, #-1
  43 0008 6946     		mov	r1, sp
  44 000a 094B     		ldr	r3, .L7
  45 000c 1868     		ldr	r0, [r3]
  46 000e FFF7FEFF 		bl	xQueueReceive
  47              	.LVL2:
  87:uart_debug.c  ****                                       portMAX_DELAY);
  88:uart_debug.c  ****         
  89:uart_debug.c  ****         /* Message has been received from debugMessageQ */
  90:uart_debug.c  ****         if(rtosApiResult == pdTRUE)
  48              		.loc 1 90 0
  49 0012 0128     		cmp	r0, #1
  50 0014 F6D1     		bne	.L3
  91:uart_debug.c  ****         {
  92:uart_debug.c  ****             /* If the error code is not 0, print message string along with the
  93:uart_debug.c  ****                error code (as 32-bit hexadecimal data) */
  94:uart_debug.c  ****             if(dataToPrint.errorCode != 0u)
  51              		.loc 1 94 0
  52 0016 019A     		ldr	r2, [sp, #4]
  53 0018 22B1     		cbz	r2, .L4
  95:uart_debug.c  ****             {
  96:uart_debug.c  ****                 DebugPrintf("%s %"PRIX32" \r\n", dataToPrint.stringPointer,
  54              		.loc 1 96 0
  55 001a 0099     		ldr	r1, [sp]
  56 001c 0548     		ldr	r0, .L7+4
  57              	.LVL3:
  58 001e FFF7FEFF 		bl	printf
  59              	.LVL4:
  60 0022 EFE7     		b	.L3
  61              	.LVL5:
  62              	.L4:
  97:uart_debug.c  ****                             dataToPrint.errorCode);
  98:uart_debug.c  ****             }
  99:uart_debug.c  ****             /* Otherwise, print the message string only */
 100:uart_debug.c  ****             else
 101:uart_debug.c  ****             {
 102:uart_debug.c  ****                 DebugPrintf("%s \r\n", dataToPrint.stringPointer);
  63              		.loc 1 102 0
  64 0024 0099     		ldr	r1, [sp]
  65 0026 0448     		ldr	r0, .L7+8
  66              	.LVL6:
  67 0028 FFF7FEFF 		bl	printf
  68              	.LVL7:
  69 002c EAE7     		b	.L3
ARM GAS  C:\Users\Parsa\AppData\Local\Temp\cc6IJ1ar.s 			page 4


  70              	.L8:
  71 002e 00BF     		.align	2
  72              	.L7:
  73 0030 00000000 		.word	debugMessageQ
  74 0034 00000000 		.word	.LC0
  75 0038 0C000000 		.word	.LC1
  76              		.cfi_endproc
  77              	.LFE515:
  78              		.size	Task_Debug, .-Task_Debug
  79              		.comm	debugMessageQ,4,4
  80              		.section	.rodata.str1.4,"aMS",%progbits,1
  81              		.align	2
  82              	.LC0:
  83 0000 25732025 		.ascii	"%s %lX \015\012\000"
  83      6C58200D 
  83      0A00
  84 000a 0000     		.space	2
  85              	.LC1:
  86 000c 2573200D 		.ascii	"%s \015\012\000"
  86      0A00
  87              		.text
  88              	.Letext0:
  89              		.file 2 "c:\\program files (x86)\\cypress\\psoc creator\\4.4\\psoc creator\\import\\gnu\\arm\\5.4.
  90              		.file 3 "c:\\program files (x86)\\cypress\\psoc creator\\4.4\\psoc creator\\import\\gnu\\arm\\5.4.
  91              		.file 4 "Generated_Source\\PSoC6\\pdl\\drivers/peripheral/device/cy_device.h"
  92              		.file 5 "Generated_Source\\PSoC6\\pdl\\drivers/peripheral/scb/cy_scb_i2c.h"
  93              		.file 6 "Generated_Source\\PSoC6\\pdl\\drivers/peripheral/scb/cy_scb_uart.h"
  94              		.file 7 "Generated_Source\\PSoC6\\pdl\\rtos/FreeRTOS/10.0.1/Source/portable/GCC/CM4F/portmacro.h"
  95              		.file 8 "Generated_Source\\PSoC6\\pdl\\rtos/FreeRTOS/10.0.1/Source/include/queue.h"
  96              		.file 9 "uart_debug.h"
  97              		.file 10 "Generated_Source\\PSoC6\\pdl\\cmsis/include/core_cm4.h"
  98              		.file 11 "Generated_Source\\PSoC6/DEBUG_UART.h"
  99              		.file 12 "Generated_Source\\PSoC6/I2Cm.h"
 100              		.file 13 "c:\\program files (x86)\\cypress\\psoc creator\\4.4\\psoc creator\\import\\gnu\\arm\\5.4
 101              		.section	.debug_info,"",%progbits
 102              	.Ldebug_info0:
 103 0000 D7080000 		.4byte	0x8d7
 104 0004 0400     		.2byte	0x4
 105 0006 00000000 		.4byte	.Ldebug_abbrev0
 106 000a 04       		.byte	0x4
 107 000b 01       		.uleb128 0x1
 108 000c 1C060000 		.4byte	.LASF171
 109 0010 0C       		.byte	0xc
 110 0011 6C020000 		.4byte	.LASF172
 111 0015 8F0A0000 		.4byte	.LASF173
 112 0019 00000000 		.4byte	.Ldebug_ranges0+0
 113 001d 00000000 		.4byte	0
 114 0021 00000000 		.4byte	.Ldebug_line0
 115 0025 02       		.uleb128 0x2
 116 0026 02       		.byte	0x2
 117 0027 05       		.byte	0x5
 118 0028 90070000 		.4byte	.LASF0
 119 002c 02       		.uleb128 0x2
 120 002d 01       		.byte	0x1
 121 002e 06       		.byte	0x6
 122 002f C9010000 		.4byte	.LASF1
 123 0033 03       		.uleb128 0x3
ARM GAS  C:\Users\Parsa\AppData\Local\Temp\cc6IJ1ar.s 			page 5


 124 0034 9B000000 		.4byte	.LASF3
 125 0038 02       		.byte	0x2
 126 0039 1D       		.byte	0x1d
 127 003a 3E000000 		.4byte	0x3e
 128 003e 02       		.uleb128 0x2
 129 003f 01       		.byte	0x1
 130 0040 08       		.byte	0x8
 131 0041 63070000 		.4byte	.LASF2
 132 0045 03       		.uleb128 0x3
 133 0046 5F030000 		.4byte	.LASF4
 134 004a 02       		.byte	0x2
 135 004b 29       		.byte	0x29
 136 004c 25000000 		.4byte	0x25
 137 0050 03       		.uleb128 0x3
 138 0051 86080000 		.4byte	.LASF5
 139 0055 02       		.byte	0x2
 140 0056 2B       		.byte	0x2b
 141 0057 5B000000 		.4byte	0x5b
 142 005b 02       		.uleb128 0x2
 143 005c 02       		.byte	0x2
 144 005d 07       		.byte	0x7
 145 005e FD080000 		.4byte	.LASF6
 146 0062 03       		.uleb128 0x3
 147 0063 A4080000 		.4byte	.LASF7
 148 0067 02       		.byte	0x2
 149 0068 3F       		.byte	0x3f
 150 0069 6D000000 		.4byte	0x6d
 151 006d 02       		.uleb128 0x2
 152 006e 04       		.byte	0x4
 153 006f 05       		.byte	0x5
 154 0070 63020000 		.4byte	.LASF8
 155 0074 03       		.uleb128 0x3
 156 0075 44030000 		.4byte	.LASF9
 157 0079 02       		.byte	0x2
 158 007a 41       		.byte	0x41
 159 007b 7F000000 		.4byte	0x7f
 160 007f 02       		.uleb128 0x2
 161 0080 04       		.byte	0x4
 162 0081 07       		.byte	0x7
 163 0082 0E040000 		.4byte	.LASF10
 164 0086 02       		.uleb128 0x2
 165 0087 08       		.byte	0x8
 166 0088 05       		.byte	0x5
 167 0089 BB010000 		.4byte	.LASF11
 168 008d 02       		.uleb128 0x2
 169 008e 08       		.byte	0x8
 170 008f 07       		.byte	0x7
 171 0090 F6000000 		.4byte	.LASF12
 172 0094 04       		.uleb128 0x4
 173 0095 04       		.byte	0x4
 174 0096 05       		.byte	0x5
 175 0097 696E7400 		.ascii	"int\000"
 176 009b 02       		.uleb128 0x2
 177 009c 04       		.byte	0x4
 178 009d 07       		.byte	0x7
 179 009e B1030000 		.4byte	.LASF13
 180 00a2 03       		.uleb128 0x3
ARM GAS  C:\Users\Parsa\AppData\Local\Temp\cc6IJ1ar.s 			page 6


 181 00a3 E2090000 		.4byte	.LASF14
 182 00a7 03       		.byte	0x3
 183 00a8 18       		.byte	0x18
 184 00a9 33000000 		.4byte	0x33
 185 00ad 03       		.uleb128 0x3
 186 00ae B3010000 		.4byte	.LASF15
 187 00b2 03       		.byte	0x3
 188 00b3 20       		.byte	0x20
 189 00b4 45000000 		.4byte	0x45
 190 00b8 03       		.uleb128 0x3
 191 00b9 CF030000 		.4byte	.LASF16
 192 00bd 03       		.byte	0x3
 193 00be 24       		.byte	0x24
 194 00bf 50000000 		.4byte	0x50
 195 00c3 03       		.uleb128 0x3
 196 00c4 5B070000 		.4byte	.LASF17
 197 00c8 03       		.byte	0x3
 198 00c9 2C       		.byte	0x2c
 199 00ca 62000000 		.4byte	0x62
 200 00ce 03       		.uleb128 0x3
 201 00cf 39080000 		.4byte	.LASF18
 202 00d3 03       		.byte	0x3
 203 00d4 30       		.byte	0x30
 204 00d5 74000000 		.4byte	0x74
 205 00d9 02       		.uleb128 0x2
 206 00da 04       		.byte	0x4
 207 00db 07       		.byte	0x7
 208 00dc 6E050000 		.4byte	.LASF19
 209 00e0 05       		.uleb128 0x5
 210 00e1 CE000000 		.4byte	0xce
 211 00e5 02       		.uleb128 0x2
 212 00e6 08       		.byte	0x8
 213 00e7 04       		.byte	0x4
 214 00e8 5B080000 		.4byte	.LASF20
 215 00ec 06       		.uleb128 0x6
 216 00ed B8       		.byte	0xb8
 217 00ee 04       		.byte	0x4
 218 00ef 34       		.byte	0x34
 219 00f0 FD040000 		.4byte	0x4fd
 220 00f4 07       		.uleb128 0x7
 221 00f5 DD000000 		.4byte	.LASF21
 222 00f9 04       		.byte	0x4
 223 00fa 37       		.byte	0x37
 224 00fb CE000000 		.4byte	0xce
 225 00ff 00       		.byte	0
 226 0100 07       		.uleb128 0x7
 227 0101 39030000 		.4byte	.LASF22
 228 0105 04       		.byte	0x4
 229 0106 38       		.byte	0x38
 230 0107 CE000000 		.4byte	0xce
 231 010b 04       		.byte	0x4
 232 010c 07       		.uleb128 0x7
 233 010d B5020000 		.4byte	.LASF23
 234 0111 04       		.byte	0x4
 235 0112 39       		.byte	0x39
 236 0113 CE000000 		.4byte	0xce
 237 0117 08       		.byte	0x8
ARM GAS  C:\Users\Parsa\AppData\Local\Temp\cc6IJ1ar.s 			page 7


 238 0118 07       		.uleb128 0x7
 239 0119 3E070000 		.4byte	.LASF24
 240 011d 04       		.byte	0x4
 241 011e 3A       		.byte	0x3a
 242 011f CE000000 		.4byte	0xce
 243 0123 0C       		.byte	0xc
 244 0124 07       		.uleb128 0x7
 245 0125 ED050000 		.4byte	.LASF25
 246 0129 04       		.byte	0x4
 247 012a 3B       		.byte	0x3b
 248 012b CE000000 		.4byte	0xce
 249 012f 10       		.byte	0x10
 250 0130 07       		.uleb128 0x7
 251 0131 31020000 		.4byte	.LASF26
 252 0135 04       		.byte	0x4
 253 0136 3C       		.byte	0x3c
 254 0137 CE000000 		.4byte	0xce
 255 013b 14       		.byte	0x14
 256 013c 07       		.uleb128 0x7
 257 013d 4C040000 		.4byte	.LASF27
 258 0141 04       		.byte	0x4
 259 0142 3D       		.byte	0x3d
 260 0143 CE000000 		.4byte	0xce
 261 0147 18       		.byte	0x18
 262 0148 07       		.uleb128 0x7
 263 0149 84000000 		.4byte	.LASF28
 264 014d 04       		.byte	0x4
 265 014e 3E       		.byte	0x3e
 266 014f CE000000 		.4byte	0xce
 267 0153 1C       		.byte	0x1c
 268 0154 07       		.uleb128 0x7
 269 0155 590A0000 		.4byte	.LASF29
 270 0159 04       		.byte	0x4
 271 015a 3F       		.byte	0x3f
 272 015b CE000000 		.4byte	0xce
 273 015f 20       		.byte	0x20
 274 0160 07       		.uleb128 0x7
 275 0161 04060000 		.4byte	.LASF30
 276 0165 04       		.byte	0x4
 277 0166 40       		.byte	0x40
 278 0167 CE000000 		.4byte	0xce
 279 016b 24       		.byte	0x24
 280 016c 07       		.uleb128 0x7
 281 016d 40050000 		.4byte	.LASF31
 282 0171 04       		.byte	0x4
 283 0172 43       		.byte	0x43
 284 0173 A2000000 		.4byte	0xa2
 285 0177 28       		.byte	0x28
 286 0178 07       		.uleb128 0x7
 287 0179 6A000000 		.4byte	.LASF32
 288 017d 04       		.byte	0x4
 289 017e 44       		.byte	0x44
 290 017f A2000000 		.4byte	0xa2
 291 0183 29       		.byte	0x29
 292 0184 07       		.uleb128 0x7
 293 0185 4F0A0000 		.4byte	.LASF33
 294 0189 04       		.byte	0x4
ARM GAS  C:\Users\Parsa\AppData\Local\Temp\cc6IJ1ar.s 			page 8


 295 018a 45       		.byte	0x45
 296 018b A2000000 		.4byte	0xa2
 297 018f 2A       		.byte	0x2a
 298 0190 07       		.uleb128 0x7
 299 0191 F6050000 		.4byte	.LASF34
 300 0195 04       		.byte	0x4
 301 0196 46       		.byte	0x46
 302 0197 A2000000 		.4byte	0xa2
 303 019b 2B       		.byte	0x2b
 304 019c 07       		.uleb128 0x7
 305 019d C9040000 		.4byte	.LASF35
 306 01a1 04       		.byte	0x4
 307 01a2 47       		.byte	0x47
 308 01a3 A2000000 		.4byte	0xa2
 309 01a7 2C       		.byte	0x2c
 310 01a8 07       		.uleb128 0x7
 311 01a9 BB080000 		.4byte	.LASF36
 312 01ad 04       		.byte	0x4
 313 01ae 48       		.byte	0x48
 314 01af A2000000 		.4byte	0xa2
 315 01b3 2D       		.byte	0x2d
 316 01b4 07       		.uleb128 0x7
 317 01b5 F0010000 		.4byte	.LASF37
 318 01b9 04       		.byte	0x4
 319 01ba 49       		.byte	0x49
 320 01bb A2000000 		.4byte	0xa2
 321 01bf 2E       		.byte	0x2e
 322 01c0 07       		.uleb128 0x7
 323 01c1 4D050000 		.4byte	.LASF38
 324 01c5 04       		.byte	0x4
 325 01c6 4A       		.byte	0x4a
 326 01c7 A2000000 		.4byte	0xa2
 327 01cb 2F       		.byte	0x2f
 328 01cc 07       		.uleb128 0x7
 329 01cd 6C080000 		.4byte	.LASF39
 330 01d1 04       		.byte	0x4
 331 01d2 4B       		.byte	0x4b
 332 01d3 A2000000 		.4byte	0xa2
 333 01d7 30       		.byte	0x30
 334 01d8 07       		.uleb128 0x7
 335 01d9 55040000 		.4byte	.LASF40
 336 01dd 04       		.byte	0x4
 337 01de 4E       		.byte	0x4e
 338 01df A2000000 		.4byte	0xa2
 339 01e3 31       		.byte	0x31
 340 01e4 07       		.uleb128 0x7
 341 01e5 8D000000 		.4byte	.LASF41
 342 01e9 04       		.byte	0x4
 343 01ea 4F       		.byte	0x4f
 344 01eb A2000000 		.4byte	0xa2
 345 01ef 32       		.byte	0x32
 346 01f0 07       		.uleb128 0x7
 347 01f1 A5030000 		.4byte	.LASF42
 348 01f5 04       		.byte	0x4
 349 01f6 50       		.byte	0x50
 350 01f7 A2000000 		.4byte	0xa2
 351 01fb 33       		.byte	0x33
ARM GAS  C:\Users\Parsa\AppData\Local\Temp\cc6IJ1ar.s 			page 9


 352 01fc 07       		.uleb128 0x7
 353 01fd 92050000 		.4byte	.LASF43
 354 0201 04       		.byte	0x4
 355 0202 51       		.byte	0x51
 356 0203 A2000000 		.4byte	0xa2
 357 0207 34       		.byte	0x34
 358 0208 07       		.uleb128 0x7
 359 0209 31090000 		.4byte	.LASF44
 360 020d 04       		.byte	0x4
 361 020e 52       		.byte	0x52
 362 020f AD000000 		.4byte	0xad
 363 0213 36       		.byte	0x36
 364 0214 07       		.uleb128 0x7
 365 0215 DA020000 		.4byte	.LASF45
 366 0219 04       		.byte	0x4
 367 021a 53       		.byte	0x53
 368 021b AD000000 		.4byte	0xad
 369 021f 38       		.byte	0x38
 370 0220 07       		.uleb128 0x7
 371 0221 DA080000 		.4byte	.LASF46
 372 0225 04       		.byte	0x4
 373 0226 54       		.byte	0x54
 374 0227 AD000000 		.4byte	0xad
 375 022b 3A       		.byte	0x3a
 376 022c 07       		.uleb128 0x7
 377 022d 22020000 		.4byte	.LASF47
 378 0231 04       		.byte	0x4
 379 0232 55       		.byte	0x55
 380 0233 A2000000 		.4byte	0xa2
 381 0237 3C       		.byte	0x3c
 382 0238 07       		.uleb128 0x7
 383 0239 01030000 		.4byte	.LASF48
 384 023d 04       		.byte	0x4
 385 023e 56       		.byte	0x56
 386 023f A2000000 		.4byte	0xa2
 387 0243 3D       		.byte	0x3d
 388 0244 07       		.uleb128 0x7
 389 0245 97090000 		.4byte	.LASF49
 390 0249 04       		.byte	0x4
 391 024a 57       		.byte	0x57
 392 024b A2000000 		.4byte	0xa2
 393 024f 3E       		.byte	0x3e
 394 0250 07       		.uleb128 0x7
 395 0251 78000000 		.4byte	.LASF50
 396 0255 04       		.byte	0x4
 397 0256 58       		.byte	0x58
 398 0257 A2000000 		.4byte	0xa2
 399 025b 3F       		.byte	0x3f
 400 025c 07       		.uleb128 0x7
 401 025d 0F060000 		.4byte	.LASF51
 402 0261 04       		.byte	0x4
 403 0262 59       		.byte	0x59
 404 0263 A2000000 		.4byte	0xa2
 405 0267 40       		.byte	0x40
 406 0268 07       		.uleb128 0x7
 407 0269 4F030000 		.4byte	.LASF52
 408 026d 04       		.byte	0x4
ARM GAS  C:\Users\Parsa\AppData\Local\Temp\cc6IJ1ar.s 			page 10


 409 026e 5A       		.byte	0x5a
 410 026f A2000000 		.4byte	0xa2
 411 0273 41       		.byte	0x41
 412 0274 07       		.uleb128 0x7
 413 0275 EB040000 		.4byte	.LASF53
 414 0279 04       		.byte	0x4
 415 027a 5B       		.byte	0x5b
 416 027b A2000000 		.4byte	0xa2
 417 027f 42       		.byte	0x42
 418 0280 07       		.uleb128 0x7
 419 0281 D9050000 		.4byte	.LASF54
 420 0285 04       		.byte	0x4
 421 0286 5C       		.byte	0x5c
 422 0287 A2000000 		.4byte	0xa2
 423 028b 43       		.byte	0x43
 424 028c 07       		.uleb128 0x7
 425 028d C9020000 		.4byte	.LASF55
 426 0291 04       		.byte	0x4
 427 0292 5D       		.byte	0x5d
 428 0293 A2000000 		.4byte	0xa2
 429 0297 44       		.byte	0x44
 430 0298 07       		.uleb128 0x7
 431 0299 07000000 		.4byte	.LASF56
 432 029d 04       		.byte	0x4
 433 029e 5E       		.byte	0x5e
 434 029f CE000000 		.4byte	0xce
 435 02a3 48       		.byte	0x48
 436 02a4 07       		.uleb128 0x7
 437 02a5 A7020000 		.4byte	.LASF57
 438 02a9 04       		.byte	0x4
 439 02aa 5F       		.byte	0x5f
 440 02ab CE000000 		.4byte	0xce
 441 02af 4C       		.byte	0x4c
 442 02b0 07       		.uleb128 0x7
 443 02b1 D90A0000 		.4byte	.LASF58
 444 02b5 04       		.byte	0x4
 445 02b6 60       		.byte	0x60
 446 02b7 A2000000 		.4byte	0xa2
 447 02bb 50       		.byte	0x50
 448 02bc 07       		.uleb128 0x7
 449 02bd 65010000 		.4byte	.LASF59
 450 02c1 04       		.byte	0x4
 451 02c2 61       		.byte	0x61
 452 02c3 A2000000 		.4byte	0xa2
 453 02c7 51       		.byte	0x51
 454 02c8 07       		.uleb128 0x7
 455 02c9 D2090000 		.4byte	.LASF60
 456 02cd 04       		.byte	0x4
 457 02ce 62       		.byte	0x62
 458 02cf A2000000 		.4byte	0xa2
 459 02d3 52       		.byte	0x52
 460 02d4 07       		.uleb128 0x7
 461 02d5 C8080000 		.4byte	.LASF61
 462 02d9 04       		.byte	0x4
 463 02da 63       		.byte	0x63
 464 02db A2000000 		.4byte	0xa2
 465 02df 53       		.byte	0x53
ARM GAS  C:\Users\Parsa\AppData\Local\Temp\cc6IJ1ar.s 			page 11


 466 02e0 07       		.uleb128 0x7
 467 02e1 29080000 		.4byte	.LASF62
 468 02e5 04       		.byte	0x4
 469 02e6 64       		.byte	0x64
 470 02e7 A2000000 		.4byte	0xa2
 471 02eb 54       		.byte	0x54
 472 02ec 07       		.uleb128 0x7
 473 02ed 9F010000 		.4byte	.LASF63
 474 02f1 04       		.byte	0x4
 475 02f2 65       		.byte	0x65
 476 02f3 A2000000 		.4byte	0xa2
 477 02f7 55       		.byte	0x55
 478 02f8 07       		.uleb128 0x7
 479 02f9 FA030000 		.4byte	.LASF64
 480 02fd 04       		.byte	0x4
 481 02fe 66       		.byte	0x66
 482 02ff A2000000 		.4byte	0xa2
 483 0303 56       		.byte	0x56
 484 0304 07       		.uleb128 0x7
 485 0305 BF070000 		.4byte	.LASF65
 486 0309 04       		.byte	0x4
 487 030a 67       		.byte	0x67
 488 030b A2000000 		.4byte	0xa2
 489 030f 57       		.byte	0x57
 490 0310 07       		.uleb128 0x7
 491 0311 2F000000 		.4byte	.LASF66
 492 0315 04       		.byte	0x4
 493 0316 68       		.byte	0x68
 494 0317 A2000000 		.4byte	0xa2
 495 031b 58       		.byte	0x58
 496 031c 07       		.uleb128 0x7
 497 031d 7C070000 		.4byte	.LASF67
 498 0321 04       		.byte	0x4
 499 0322 69       		.byte	0x69
 500 0323 A2000000 		.4byte	0xa2
 501 0327 59       		.byte	0x59
 502 0328 07       		.uleb128 0x7
 503 0329 77050000 		.4byte	.LASF68
 504 032d 04       		.byte	0x4
 505 032e 6E       		.byte	0x6e
 506 032f B8000000 		.4byte	0xb8
 507 0333 5A       		.byte	0x5a
 508 0334 07       		.uleb128 0x7
 509 0335 10090000 		.4byte	.LASF69
 510 0339 04       		.byte	0x4
 511 033a 6F       		.byte	0x6f
 512 033b B8000000 		.4byte	0xb8
 513 033f 5C       		.byte	0x5c
 514 0340 07       		.uleb128 0x7
 515 0341 E7000000 		.4byte	.LASF70
 516 0345 04       		.byte	0x4
 517 0346 70       		.byte	0x70
 518 0347 A2000000 		.4byte	0xa2
 519 034b 5E       		.byte	0x5e
 520 034c 07       		.uleb128 0x7
 521 034d FC060000 		.4byte	.LASF71
 522 0351 04       		.byte	0x4
ARM GAS  C:\Users\Parsa\AppData\Local\Temp\cc6IJ1ar.s 			page 12


 523 0352 71       		.byte	0x71
 524 0353 A2000000 		.4byte	0xa2
 525 0357 5F       		.byte	0x5f
 526 0358 07       		.uleb128 0x7
 527 0359 C8050000 		.4byte	.LASF72
 528 035d 04       		.byte	0x4
 529 035e 72       		.byte	0x72
 530 035f A2000000 		.4byte	0xa2
 531 0363 60       		.byte	0x60
 532 0364 07       		.uleb128 0x7
 533 0365 D5060000 		.4byte	.LASF73
 534 0369 04       		.byte	0x4
 535 036a 73       		.byte	0x73
 536 036b CE000000 		.4byte	0xce
 537 036f 64       		.byte	0x64
 538 0370 07       		.uleb128 0x7
 539 0371 0D010000 		.4byte	.LASF74
 540 0375 04       		.byte	0x4
 541 0376 76       		.byte	0x76
 542 0377 B8000000 		.4byte	0xb8
 543 037b 68       		.byte	0x68
 544 037c 07       		.uleb128 0x7
 545 037d E8030000 		.4byte	.LASF75
 546 0381 04       		.byte	0x4
 547 0382 77       		.byte	0x77
 548 0383 B8000000 		.4byte	0xb8
 549 0387 6A       		.byte	0x6a
 550 0388 07       		.uleb128 0x7
 551 0389 6A040000 		.4byte	.LASF76
 552 038d 04       		.byte	0x4
 553 038e 78       		.byte	0x78
 554 038f B8000000 		.4byte	0xb8
 555 0393 6C       		.byte	0x6c
 556 0394 07       		.uleb128 0x7
 557 0395 BC040000 		.4byte	.LASF77
 558 0399 04       		.byte	0x4
 559 039a 79       		.byte	0x79
 560 039b B8000000 		.4byte	0xb8
 561 039f 6E       		.byte	0x6e
 562 03a0 07       		.uleb128 0x7
 563 03a1 AB070000 		.4byte	.LASF78
 564 03a5 04       		.byte	0x4
 565 03a6 7B       		.byte	0x7b
 566 03a7 A2000000 		.4byte	0xa2
 567 03ab 70       		.byte	0x70
 568 03ac 07       		.uleb128 0x7
 569 03ad D5010000 		.4byte	.LASF79
 570 03b1 04       		.byte	0x4
 571 03b2 7C       		.byte	0x7c
 572 03b3 A2000000 		.4byte	0xa2
 573 03b7 71       		.byte	0x71
 574 03b8 07       		.uleb128 0x7
 575 03b9 610A0000 		.4byte	.LASF80
 576 03bd 04       		.byte	0x4
 577 03be 7D       		.byte	0x7d
 578 03bf A2000000 		.4byte	0xa2
 579 03c3 72       		.byte	0x72
ARM GAS  C:\Users\Parsa\AppData\Local\Temp\cc6IJ1ar.s 			page 13


 580 03c4 07       		.uleb128 0x7
 581 03c5 A3050000 		.4byte	.LASF81
 582 03c9 04       		.byte	0x4
 583 03ca 7E       		.byte	0x7e
 584 03cb A2000000 		.4byte	0xa2
 585 03cf 73       		.byte	0x73
 586 03d0 07       		.uleb128 0x7
 587 03d1 0C030000 		.4byte	.LASF82
 588 03d5 04       		.byte	0x4
 589 03d6 80       		.byte	0x80
 590 03d7 B8000000 		.4byte	0xb8
 591 03db 74       		.byte	0x74
 592 03dc 07       		.uleb128 0x7
 593 03dd 91080000 		.4byte	.LASF83
 594 03e1 04       		.byte	0x4
 595 03e2 81       		.byte	0x81
 596 03e3 B8000000 		.4byte	0xb8
 597 03e7 76       		.byte	0x76
 598 03e8 07       		.uleb128 0x7
 599 03e9 EC020000 		.4byte	.LASF84
 600 03ed 04       		.byte	0x4
 601 03ee 82       		.byte	0x82
 602 03ef B8000000 		.4byte	0xb8
 603 03f3 78       		.byte	0x78
 604 03f4 07       		.uleb128 0x7
 605 03f5 B1000000 		.4byte	.LASF85
 606 03f9 04       		.byte	0x4
 607 03fa 83       		.byte	0x83
 608 03fb B8000000 		.4byte	0xb8
 609 03ff 7A       		.byte	0x7a
 610 0400 07       		.uleb128 0x7
 611 0401 FF090000 		.4byte	.LASF86
 612 0405 04       		.byte	0x4
 613 0406 86       		.byte	0x86
 614 0407 A2000000 		.4byte	0xa2
 615 040b 7C       		.byte	0x7c
 616 040c 07       		.uleb128 0x7
 617 040d 3E090000 		.4byte	.LASF87
 618 0411 04       		.byte	0x4
 619 0412 87       		.byte	0x87
 620 0413 A2000000 		.4byte	0xa2
 621 0417 7D       		.byte	0x7d
 622 0418 07       		.uleb128 0x7
 623 0419 43000000 		.4byte	.LASF88
 624 041d 04       		.byte	0x4
 625 041e 88       		.byte	0x88
 626 041f A2000000 		.4byte	0xa2
 627 0423 7E       		.byte	0x7e
 628 0424 07       		.uleb128 0x7
 629 0425 1E030000 		.4byte	.LASF89
 630 0429 04       		.byte	0x4
 631 042a 89       		.byte	0x89
 632 042b A2000000 		.4byte	0xa2
 633 042f 7F       		.byte	0x7f
 634 0430 07       		.uleb128 0x7
 635 0431 91030000 		.4byte	.LASF90
 636 0435 04       		.byte	0x4
ARM GAS  C:\Users\Parsa\AppData\Local\Temp\cc6IJ1ar.s 			page 14


 637 0436 8A       		.byte	0x8a
 638 0437 A2000000 		.4byte	0xa2
 639 043b 80       		.byte	0x80
 640 043c 07       		.uleb128 0x7
 641 043d 29050000 		.4byte	.LASF91
 642 0441 04       		.byte	0x4
 643 0442 8D       		.byte	0x8d
 644 0443 CE000000 		.4byte	0xce
 645 0447 84       		.byte	0x84
 646 0448 07       		.uleb128 0x7
 647 0449 C6000000 		.4byte	.LASF92
 648 044d 04       		.byte	0x4
 649 044e 8E       		.byte	0x8e
 650 044f CE000000 		.4byte	0xce
 651 0453 88       		.byte	0x88
 652 0454 07       		.uleb128 0x7
 653 0455 EA090000 		.4byte	.LASF93
 654 0459 04       		.byte	0x4
 655 045a 8F       		.byte	0x8f
 656 045b CE000000 		.4byte	0xce
 657 045f 8C       		.byte	0x8c
 658 0460 07       		.uleb128 0x7
 659 0461 59050000 		.4byte	.LASF94
 660 0465 04       		.byte	0x4
 661 0466 90       		.byte	0x90
 662 0467 CE000000 		.4byte	0xce
 663 046b 90       		.byte	0x90
 664 046c 07       		.uleb128 0x7
 665 046d 72030000 		.4byte	.LASF95
 666 0471 04       		.byte	0x4
 667 0472 91       		.byte	0x91
 668 0473 CE000000 		.4byte	0xce
 669 0477 94       		.byte	0x94
 670 0478 07       		.uleb128 0x7
 671 0479 05050000 		.4byte	.LASF96
 672 047d 04       		.byte	0x4
 673 047e 92       		.byte	0x92
 674 047f CE000000 		.4byte	0xce
 675 0483 98       		.byte	0x98
 676 0484 07       		.uleb128 0x7
 677 0485 300A0000 		.4byte	.LASF97
 678 0489 04       		.byte	0x4
 679 048a 93       		.byte	0x93
 680 048b CE000000 		.4byte	0xce
 681 048f 9C       		.byte	0x9c
 682 0490 07       		.uleb128 0x7
 683 0491 27010000 		.4byte	.LASF98
 684 0495 04       		.byte	0x4
 685 0496 94       		.byte	0x94
 686 0497 CE000000 		.4byte	0xce
 687 049b A0       		.byte	0xa0
 688 049c 07       		.uleb128 0x7
 689 049d 0D020000 		.4byte	.LASF99
 690 04a1 04       		.byte	0x4
 691 04a2 95       		.byte	0x95
 692 04a3 B8000000 		.4byte	0xb8
 693 04a7 A4       		.byte	0xa4
ARM GAS  C:\Users\Parsa\AppData\Local\Temp\cc6IJ1ar.s 			page 15


 694 04a8 07       		.uleb128 0x7
 695 04a9 BD090000 		.4byte	.LASF100
 696 04ad 04       		.byte	0x4
 697 04ae 96       		.byte	0x96
 698 04af B8000000 		.4byte	0xb8
 699 04b3 A6       		.byte	0xa6
 700 04b4 07       		.uleb128 0x7
 701 04b5 F0060000 		.4byte	.LASF101
 702 04b9 04       		.byte	0x4
 703 04ba 97       		.byte	0x97
 704 04bb B8000000 		.4byte	0xb8
 705 04bf A8       		.byte	0xa8
 706 04c0 07       		.uleb128 0x7
 707 04c1 78080000 		.4byte	.LASF102
 708 04c5 04       		.byte	0x4
 709 04c6 98       		.byte	0x98
 710 04c7 B8000000 		.4byte	0xb8
 711 04cb AA       		.byte	0xaa
 712 04cc 07       		.uleb128 0x7
 713 04cd 79040000 		.4byte	.LASF103
 714 04d1 04       		.byte	0x4
 715 04d2 99       		.byte	0x99
 716 04d3 B8000000 		.4byte	0xb8
 717 04d7 AC       		.byte	0xac
 718 04d8 07       		.uleb128 0x7
 719 04d9 BA050000 		.4byte	.LASF104
 720 04dd 04       		.byte	0x4
 721 04de 9A       		.byte	0x9a
 722 04df B8000000 		.4byte	0xb8
 723 04e3 AE       		.byte	0xae
 724 04e4 07       		.uleb128 0x7
 725 04e5 19090000 		.4byte	.LASF105
 726 04e9 04       		.byte	0x4
 727 04ea 9D       		.byte	0x9d
 728 04eb B8000000 		.4byte	0xb8
 729 04ef B0       		.byte	0xb0
 730 04f0 07       		.uleb128 0x7
 731 04f1 56000000 		.4byte	.LASF106
 732 04f5 04       		.byte	0x4
 733 04f6 9E       		.byte	0x9e
 734 04f7 CE000000 		.4byte	0xce
 735 04fb B4       		.byte	0xb4
 736 04fc 00       		.byte	0
 737 04fd 03       		.uleb128 0x3
 738 04fe DB040000 		.4byte	.LASF107
 739 0502 04       		.byte	0x4
 740 0503 9F       		.byte	0x9f
 741 0504 EC000000 		.4byte	0xec
 742 0508 02       		.uleb128 0x2
 743 0509 01       		.byte	0x1
 744 050a 08       		.byte	0x8
 745 050b 67080000 		.4byte	.LASF108
 746 050f 02       		.uleb128 0x2
 747 0510 04       		.byte	0x4
 748 0511 04       		.byte	0x4
 749 0512 CF060000 		.4byte	.LASF109
 750 0516 02       		.uleb128 0x2
ARM GAS  C:\Users\Parsa\AppData\Local\Temp\cc6IJ1ar.s 			page 16


 751 0517 08       		.byte	0x8
 752 0518 04       		.byte	0x4
 753 0519 E5020000 		.4byte	.LASF110
 754 051d 08       		.uleb128 0x8
 755 051e 04       		.byte	0x4
 756 051f 02       		.uleb128 0x2
 757 0520 01       		.byte	0x1
 758 0521 02       		.byte	0x2
 759 0522 55070000 		.4byte	.LASF111
 760 0526 09       		.uleb128 0x9
 761 0527 01       		.byte	0x1
 762 0528 3E000000 		.4byte	0x3e
 763 052c 05       		.byte	0x5
 764 052d 2402     		.2byte	0x224
 765 052f 40050000 		.4byte	0x540
 766 0533 0A       		.uleb128 0xa
 767 0534 46070000 		.4byte	.LASF112
 768 0538 00       		.byte	0
 769 0539 0A       		.uleb128 0xa
 770 053a 85020000 		.4byte	.LASF113
 771 053e 01       		.byte	0x1
 772 053f 00       		.byte	0
 773 0540 0B       		.uleb128 0xb
 774 0541 A5090000 		.4byte	.LASF114
 775 0545 05       		.byte	0x5
 776 0546 2702     		.2byte	0x227
 777 0548 26050000 		.4byte	0x526
 778 054c 0B       		.uleb128 0xb
 779 054d 45020000 		.4byte	.LASF115
 780 0551 05       		.byte	0x5
 781 0552 3902     		.2byte	0x239
 782 0554 58050000 		.4byte	0x558
 783 0558 0C       		.uleb128 0xc
 784 0559 04       		.byte	0x4
 785 055a 5E050000 		.4byte	0x55e
 786 055e 0D       		.uleb128 0xd
 787 055f 69050000 		.4byte	0x569
 788 0563 0E       		.uleb128 0xe
 789 0564 CE000000 		.4byte	0xce
 790 0568 00       		.byte	0
 791 0569 0B       		.uleb128 0xb
 792 056a ED070000 		.4byte	.LASF116
 793 056e 05       		.byte	0x5
 794 056f 4402     		.2byte	0x244
 795 0571 75050000 		.4byte	0x575
 796 0575 0C       		.uleb128 0xc
 797 0576 04       		.byte	0x4
 798 0577 7B050000 		.4byte	0x57b
 799 057b 0F       		.uleb128 0xf
 800 057c 40050000 		.4byte	0x540
 801 0580 8A050000 		.4byte	0x58a
 802 0584 0E       		.uleb128 0xe
 803 0585 CE000000 		.4byte	0xce
 804 0589 00       		.byte	0
 805 058a 10       		.uleb128 0x10
 806 058b 88010000 		.4byte	.LASF140
 807 058f 4C       		.byte	0x4c
ARM GAS  C:\Users\Parsa\AppData\Local\Temp\cc6IJ1ar.s 			page 17


 808 0590 05       		.byte	0x5
 809 0591 C302     		.2byte	0x2c3
 810 0593 A9060000 		.4byte	0x6a9
 811 0597 11       		.uleb128 0x11
 812 0598 27090000 		.4byte	.LASF117
 813 059c 05       		.byte	0x5
 814 059d C602     		.2byte	0x2c6
 815 059f 1F050000 		.4byte	0x51f
 816 05a3 00       		.byte	0
 817 05a4 11       		.uleb128 0x11
 818 05a5 60040000 		.4byte	.LASF118
 819 05a9 05       		.byte	0x5
 820 05aa C702     		.2byte	0x2c7
 821 05ac 1F050000 		.4byte	0x51f
 822 05b0 01       		.byte	0x1
 823 05b1 11       		.uleb128 0x11
 824 05b2 EA010000 		.4byte	.LASF119
 825 05b6 05       		.byte	0x5
 826 05b7 C902     		.2byte	0x2c9
 827 05b9 E0000000 		.4byte	0xe0
 828 05bd 04       		.byte	0x4
 829 05be 11       		.uleb128 0x11
 830 05bf 3D010000 		.4byte	.LASF120
 831 05c3 05       		.byte	0x5
 832 05c4 CB02     		.2byte	0x2cb
 833 05c6 E0000000 		.4byte	0xe0
 834 05ca 08       		.byte	0x8
 835 05cb 11       		.uleb128 0x11
 836 05cc D3070000 		.4byte	.LASF121
 837 05d0 05       		.byte	0x5
 838 05d1 CC02     		.2byte	0x2cc
 839 05d3 1F050000 		.4byte	0x51f
 840 05d7 0C       		.byte	0xc
 841 05d8 11       		.uleb128 0x11
 842 05d9 79020000 		.4byte	.LASF122
 843 05dd 05       		.byte	0x5
 844 05de CD02     		.2byte	0x2cd
 845 05e0 1F050000 		.4byte	0x51f
 846 05e4 0D       		.byte	0xd
 847 05e5 11       		.uleb128 0x11
 848 05e6 AE080000 		.4byte	.LASF123
 849 05ea 05       		.byte	0x5
 850 05eb CF02     		.2byte	0x2cf
 851 05ed A9060000 		.4byte	0x6a9
 852 05f1 10       		.byte	0x10
 853 05f2 11       		.uleb128 0x11
 854 05f3 9A070000 		.4byte	.LASF124
 855 05f7 05       		.byte	0x5
 856 05f8 D002     		.2byte	0x2d0
 857 05fa CE000000 		.4byte	0xce
 858 05fe 14       		.byte	0x14
 859 05ff 11       		.uleb128 0x11
 860 0600 82050000 		.4byte	.LASF125
 861 0604 05       		.byte	0x5
 862 0605 D102     		.2byte	0x2d1
 863 0607 E0000000 		.4byte	0xe0
 864 060b 18       		.byte	0x18
ARM GAS  C:\Users\Parsa\AppData\Local\Temp\cc6IJ1ar.s 			page 18


 865 060c 11       		.uleb128 0x11
 866 060d 09080000 		.4byte	.LASF126
 867 0611 05       		.byte	0x5
 868 0612 D202     		.2byte	0x2d2
 869 0614 E0000000 		.4byte	0xe0
 870 0618 1C       		.byte	0x1c
 871 0619 11       		.uleb128 0x11
 872 061a A5000000 		.4byte	.LASF127
 873 061e 05       		.byte	0x5
 874 061f D402     		.2byte	0x2d4
 875 0621 E0000000 		.4byte	0xe0
 876 0625 20       		.byte	0x20
 877 0626 11       		.uleb128 0x11
 878 0627 D8030000 		.4byte	.LASF128
 879 062b 05       		.byte	0x5
 880 062c D502     		.2byte	0x2d5
 881 062e AF060000 		.4byte	0x6af
 882 0632 24       		.byte	0x24
 883 0633 11       		.uleb128 0x11
 884 0634 5D090000 		.4byte	.LASF129
 885 0638 05       		.byte	0x5
 886 0639 D702     		.2byte	0x2d7
 887 063b A9060000 		.4byte	0x6a9
 888 063f 28       		.byte	0x28
 889 0640 11       		.uleb128 0x11
 890 0641 6B090000 		.4byte	.LASF130
 891 0645 05       		.byte	0x5
 892 0646 D802     		.2byte	0x2d8
 893 0648 CE000000 		.4byte	0xce
 894 064c 2C       		.byte	0x2c
 895 064d 11       		.uleb128 0x11
 896 064e BE030000 		.4byte	.LASF131
 897 0652 05       		.byte	0x5
 898 0653 D902     		.2byte	0x2d9
 899 0655 E0000000 		.4byte	0xe0
 900 0659 30       		.byte	0x30
 901 065a 11       		.uleb128 0x11
 902 065b 18080000 		.4byte	.LASF132
 903 065f 05       		.byte	0x5
 904 0660 DA02     		.2byte	0x2da
 905 0662 E0000000 		.4byte	0xe0
 906 0666 34       		.byte	0x34
 907 0667 11       		.uleb128 0x11
 908 0668 1B050000 		.4byte	.LASF133
 909 066c 05       		.byte	0x5
 910 066d DC02     		.2byte	0x2dc
 911 066f A9060000 		.4byte	0x6a9
 912 0673 38       		.byte	0x38
 913 0674 11       		.uleb128 0x11
 914 0675 FB010000 		.4byte	.LASF134
 915 0679 05       		.byte	0x5
 916 067a DD02     		.2byte	0x2dd
 917 067c CE000000 		.4byte	0xce
 918 0680 3C       		.byte	0x3c
 919 0681 11       		.uleb128 0x11
 920 0682 77010000 		.4byte	.LASF135
 921 0686 05       		.byte	0x5
ARM GAS  C:\Users\Parsa\AppData\Local\Temp\cc6IJ1ar.s 			page 19


 922 0687 DE02     		.2byte	0x2de
 923 0689 E0000000 		.4byte	0xe0
 924 068d 40       		.byte	0x40
 925 068e 11       		.uleb128 0x11
 926 068f A0040000 		.4byte	.LASF136
 927 0693 05       		.byte	0x5
 928 0694 E402     		.2byte	0x2e4
 929 0696 4C050000 		.4byte	0x54c
 930 069a 44       		.byte	0x44
 931 069b 11       		.uleb128 0x11
 932 069c 32030000 		.4byte	.LASF137
 933 06a0 05       		.byte	0x5
 934 06a1 EB02     		.2byte	0x2eb
 935 06a3 69050000 		.4byte	0x569
 936 06a7 48       		.byte	0x48
 937 06a8 00       		.byte	0
 938 06a9 0C       		.uleb128 0xc
 939 06aa 04       		.byte	0x4
 940 06ab A2000000 		.4byte	0xa2
 941 06af 05       		.uleb128 0x5
 942 06b0 1F050000 		.4byte	0x51f
 943 06b4 0B       		.uleb128 0xb
 944 06b5 42080000 		.4byte	.LASF138
 945 06b9 05       		.byte	0x5
 946 06ba EE02     		.2byte	0x2ee
 947 06bc 8A050000 		.4byte	0x58a
 948 06c0 0B       		.uleb128 0xb
 949 06c1 20040000 		.4byte	.LASF139
 950 06c5 06       		.byte	0x6
 951 06c6 D901     		.2byte	0x1d9
 952 06c8 58050000 		.4byte	0x558
 953 06cc 10       		.uleb128 0x10
 954 06cd 770A0000 		.4byte	.LASF141
 955 06d1 38       		.byte	0x38
 956 06d2 06       		.byte	0x6
 957 06d3 7502     		.2byte	0x275
 958 06d5 90070000 		.4byte	0x790
 959 06d9 11       		.uleb128 0x11
 960 06da 460A0000 		.4byte	.LASF142
 961 06de 06       		.byte	0x6
 962 06df 7802     		.2byte	0x278
 963 06e1 E0000000 		.4byte	0xe0
 964 06e5 00       		.byte	0
 965 06e6 11       		.uleb128 0x11
 966 06e7 E4050000 		.4byte	.LASF143
 967 06eb 06       		.byte	0x6
 968 06ec 7902     		.2byte	0x279
 969 06ee E0000000 		.4byte	0xe0
 970 06f2 04       		.byte	0x4
 971 06f3 11       		.uleb128 0x11
 972 06f4 1D010000 		.4byte	.LASF144
 973 06f8 06       		.byte	0x6
 974 06f9 7B02     		.2byte	0x27b
 975 06fb 1D050000 		.4byte	0x51d
 976 06ff 08       		.byte	0x8
 977 0700 11       		.uleb128 0x11
 978 0701 EF080000 		.4byte	.LASF145
ARM GAS  C:\Users\Parsa\AppData\Local\Temp\cc6IJ1ar.s 			page 20


 979 0705 06       		.byte	0x6
 980 0706 7C02     		.2byte	0x27c
 981 0708 CE000000 		.4byte	0xce
 982 070c 0C       		.byte	0xc
 983 070d 11       		.uleb128 0x11
 984 070e F7040000 		.4byte	.LASF146
 985 0712 06       		.byte	0x6
 986 0713 7D02     		.2byte	0x27d
 987 0715 E0000000 		.4byte	0xe0
 988 0719 10       		.byte	0x10
 989 071a 11       		.uleb128 0x11
 990 071b 220A0000 		.4byte	.LASF147
 991 071f 06       		.byte	0x6
 992 0720 7E02     		.2byte	0x27e
 993 0722 E0000000 		.4byte	0xe0
 994 0726 14       		.byte	0x14
 995 0727 11       		.uleb128 0x11
 996 0728 57090000 		.4byte	.LASF148
 997 072c 06       		.byte	0x6
 998 072d 8002     		.2byte	0x280
 999 072f 1D050000 		.4byte	0x51d
 1000 0733 18       		.byte	0x18
 1001 0734 11       		.uleb128 0x11
 1002 0735 25000000 		.4byte	.LASF149
 1003 0739 06       		.byte	0x6
 1004 073a 8102     		.2byte	0x281
 1005 073c CE000000 		.4byte	0xce
 1006 0740 1C       		.byte	0x1c
 1007 0741 11       		.uleb128 0x11
 1008 0742 69030000 		.4byte	.LASF150
 1009 0746 06       		.byte	0x6
 1010 0747 8202     		.2byte	0x282
 1011 0749 E0000000 		.4byte	0xe0
 1012 074d 20       		.byte	0x20
 1013 074e 11       		.uleb128 0x11
 1014 074f D5040000 		.4byte	.LASF151
 1015 0753 06       		.byte	0x6
 1016 0754 8402     		.2byte	0x284
 1017 0756 1D050000 		.4byte	0x51d
 1018 075a 24       		.byte	0x24
 1019 075b 11       		.uleb128 0x11
 1020 075c 87030000 		.4byte	.LASF152
 1021 0760 06       		.byte	0x6
 1022 0761 8502     		.2byte	0x285
 1023 0763 CE000000 		.4byte	0xce
 1024 0767 28       		.byte	0x28
 1025 0768 11       		.uleb128 0x11
 1026 0769 12070000 		.4byte	.LASF153
 1027 076d 06       		.byte	0x6
 1028 076e 8602     		.2byte	0x286
 1029 0770 E0000000 		.4byte	0xe0
 1030 0774 2C       		.byte	0x2c
 1031 0775 11       		.uleb128 0x11
 1032 0776 A0040000 		.4byte	.LASF136
 1033 077a 06       		.byte	0x6
 1034 077b 8B02     		.2byte	0x28b
 1035 077d C0060000 		.4byte	0x6c0
ARM GAS  C:\Users\Parsa\AppData\Local\Temp\cc6IJ1ar.s 			page 21


 1036 0781 30       		.byte	0x30
 1037 0782 11       		.uleb128 0x11
 1038 0783 4F090000 		.4byte	.LASF154
 1039 0787 06       		.byte	0x6
 1040 0788 8E02     		.2byte	0x28e
 1041 078a CE000000 		.4byte	0xce
 1042 078e 34       		.byte	0x34
 1043 078f 00       		.byte	0
 1044 0790 0B       		.uleb128 0xb
 1045 0791 7D090000 		.4byte	.LASF155
 1046 0795 06       		.byte	0x6
 1047 0796 9102     		.2byte	0x291
 1048 0798 CC060000 		.4byte	0x6cc
 1049 079c 0C       		.uleb128 0xc
 1050 079d 04       		.byte	0x4
 1051 079e 08050000 		.4byte	0x508
 1052 07a2 03       		.uleb128 0x3
 1053 07a3 95040000 		.4byte	.LASF156
 1054 07a7 07       		.byte	0x7
 1055 07a8 38       		.byte	0x38
 1056 07a9 6D000000 		.4byte	0x6d
 1057 07ad 03       		.uleb128 0x3
 1058 07ae BE020000 		.4byte	.LASF157
 1059 07b2 07       		.byte	0x7
 1060 07b3 3F       		.byte	0x3f
 1061 07b4 CE000000 		.4byte	0xce
 1062 07b8 03       		.uleb128 0x3
 1063 07b9 4A010000 		.4byte	.LASF158
 1064 07bd 08       		.byte	0x8
 1065 07be 2E       		.byte	0x2e
 1066 07bf 1D050000 		.4byte	0x51d
 1067 07c3 06       		.uleb128 0x6
 1068 07c4 08       		.byte	0x8
 1069 07c5 09       		.byte	0x9
 1070 07c6 77       		.byte	0x77
 1071 07c7 E4070000 		.4byte	0x7e4
 1072 07cb 07       		.uleb128 0x7
 1073 07cc 23070000 		.4byte	.LASF159
 1074 07d0 09       		.byte	0x9
 1075 07d1 79       		.byte	0x79
 1076 07d2 9C070000 		.4byte	0x79c
 1077 07d6 00       		.byte	0
 1078 07d7 07       		.uleb128 0x7
 1079 07d8 3B020000 		.4byte	.LASF160
 1080 07dc 09       		.byte	0x9
 1081 07dd 7A       		.byte	0x7a
 1082 07de CE000000 		.4byte	0xce
 1083 07e2 04       		.byte	0x4
 1084 07e3 00       		.byte	0
 1085 07e4 03       		.uleb128 0x3
 1086 07e5 A9040000 		.4byte	.LASF161
 1087 07e9 09       		.byte	0x9
 1088 07ea 7B       		.byte	0x7b
 1089 07eb C3070000 		.4byte	0x7c3
 1090 07ef 12       		.uleb128 0x12
 1091 07f0 71070000 		.4byte	.LASF174
 1092 07f4 01       		.byte	0x1
ARM GAS  C:\Users\Parsa\AppData\Local\Temp\cc6IJ1ar.s 			page 22


 1093 07f5 46       		.byte	0x46
 1094 07f6 00000000 		.4byte	.LFB515
 1095 07fa 3C000000 		.4byte	.LFE515-.LFB515
 1096 07fe 01       		.uleb128 0x1
 1097 07ff 9C       		.byte	0x9c
 1098 0800 75080000 		.4byte	0x875
 1099 0804 13       		.uleb128 0x13
 1100 0805 3F040000 		.4byte	.LASF175
 1101 0809 01       		.byte	0x1
 1102 080a 46       		.byte	0x46
 1103 080b 1D050000 		.4byte	0x51d
 1104 080f 00000000 		.4byte	.LLST0
 1105 0813 14       		.uleb128 0x14
 1106 0814 19000000 		.4byte	.LASF162
 1107 0818 01       		.byte	0x1
 1108 0819 49       		.byte	0x49
 1109 081a E4070000 		.4byte	0x7e4
 1110 081e 02       		.uleb128 0x2
 1111 081f 91       		.byte	0x91
 1112 0820 70       		.sleb128 -16
 1113 0821 15       		.uleb128 0x15
 1114 0822 140A0000 		.4byte	.LASF163
 1115 0826 01       		.byte	0x1
 1116 0827 4C       		.byte	0x4c
 1117 0828 A2070000 		.4byte	0x7a2
 1118 082c 21000000 		.4byte	.LLST1
 1119 0830 16       		.uleb128 0x16
 1120 0831 12000000 		.4byte	.LVL2
 1121 0835 C3080000 		.4byte	0x8c3
 1122 0839 4A080000 		.4byte	0x84a
 1123 083d 17       		.uleb128 0x17
 1124 083e 01       		.uleb128 0x1
 1125 083f 51       		.byte	0x51
 1126 0840 02       		.uleb128 0x2
 1127 0841 7D       		.byte	0x7d
 1128 0842 00       		.sleb128 0
 1129 0843 17       		.uleb128 0x17
 1130 0844 01       		.uleb128 0x1
 1131 0845 52       		.byte	0x52
 1132 0846 02       		.uleb128 0x2
 1133 0847 09       		.byte	0x9
 1134 0848 FF       		.byte	0xff
 1135 0849 00       		.byte	0
 1136 084a 16       		.uleb128 0x16
 1137 084b 22000000 		.4byte	.LVL4
 1138 084f CF080000 		.4byte	0x8cf
 1139 0853 61080000 		.4byte	0x861
 1140 0857 17       		.uleb128 0x17
 1141 0858 01       		.uleb128 0x1
 1142 0859 50       		.byte	0x50
 1143 085a 05       		.uleb128 0x5
 1144 085b 03       		.byte	0x3
 1145 085c 00000000 		.4byte	.LC0
 1146 0860 00       		.byte	0
 1147 0861 18       		.uleb128 0x18
 1148 0862 2C000000 		.4byte	.LVL7
 1149 0866 CF080000 		.4byte	0x8cf
ARM GAS  C:\Users\Parsa\AppData\Local\Temp\cc6IJ1ar.s 			page 23


 1150 086a 17       		.uleb128 0x17
 1151 086b 01       		.uleb128 0x1
 1152 086c 50       		.byte	0x50
 1153 086d 05       		.uleb128 0x5
 1154 086e 03       		.byte	0x3
 1155 086f 0C000000 		.4byte	.LC1
 1156 0873 00       		.byte	0
 1157 0874 00       		.byte	0
 1158 0875 19       		.uleb128 0x19
 1159 0876 58010000 		.4byte	.LASF164
 1160 087a 0A       		.byte	0xa
 1161 087b F907     		.2byte	0x7f9
 1162 087d 81080000 		.4byte	0x881
 1163 0881 05       		.uleb128 0x5
 1164 0882 C3000000 		.4byte	0xc3
 1165 0886 1A       		.uleb128 0x1a
 1166 0887 E6060000 		.4byte	.LASF165
 1167 088b 04       		.byte	0x4
 1168 088c A7       		.byte	0xa7
 1169 088d 91080000 		.4byte	0x891
 1170 0891 0C       		.uleb128 0xc
 1171 0892 04       		.byte	0x4
 1172 0893 97080000 		.4byte	0x897
 1173 0897 1B       		.uleb128 0x1b
 1174 0898 FD040000 		.4byte	0x4fd
 1175 089c 1A       		.uleb128 0x1a
 1176 089d 94020000 		.4byte	.LASF166
 1177 08a1 0B       		.byte	0xb
 1178 08a2 87       		.byte	0x87
 1179 08a3 90070000 		.4byte	0x790
 1180 08a7 1A       		.uleb128 0x1a
 1181 08a8 31070000 		.4byte	.LASF167
 1182 08ac 0C       		.byte	0xc
 1183 08ad 7F       		.byte	0x7f
 1184 08ae B4060000 		.4byte	0x6b4
 1185 08b2 1C       		.uleb128 0x1c
 1186 08b3 DF070000 		.4byte	.LASF168
 1187 08b7 01       		.byte	0x1
 1188 08b8 37       		.byte	0x37
 1189 08b9 B8070000 		.4byte	0x7b8
 1190 08bd 05       		.uleb128 0x5
 1191 08be 03       		.byte	0x3
 1192 08bf 00000000 		.4byte	debugMessageQ
 1193 08c3 1D       		.uleb128 0x1d
 1194 08c4 87040000 		.4byte	.LASF169
 1195 08c8 87040000 		.4byte	.LASF169
 1196 08cc 08       		.byte	0x8
 1197 08cd 6203     		.2byte	0x362
 1198 08cf 1E       		.uleb128 0x1e
 1199 08d0 00000000 		.4byte	.LASF170
 1200 08d4 00000000 		.4byte	.LASF170
 1201 08d8 0D       		.byte	0xd
 1202 08d9 BB       		.byte	0xbb
 1203 08da 00       		.byte	0
 1204              		.section	.debug_abbrev,"",%progbits
 1205              	.Ldebug_abbrev0:
 1206 0000 01       		.uleb128 0x1
ARM GAS  C:\Users\Parsa\AppData\Local\Temp\cc6IJ1ar.s 			page 24


 1207 0001 11       		.uleb128 0x11
 1208 0002 01       		.byte	0x1
 1209 0003 25       		.uleb128 0x25
 1210 0004 0E       		.uleb128 0xe
 1211 0005 13       		.uleb128 0x13
 1212 0006 0B       		.uleb128 0xb
 1213 0007 03       		.uleb128 0x3
 1214 0008 0E       		.uleb128 0xe
 1215 0009 1B       		.uleb128 0x1b
 1216 000a 0E       		.uleb128 0xe
 1217 000b 55       		.uleb128 0x55
 1218 000c 17       		.uleb128 0x17
 1219 000d 11       		.uleb128 0x11
 1220 000e 01       		.uleb128 0x1
 1221 000f 10       		.uleb128 0x10
 1222 0010 17       		.uleb128 0x17
 1223 0011 00       		.byte	0
 1224 0012 00       		.byte	0
 1225 0013 02       		.uleb128 0x2
 1226 0014 24       		.uleb128 0x24
 1227 0015 00       		.byte	0
 1228 0016 0B       		.uleb128 0xb
 1229 0017 0B       		.uleb128 0xb
 1230 0018 3E       		.uleb128 0x3e
 1231 0019 0B       		.uleb128 0xb
 1232 001a 03       		.uleb128 0x3
 1233 001b 0E       		.uleb128 0xe
 1234 001c 00       		.byte	0
 1235 001d 00       		.byte	0
 1236 001e 03       		.uleb128 0x3
 1237 001f 16       		.uleb128 0x16
 1238 0020 00       		.byte	0
 1239 0021 03       		.uleb128 0x3
 1240 0022 0E       		.uleb128 0xe
 1241 0023 3A       		.uleb128 0x3a
 1242 0024 0B       		.uleb128 0xb
 1243 0025 3B       		.uleb128 0x3b
 1244 0026 0B       		.uleb128 0xb
 1245 0027 49       		.uleb128 0x49
 1246 0028 13       		.uleb128 0x13
 1247 0029 00       		.byte	0
 1248 002a 00       		.byte	0
 1249 002b 04       		.uleb128 0x4
 1250 002c 24       		.uleb128 0x24
 1251 002d 00       		.byte	0
 1252 002e 0B       		.uleb128 0xb
 1253 002f 0B       		.uleb128 0xb
 1254 0030 3E       		.uleb128 0x3e
 1255 0031 0B       		.uleb128 0xb
 1256 0032 03       		.uleb128 0x3
 1257 0033 08       		.uleb128 0x8
 1258 0034 00       		.byte	0
 1259 0035 00       		.byte	0
 1260 0036 05       		.uleb128 0x5
 1261 0037 35       		.uleb128 0x35
 1262 0038 00       		.byte	0
 1263 0039 49       		.uleb128 0x49
ARM GAS  C:\Users\Parsa\AppData\Local\Temp\cc6IJ1ar.s 			page 25


 1264 003a 13       		.uleb128 0x13
 1265 003b 00       		.byte	0
 1266 003c 00       		.byte	0
 1267 003d 06       		.uleb128 0x6
 1268 003e 13       		.uleb128 0x13
 1269 003f 01       		.byte	0x1
 1270 0040 0B       		.uleb128 0xb
 1271 0041 0B       		.uleb128 0xb
 1272 0042 3A       		.uleb128 0x3a
 1273 0043 0B       		.uleb128 0xb
 1274 0044 3B       		.uleb128 0x3b
 1275 0045 0B       		.uleb128 0xb
 1276 0046 01       		.uleb128 0x1
 1277 0047 13       		.uleb128 0x13
 1278 0048 00       		.byte	0
 1279 0049 00       		.byte	0
 1280 004a 07       		.uleb128 0x7
 1281 004b 0D       		.uleb128 0xd
 1282 004c 00       		.byte	0
 1283 004d 03       		.uleb128 0x3
 1284 004e 0E       		.uleb128 0xe
 1285 004f 3A       		.uleb128 0x3a
 1286 0050 0B       		.uleb128 0xb
 1287 0051 3B       		.uleb128 0x3b
 1288 0052 0B       		.uleb128 0xb
 1289 0053 49       		.uleb128 0x49
 1290 0054 13       		.uleb128 0x13
 1291 0055 38       		.uleb128 0x38
 1292 0056 0B       		.uleb128 0xb
 1293 0057 00       		.byte	0
 1294 0058 00       		.byte	0
 1295 0059 08       		.uleb128 0x8
 1296 005a 0F       		.uleb128 0xf
 1297 005b 00       		.byte	0
 1298 005c 0B       		.uleb128 0xb
 1299 005d 0B       		.uleb128 0xb
 1300 005e 00       		.byte	0
 1301 005f 00       		.byte	0
 1302 0060 09       		.uleb128 0x9
 1303 0061 04       		.uleb128 0x4
 1304 0062 01       		.byte	0x1
 1305 0063 0B       		.uleb128 0xb
 1306 0064 0B       		.uleb128 0xb
 1307 0065 49       		.uleb128 0x49
 1308 0066 13       		.uleb128 0x13
 1309 0067 3A       		.uleb128 0x3a
 1310 0068 0B       		.uleb128 0xb
 1311 0069 3B       		.uleb128 0x3b
 1312 006a 05       		.uleb128 0x5
 1313 006b 01       		.uleb128 0x1
 1314 006c 13       		.uleb128 0x13
 1315 006d 00       		.byte	0
 1316 006e 00       		.byte	0
 1317 006f 0A       		.uleb128 0xa
 1318 0070 28       		.uleb128 0x28
 1319 0071 00       		.byte	0
 1320 0072 03       		.uleb128 0x3
ARM GAS  C:\Users\Parsa\AppData\Local\Temp\cc6IJ1ar.s 			page 26


 1321 0073 0E       		.uleb128 0xe
 1322 0074 1C       		.uleb128 0x1c
 1323 0075 0B       		.uleb128 0xb
 1324 0076 00       		.byte	0
 1325 0077 00       		.byte	0
 1326 0078 0B       		.uleb128 0xb
 1327 0079 16       		.uleb128 0x16
 1328 007a 00       		.byte	0
 1329 007b 03       		.uleb128 0x3
 1330 007c 0E       		.uleb128 0xe
 1331 007d 3A       		.uleb128 0x3a
 1332 007e 0B       		.uleb128 0xb
 1333 007f 3B       		.uleb128 0x3b
 1334 0080 05       		.uleb128 0x5
 1335 0081 49       		.uleb128 0x49
 1336 0082 13       		.uleb128 0x13
 1337 0083 00       		.byte	0
 1338 0084 00       		.byte	0
 1339 0085 0C       		.uleb128 0xc
 1340 0086 0F       		.uleb128 0xf
 1341 0087 00       		.byte	0
 1342 0088 0B       		.uleb128 0xb
 1343 0089 0B       		.uleb128 0xb
 1344 008a 49       		.uleb128 0x49
 1345 008b 13       		.uleb128 0x13
 1346 008c 00       		.byte	0
 1347 008d 00       		.byte	0
 1348 008e 0D       		.uleb128 0xd
 1349 008f 15       		.uleb128 0x15
 1350 0090 01       		.byte	0x1
 1351 0091 27       		.uleb128 0x27
 1352 0092 19       		.uleb128 0x19
 1353 0093 01       		.uleb128 0x1
 1354 0094 13       		.uleb128 0x13
 1355 0095 00       		.byte	0
 1356 0096 00       		.byte	0
 1357 0097 0E       		.uleb128 0xe
 1358 0098 05       		.uleb128 0x5
 1359 0099 00       		.byte	0
 1360 009a 49       		.uleb128 0x49
 1361 009b 13       		.uleb128 0x13
 1362 009c 00       		.byte	0
 1363 009d 00       		.byte	0
 1364 009e 0F       		.uleb128 0xf
 1365 009f 15       		.uleb128 0x15
 1366 00a0 01       		.byte	0x1
 1367 00a1 27       		.uleb128 0x27
 1368 00a2 19       		.uleb128 0x19
 1369 00a3 49       		.uleb128 0x49
 1370 00a4 13       		.uleb128 0x13
 1371 00a5 01       		.uleb128 0x1
 1372 00a6 13       		.uleb128 0x13
 1373 00a7 00       		.byte	0
 1374 00a8 00       		.byte	0
 1375 00a9 10       		.uleb128 0x10
 1376 00aa 13       		.uleb128 0x13
 1377 00ab 01       		.byte	0x1
ARM GAS  C:\Users\Parsa\AppData\Local\Temp\cc6IJ1ar.s 			page 27


 1378 00ac 03       		.uleb128 0x3
 1379 00ad 0E       		.uleb128 0xe
 1380 00ae 0B       		.uleb128 0xb
 1381 00af 0B       		.uleb128 0xb
 1382 00b0 3A       		.uleb128 0x3a
 1383 00b1 0B       		.uleb128 0xb
 1384 00b2 3B       		.uleb128 0x3b
 1385 00b3 05       		.uleb128 0x5
 1386 00b4 01       		.uleb128 0x1
 1387 00b5 13       		.uleb128 0x13
 1388 00b6 00       		.byte	0
 1389 00b7 00       		.byte	0
 1390 00b8 11       		.uleb128 0x11
 1391 00b9 0D       		.uleb128 0xd
 1392 00ba 00       		.byte	0
 1393 00bb 03       		.uleb128 0x3
 1394 00bc 0E       		.uleb128 0xe
 1395 00bd 3A       		.uleb128 0x3a
 1396 00be 0B       		.uleb128 0xb
 1397 00bf 3B       		.uleb128 0x3b
 1398 00c0 05       		.uleb128 0x5
 1399 00c1 49       		.uleb128 0x49
 1400 00c2 13       		.uleb128 0x13
 1401 00c3 38       		.uleb128 0x38
 1402 00c4 0B       		.uleb128 0xb
 1403 00c5 00       		.byte	0
 1404 00c6 00       		.byte	0
 1405 00c7 12       		.uleb128 0x12
 1406 00c8 2E       		.uleb128 0x2e
 1407 00c9 01       		.byte	0x1
 1408 00ca 3F       		.uleb128 0x3f
 1409 00cb 19       		.uleb128 0x19
 1410 00cc 03       		.uleb128 0x3
 1411 00cd 0E       		.uleb128 0xe
 1412 00ce 3A       		.uleb128 0x3a
 1413 00cf 0B       		.uleb128 0xb
 1414 00d0 3B       		.uleb128 0x3b
 1415 00d1 0B       		.uleb128 0xb
 1416 00d2 27       		.uleb128 0x27
 1417 00d3 19       		.uleb128 0x19
 1418 00d4 8701     		.uleb128 0x87
 1419 00d6 19       		.uleb128 0x19
 1420 00d7 11       		.uleb128 0x11
 1421 00d8 01       		.uleb128 0x1
 1422 00d9 12       		.uleb128 0x12
 1423 00da 06       		.uleb128 0x6
 1424 00db 40       		.uleb128 0x40
 1425 00dc 18       		.uleb128 0x18
 1426 00dd 9742     		.uleb128 0x2117
 1427 00df 19       		.uleb128 0x19
 1428 00e0 01       		.uleb128 0x1
 1429 00e1 13       		.uleb128 0x13
 1430 00e2 00       		.byte	0
 1431 00e3 00       		.byte	0
 1432 00e4 13       		.uleb128 0x13
 1433 00e5 05       		.uleb128 0x5
 1434 00e6 00       		.byte	0
ARM GAS  C:\Users\Parsa\AppData\Local\Temp\cc6IJ1ar.s 			page 28


 1435 00e7 03       		.uleb128 0x3
 1436 00e8 0E       		.uleb128 0xe
 1437 00e9 3A       		.uleb128 0x3a
 1438 00ea 0B       		.uleb128 0xb
 1439 00eb 3B       		.uleb128 0x3b
 1440 00ec 0B       		.uleb128 0xb
 1441 00ed 49       		.uleb128 0x49
 1442 00ee 13       		.uleb128 0x13
 1443 00ef 02       		.uleb128 0x2
 1444 00f0 17       		.uleb128 0x17
 1445 00f1 00       		.byte	0
 1446 00f2 00       		.byte	0
 1447 00f3 14       		.uleb128 0x14
 1448 00f4 34       		.uleb128 0x34
 1449 00f5 00       		.byte	0
 1450 00f6 03       		.uleb128 0x3
 1451 00f7 0E       		.uleb128 0xe
 1452 00f8 3A       		.uleb128 0x3a
 1453 00f9 0B       		.uleb128 0xb
 1454 00fa 3B       		.uleb128 0x3b
 1455 00fb 0B       		.uleb128 0xb
 1456 00fc 49       		.uleb128 0x49
 1457 00fd 13       		.uleb128 0x13
 1458 00fe 02       		.uleb128 0x2
 1459 00ff 18       		.uleb128 0x18
 1460 0100 00       		.byte	0
 1461 0101 00       		.byte	0
 1462 0102 15       		.uleb128 0x15
 1463 0103 34       		.uleb128 0x34
 1464 0104 00       		.byte	0
 1465 0105 03       		.uleb128 0x3
 1466 0106 0E       		.uleb128 0xe
 1467 0107 3A       		.uleb128 0x3a
 1468 0108 0B       		.uleb128 0xb
 1469 0109 3B       		.uleb128 0x3b
 1470 010a 0B       		.uleb128 0xb
 1471 010b 49       		.uleb128 0x49
 1472 010c 13       		.uleb128 0x13
 1473 010d 02       		.uleb128 0x2
 1474 010e 17       		.uleb128 0x17
 1475 010f 00       		.byte	0
 1476 0110 00       		.byte	0
 1477 0111 16       		.uleb128 0x16
 1478 0112 898201   		.uleb128 0x4109
 1479 0115 01       		.byte	0x1
 1480 0116 11       		.uleb128 0x11
 1481 0117 01       		.uleb128 0x1
 1482 0118 31       		.uleb128 0x31
 1483 0119 13       		.uleb128 0x13
 1484 011a 01       		.uleb128 0x1
 1485 011b 13       		.uleb128 0x13
 1486 011c 00       		.byte	0
 1487 011d 00       		.byte	0
 1488 011e 17       		.uleb128 0x17
 1489 011f 8A8201   		.uleb128 0x410a
 1490 0122 00       		.byte	0
 1491 0123 02       		.uleb128 0x2
ARM GAS  C:\Users\Parsa\AppData\Local\Temp\cc6IJ1ar.s 			page 29


 1492 0124 18       		.uleb128 0x18
 1493 0125 9142     		.uleb128 0x2111
 1494 0127 18       		.uleb128 0x18
 1495 0128 00       		.byte	0
 1496 0129 00       		.byte	0
 1497 012a 18       		.uleb128 0x18
 1498 012b 898201   		.uleb128 0x4109
 1499 012e 01       		.byte	0x1
 1500 012f 11       		.uleb128 0x11
 1501 0130 01       		.uleb128 0x1
 1502 0131 31       		.uleb128 0x31
 1503 0132 13       		.uleb128 0x13
 1504 0133 00       		.byte	0
 1505 0134 00       		.byte	0
 1506 0135 19       		.uleb128 0x19
 1507 0136 34       		.uleb128 0x34
 1508 0137 00       		.byte	0
 1509 0138 03       		.uleb128 0x3
 1510 0139 0E       		.uleb128 0xe
 1511 013a 3A       		.uleb128 0x3a
 1512 013b 0B       		.uleb128 0xb
 1513 013c 3B       		.uleb128 0x3b
 1514 013d 05       		.uleb128 0x5
 1515 013e 49       		.uleb128 0x49
 1516 013f 13       		.uleb128 0x13
 1517 0140 3F       		.uleb128 0x3f
 1518 0141 19       		.uleb128 0x19
 1519 0142 3C       		.uleb128 0x3c
 1520 0143 19       		.uleb128 0x19
 1521 0144 00       		.byte	0
 1522 0145 00       		.byte	0
 1523 0146 1A       		.uleb128 0x1a
 1524 0147 34       		.uleb128 0x34
 1525 0148 00       		.byte	0
 1526 0149 03       		.uleb128 0x3
 1527 014a 0E       		.uleb128 0xe
 1528 014b 3A       		.uleb128 0x3a
 1529 014c 0B       		.uleb128 0xb
 1530 014d 3B       		.uleb128 0x3b
 1531 014e 0B       		.uleb128 0xb
 1532 014f 49       		.uleb128 0x49
 1533 0150 13       		.uleb128 0x13
 1534 0151 3F       		.uleb128 0x3f
 1535 0152 19       		.uleb128 0x19
 1536 0153 3C       		.uleb128 0x3c
 1537 0154 19       		.uleb128 0x19
 1538 0155 00       		.byte	0
 1539 0156 00       		.byte	0
 1540 0157 1B       		.uleb128 0x1b
 1541 0158 26       		.uleb128 0x26
 1542 0159 00       		.byte	0
 1543 015a 49       		.uleb128 0x49
 1544 015b 13       		.uleb128 0x13
 1545 015c 00       		.byte	0
 1546 015d 00       		.byte	0
 1547 015e 1C       		.uleb128 0x1c
 1548 015f 34       		.uleb128 0x34
ARM GAS  C:\Users\Parsa\AppData\Local\Temp\cc6IJ1ar.s 			page 30


 1549 0160 00       		.byte	0
 1550 0161 03       		.uleb128 0x3
 1551 0162 0E       		.uleb128 0xe
 1552 0163 3A       		.uleb128 0x3a
 1553 0164 0B       		.uleb128 0xb
 1554 0165 3B       		.uleb128 0x3b
 1555 0166 0B       		.uleb128 0xb
 1556 0167 49       		.uleb128 0x49
 1557 0168 13       		.uleb128 0x13
 1558 0169 3F       		.uleb128 0x3f
 1559 016a 19       		.uleb128 0x19
 1560 016b 02       		.uleb128 0x2
 1561 016c 18       		.uleb128 0x18
 1562 016d 00       		.byte	0
 1563 016e 00       		.byte	0
 1564 016f 1D       		.uleb128 0x1d
 1565 0170 2E       		.uleb128 0x2e
 1566 0171 00       		.byte	0
 1567 0172 3F       		.uleb128 0x3f
 1568 0173 19       		.uleb128 0x19
 1569 0174 3C       		.uleb128 0x3c
 1570 0175 19       		.uleb128 0x19
 1571 0176 6E       		.uleb128 0x6e
 1572 0177 0E       		.uleb128 0xe
 1573 0178 03       		.uleb128 0x3
 1574 0179 0E       		.uleb128 0xe
 1575 017a 3A       		.uleb128 0x3a
 1576 017b 0B       		.uleb128 0xb
 1577 017c 3B       		.uleb128 0x3b
 1578 017d 05       		.uleb128 0x5
 1579 017e 00       		.byte	0
 1580 017f 00       		.byte	0
 1581 0180 1E       		.uleb128 0x1e
 1582 0181 2E       		.uleb128 0x2e
 1583 0182 00       		.byte	0
 1584 0183 3F       		.uleb128 0x3f
 1585 0184 19       		.uleb128 0x19
 1586 0185 3C       		.uleb128 0x3c
 1587 0186 19       		.uleb128 0x19
 1588 0187 6E       		.uleb128 0x6e
 1589 0188 0E       		.uleb128 0xe
 1590 0189 03       		.uleb128 0x3
 1591 018a 0E       		.uleb128 0xe
 1592 018b 3A       		.uleb128 0x3a
 1593 018c 0B       		.uleb128 0xb
 1594 018d 3B       		.uleb128 0x3b
 1595 018e 0B       		.uleb128 0xb
 1596 018f 00       		.byte	0
 1597 0190 00       		.byte	0
 1598 0191 00       		.byte	0
 1599              		.section	.debug_loc,"",%progbits
 1600              	.Ldebug_loc0:
 1601              	.LLST0:
 1602 0000 00000000 		.4byte	.LVL0
 1603 0004 04000000 		.4byte	.LVL1
 1604 0008 0100     		.2byte	0x1
 1605 000a 50       		.byte	0x50
ARM GAS  C:\Users\Parsa\AppData\Local\Temp\cc6IJ1ar.s 			page 31


 1606 000b 04000000 		.4byte	.LVL1
 1607 000f 3C000000 		.4byte	.LFE515
 1608 0013 0400     		.2byte	0x4
 1609 0015 F3       		.byte	0xf3
 1610 0016 01       		.uleb128 0x1
 1611 0017 50       		.byte	0x50
 1612 0018 9F       		.byte	0x9f
 1613 0019 00000000 		.4byte	0
 1614 001d 00000000 		.4byte	0
 1615              	.LLST1:
 1616 0021 12000000 		.4byte	.LVL2
 1617 0025 1E000000 		.4byte	.LVL3
 1618 0029 0100     		.2byte	0x1
 1619 002b 50       		.byte	0x50
 1620 002c 24000000 		.4byte	.LVL5
 1621 0030 28000000 		.4byte	.LVL6
 1622 0034 0100     		.2byte	0x1
 1623 0036 50       		.byte	0x50
 1624 0037 00000000 		.4byte	0
 1625 003b 00000000 		.4byte	0
 1626              		.section	.debug_aranges,"",%progbits
 1627 0000 1C000000 		.4byte	0x1c
 1628 0004 0200     		.2byte	0x2
 1629 0006 00000000 		.4byte	.Ldebug_info0
 1630 000a 04       		.byte	0x4
 1631 000b 00       		.byte	0
 1632 000c 0000     		.2byte	0
 1633 000e 0000     		.2byte	0
 1634 0010 00000000 		.4byte	.LFB515
 1635 0014 3C000000 		.4byte	.LFE515-.LFB515
 1636 0018 00000000 		.4byte	0
 1637 001c 00000000 		.4byte	0
 1638              		.section	.debug_ranges,"",%progbits
 1639              	.Ldebug_ranges0:
 1640 0000 00000000 		.4byte	.LFB515
 1641 0004 3C000000 		.4byte	.LFE515
 1642 0008 00000000 		.4byte	0
 1643 000c 00000000 		.4byte	0
 1644              		.section	.debug_line,"",%progbits
 1645              	.Ldebug_line0:
 1646 0000 61030000 		.section	.debug_str,"MS",%progbits,1
 1646      02004403 
 1646      00000201 
 1646      FB0E0D00 
 1646      01010101 
 1647              	.LASF170:
 1648 0000 7072696E 		.ascii	"printf\000"
 1648      746600
 1649              	.LASF56:
 1650 0007 70726F74 		.ascii	"protBusMasterMask\000"
 1650      4275734D 
 1650      61737465 
 1650      724D6173 
 1650      6B00
 1651              	.LASF162:
 1652 0019 64617461 		.ascii	"dataToPrint\000"
 1652      546F5072 
ARM GAS  C:\Users\Parsa\AppData\Local\Temp\cc6IJ1ar.s 			page 32


 1652      696E7400 
 1653              	.LASF149:
 1654 0025 72784275 		.ascii	"rxBufSize\000"
 1654      6653697A 
 1654      6500
 1655              	.LASF66:
 1656 002f 666C6173 		.ascii	"flashCtlMainWs3Freq\000"
 1656      6843746C 
 1656      4D61696E 
 1656      57733346 
 1656      72657100 
 1657              	.LASF88:
 1658 0043 6770696F 		.ascii	"gpioPrtCfgInOffset\000"
 1658      50727443 
 1658      6667496E 
 1658      4F666673 
 1658      657400
 1659              	.LASF106:
 1660 0056 6970634C 		.ascii	"ipcLockStatusOffset\000"
 1660      6F636B53 
 1660      74617475 
 1660      734F6666 
 1660      73657400 
 1661              	.LASF32:
 1662 006a 63727970 		.ascii	"cryptoVersion\000"
 1662      746F5665 
 1662      7273696F 
 1662      6E00
 1663              	.LASF50:
 1664 0078 70657269 		.ascii	"periClockNr\000"
 1664      436C6F63 
 1664      6B4E7200 
 1665              	.LASF28:
 1666 0084 70617373 		.ascii	"passBase\000"
 1666      42617365 
 1666      00
 1667              	.LASF41:
 1668 008d 63707573 		.ascii	"cpussIpcIrqNr\000"
 1668      73497063 
 1668      4972714E 
 1668      7200
 1669              	.LASF3:
 1670 009b 5F5F7569 		.ascii	"__uint8_t\000"
 1670      6E74385F 
 1670      7400
 1671              	.LASF127:
 1672 00a5 736C6176 		.ascii	"slaveStatus\000"
 1672      65537461 
 1672      74757300 
 1673              	.LASF85:
 1674 00b1 70657269 		.ascii	"periDiv24_5CtlOffset\000"
 1674      44697632 
 1674      345F3543 
 1674      746C4F66 
 1674      66736574 
 1675              	.LASF92:
 1676 00c6 63707573 		.ascii	"cpussCm4ClockCtlOffset\000"
ARM GAS  C:\Users\Parsa\AppData\Local\Temp\cc6IJ1ar.s 			page 33


 1676      73436D34 
 1676      436C6F63 
 1676      6B43746C 
 1676      4F666673 
 1677              	.LASF21:
 1678 00dd 63707573 		.ascii	"cpussBase\000"
 1678      73426173 
 1678      6500
 1679              	.LASF70:
 1680 00e7 64774368 		.ascii	"dwChCtlPrioPos\000"
 1680      43746C50 
 1680      72696F50 
 1680      6F7300
 1681              	.LASF12:
 1682 00f6 6C6F6E67 		.ascii	"long long unsigned int\000"
 1682      206C6F6E 
 1682      6720756E 
 1682      7369676E 
 1682      65642069 
 1683              	.LASF74:
 1684 010d 70657269 		.ascii	"periTrCmdOffset\000"
 1684      5472436D 
 1684      644F6666 
 1684      73657400 
 1685              	.LASF144:
 1686 011d 72785269 		.ascii	"rxRingBuf\000"
 1686      6E674275 
 1686      6600
 1687              	.LASF98:
 1688 0127 63707573 		.ascii	"cpussSysTickCtlOffset\000"
 1688      73537973 
 1688      5469636B 
 1688      43746C4F 
 1688      66667365 
 1689              	.LASF120:
 1690 013d 6D617374 		.ascii	"masterStatus\000"
 1690      65725374 
 1690      61747573 
 1690      00
 1691              	.LASF158:
 1692 014a 51756575 		.ascii	"QueueHandle_t\000"
 1692      6548616E 
 1692      646C655F 
 1692      7400
 1693              	.LASF164:
 1694 0158 49544D5F 		.ascii	"ITM_RxBuffer\000"
 1694      52784275 
 1694      66666572 
 1694      00
 1695              	.LASF59:
 1696 0165 666C6173 		.ascii	"flashPipeRequired\000"
 1696      68506970 
 1696      65526571 
 1696      75697265 
 1696      6400
 1697              	.LASF135:
 1698 0177 736C6176 		.ascii	"slaveRxBufferIdx\000"
ARM GAS  C:\Users\Parsa\AppData\Local\Temp\cc6IJ1ar.s 			page 34


 1698      65527842 
 1698      75666665 
 1698      72496478 
 1698      00
 1699              	.LASF140:
 1700 0188 63795F73 		.ascii	"cy_stc_scb_i2c_context\000"
 1700      74635F73 
 1700      63625F69 
 1700      32635F63 
 1700      6F6E7465 
 1701              	.LASF63:
 1702 019f 666C6173 		.ascii	"flashCtlMainWs0Freq\000"
 1702      6843746C 
 1702      4D61696E 
 1702      57733046 
 1702      72657100 
 1703              	.LASF15:
 1704 01b3 696E7431 		.ascii	"int16_t\000"
 1704      365F7400 
 1705              	.LASF11:
 1706 01bb 6C6F6E67 		.ascii	"long long int\000"
 1706      206C6F6E 
 1706      6720696E 
 1706      7400
 1707              	.LASF1:
 1708 01c9 7369676E 		.ascii	"signed char\000"
 1708      65642063 
 1708      68617200 
 1709              	.LASF79:
 1710 01d5 70657269 		.ascii	"periDivCmdTypeSelPos\000"
 1710      44697643 
 1710      6D645479 
 1710      70655365 
 1710      6C506F73 
 1711              	.LASF119:
 1712 01ea 73746174 		.ascii	"state\000"
 1712      6500
 1713              	.LASF37:
 1714 01f0 69706356 		.ascii	"ipcVersion\000"
 1714      65727369 
 1714      6F6E00
 1715              	.LASF134:
 1716 01fb 736C6176 		.ascii	"slaveRxBufferSize\000"
 1716      65527842 
 1716      75666665 
 1716      7253697A 
 1716      6500
 1717              	.LASF99:
 1718 020d 63707573 		.ascii	"cpussCm0NmiCtlOffset\000"
 1718      73436D30 
 1718      4E6D6943 
 1718      746C4F66 
 1718      66736574 
 1719              	.LASF47:
 1720 0222 73727373 		.ascii	"srssNumClkpath\000"
 1720      4E756D43 
 1720      6C6B7061 
ARM GAS  C:\Users\Parsa\AppData\Local\Temp\cc6IJ1ar.s 			page 35


 1720      746800
 1721              	.LASF26:
 1722 0231 6873696F 		.ascii	"hsiomBase\000"
 1722      6D426173 
 1722      6500
 1723              	.LASF160:
 1724 023b 6572726F 		.ascii	"errorCode\000"
 1724      72436F64 
 1724      6500
 1725              	.LASF115:
 1726 0245 63795F63 		.ascii	"cy_cb_scb_i2c_handle_events_t\000"
 1726      625F7363 
 1726      625F6932 
 1726      635F6861 
 1726      6E646C65 
 1727              	.LASF8:
 1728 0263 6C6F6E67 		.ascii	"long int\000"
 1728      20696E74 
 1728      00
 1729              	.LASF172:
 1730 026c 75617274 		.ascii	"uart_debug.c\000"
 1730      5F646562 
 1730      75672E63 
 1730      00
 1731              	.LASF122:
 1732 0279 6D617374 		.ascii	"masterRdDir\000"
 1732      65725264 
 1732      44697200 
 1733              	.LASF113:
 1734 0285 43595F53 		.ascii	"CY_SCB_I2C_NAK\000"
 1734      43425F49 
 1734      32435F4E 
 1734      414B00
 1735              	.LASF166:
 1736 0294 44454255 		.ascii	"DEBUG_UART_context\000"
 1736      475F5541 
 1736      52545F63 
 1736      6F6E7465 
 1736      787400
 1737              	.LASF57:
 1738 02a7 63727970 		.ascii	"cryptoMemSize\000"
 1738      746F4D65 
 1738      6D53697A 
 1738      6500
 1739              	.LASF23:
 1740 02b5 70657269 		.ascii	"periBase\000"
 1740      42617365 
 1740      00
 1741              	.LASF157:
 1742 02be 5469636B 		.ascii	"TickType_t\000"
 1742      54797065 
 1742      5F7400
 1743              	.LASF55:
 1744 02c9 73797350 		.ascii	"sysPmSimoPresent\000"
 1744      6D53696D 
 1744      6F507265 
 1744      73656E74 
ARM GAS  C:\Users\Parsa\AppData\Local\Temp\cc6IJ1ar.s 			page 36


 1744      00
 1745              	.LASF45:
 1746 02da 63707573 		.ascii	"cpussFmIrq\000"
 1746      73466D49 
 1746      727100
 1747              	.LASF110:
 1748 02e5 646F7562 		.ascii	"double\000"
 1748      6C6500
 1749              	.LASF84:
 1750 02ec 70657269 		.ascii	"periDiv16_5CtlOffset\000"
 1750      44697631 
 1750      365F3543 
 1750      746C4F66 
 1750      66736574 
 1751              	.LASF48:
 1752 0301 73727373 		.ascii	"srssNumPll\000"
 1752      4E756D50 
 1752      6C6C00
 1753              	.LASF82:
 1754 030c 70657269 		.ascii	"periDiv8CtlOffset\000"
 1754      44697638 
 1754      43746C4F 
 1754      66667365 
 1754      7400
 1755              	.LASF89:
 1756 031e 6770696F 		.ascii	"gpioPrtCfgOutOffset\000"
 1756      50727443 
 1756      66674F75 
 1756      744F6666 
 1756      73657400 
 1757              	.LASF137:
 1758 0332 63624164 		.ascii	"cbAddr\000"
 1758      647200
 1759              	.LASF22:
 1760 0339 666C6173 		.ascii	"flashcBase\000"
 1760      68634261 
 1760      736500
 1761              	.LASF9:
 1762 0344 5F5F7569 		.ascii	"__uint32_t\000"
 1762      6E743332 
 1762      5F7400
 1763              	.LASF52:
 1764 034f 70617373 		.ascii	"passSarChannels\000"
 1764      53617243 
 1764      68616E6E 
 1764      656C7300 
 1765              	.LASF4:
 1766 035f 5F5F696E 		.ascii	"__int16_t\000"
 1766      7431365F 
 1766      7400
 1767              	.LASF150:
 1768 0369 72784275 		.ascii	"rxBufIdx\000"
 1768      66496478 
 1768      00
 1769              	.LASF95:
 1770 0372 63707573 		.ascii	"cpussCm4PwrCtlOffset\000"
 1770      73436D34 
ARM GAS  C:\Users\Parsa\AppData\Local\Temp\cc6IJ1ar.s 			page 37


 1770      50777243 
 1770      746C4F66 
 1770      66736574 
 1771              	.LASF152:
 1772 0387 74784275 		.ascii	"txBufSize\000"
 1772      6653697A 
 1772      6500
 1773              	.LASF90:
 1774 0391 6770696F 		.ascii	"gpioPrtCfgSioOffset\000"
 1774      50727443 
 1774      66675369 
 1774      6F4F6666 
 1774      73657400 
 1775              	.LASF42:
 1776 03a5 63707573 		.ascii	"cpussDwChNr\000"
 1776      73447743 
 1776      684E7200 
 1777              	.LASF13:
 1778 03b1 756E7369 		.ascii	"unsigned int\000"
 1778      676E6564 
 1778      20696E74 
 1778      00
 1779              	.LASF131:
 1780 03be 736C6176 		.ascii	"slaveTxBufferIdx\000"
 1780      65547842 
 1780      75666665 
 1780      72496478 
 1780      00
 1781              	.LASF16:
 1782 03cf 75696E74 		.ascii	"uint16_t\000"
 1782      31365F74 
 1782      00
 1783              	.LASF128:
 1784 03d8 736C6176 		.ascii	"slaveRdBufEmpty\000"
 1784      65526442 
 1784      7566456D 
 1784      70747900 
 1785              	.LASF75:
 1786 03e8 70657269 		.ascii	"periTrCmdGrSelMsk\000"
 1786      5472436D 
 1786      64477253 
 1786      656C4D73 
 1786      6B00
 1787              	.LASF64:
 1788 03fa 666C6173 		.ascii	"flashCtlMainWs1Freq\000"
 1788      6843746C 
 1788      4D61696E 
 1788      57733146 
 1788      72657100 
 1789              	.LASF10:
 1790 040e 6C6F6E67 		.ascii	"long unsigned int\000"
 1790      20756E73 
 1790      69676E65 
 1790      6420696E 
 1790      7400
 1791              	.LASF139:
 1792 0420 63795F63 		.ascii	"cy_cb_scb_uart_handle_events_t\000"
ARM GAS  C:\Users\Parsa\AppData\Local\Temp\cc6IJ1ar.s 			page 38


 1792      625F7363 
 1792      625F7561 
 1792      72745F68 
 1792      616E646C 
 1793              	.LASF175:
 1794 043f 70765061 		.ascii	"pvParameters\000"
 1794      72616D65 
 1794      74657273 
 1794      00
 1795              	.LASF27:
 1796 044c 6770696F 		.ascii	"gpioBase\000"
 1796      42617365 
 1796      00
 1797              	.LASF40:
 1798 0455 63707573 		.ascii	"cpussIpcNr\000"
 1798      73497063 
 1798      4E7200
 1799              	.LASF118:
 1800 0460 75736554 		.ascii	"useTxFifo\000"
 1800      78466966 
 1800      6F00
 1801              	.LASF76:
 1802 046a 70657269 		.ascii	"periTrGrOffset\000"
 1802      54724772 
 1802      4F666673 
 1802      657400
 1803              	.LASF103:
 1804 0479 63707573 		.ascii	"cpussRam1Ctl0\000"
 1804      7352616D 
 1804      3143746C 
 1804      3000
 1805              	.LASF169:
 1806 0487 78517565 		.ascii	"xQueueReceive\000"
 1806      75655265 
 1806      63656976 
 1806      6500
 1807              	.LASF156:
 1808 0495 42617365 		.ascii	"BaseType_t\000"
 1808      54797065 
 1808      5F7400
 1809              	.LASF136:
 1810 04a0 63624576 		.ascii	"cbEvents\000"
 1810      656E7473 
 1810      00
 1811              	.LASF161:
 1812 04a9 64656275 		.ascii	"debug_print_data_t\000"
 1812      675F7072 
 1812      696E745F 
 1812      64617461 
 1812      5F7400
 1813              	.LASF77:
 1814 04bc 70657269 		.ascii	"periTrGrSize\000"
 1814      54724772 
 1814      53697A65 
 1814      00
 1815              	.LASF35:
 1816 04c9 6770696F 		.ascii	"gpioVersion\000"
ARM GAS  C:\Users\Parsa\AppData\Local\Temp\cc6IJ1ar.s 			page 39


 1816      56657273 
 1816      696F6E00 
 1817              	.LASF151:
 1818 04d5 74784275 		.ascii	"txBuf\000"
 1818      6600
 1819              	.LASF107:
 1820 04db 63795F73 		.ascii	"cy_stc_device_t\000"
 1820      74635F64 
 1820      65766963 
 1820      655F7400 
 1821              	.LASF53:
 1822 04eb 65704D6F 		.ascii	"epMonitorNr\000"
 1822      6E69746F 
 1822      724E7200 
 1823              	.LASF146:
 1824 04f7 72785269 		.ascii	"rxRingBufHead\000"
 1824      6E674275 
 1824      66486561 
 1824      6400
 1825              	.LASF96:
 1826 0505 63707573 		.ascii	"cpussTrimRamCtlOffset\000"
 1826      73547269 
 1826      6D52616D 
 1826      43746C4F 
 1826      66667365 
 1827              	.LASF133:
 1828 051b 736C6176 		.ascii	"slaveRxBuffer\000"
 1828      65527842 
 1828      75666665 
 1828      7200
 1829              	.LASF91:
 1830 0529 63707573 		.ascii	"cpussCm0ClockCtlOffset\000"
 1830      73436D30 
 1830      436C6F63 
 1830      6B43746C 
 1830      4F666673 
 1831              	.LASF31:
 1832 0540 63707573 		.ascii	"cpussVersion\000"
 1832      73566572 
 1832      73696F6E 
 1832      00
 1833              	.LASF38:
 1834 054d 70657269 		.ascii	"periVersion\000"
 1834      56657273 
 1834      696F6E00 
 1835              	.LASF94:
 1836 0559 63707573 		.ascii	"cpussCm0StatusOffset\000"
 1836      73436D30 
 1836      53746174 
 1836      75734F66 
 1836      66736574 
 1837              	.LASF19:
 1838 056e 73697A65 		.ascii	"sizetype\000"
 1838      74797065 
 1838      00
 1839              	.LASF68:
 1840 0577 64774368 		.ascii	"dwChOffset\000"
ARM GAS  C:\Users\Parsa\AppData\Local\Temp\cc6IJ1ar.s 			page 40


 1840      4F666673 
 1840      657400
 1841              	.LASF125:
 1842 0582 6D617374 		.ascii	"masterBufferIdx\000"
 1842      65724275 
 1842      66666572 
 1842      49647800 
 1843              	.LASF43:
 1844 0592 63707573 		.ascii	"cpussFlashPaSize\000"
 1844      73466C61 
 1844      73685061 
 1844      53697A65 
 1844      00
 1845              	.LASF81:
 1846 05a3 70657269 		.ascii	"periDivCmdPaTypeSelPos\000"
 1846      44697643 
 1846      6D645061 
 1846      54797065 
 1846      53656C50 
 1847              	.LASF104:
 1848 05ba 63707573 		.ascii	"cpussRam2Ctl0\000"
 1848      7352616D 
 1848      3243746C 
 1848      3000
 1849              	.LASF72:
 1850 05c8 64775374 		.ascii	"dwStatusChIdxPos\000"
 1850      61747573 
 1850      43684964 
 1850      78506F73 
 1850      00
 1851              	.LASF54:
 1852 05d9 75646250 		.ascii	"udbPresent\000"
 1852      72657365 
 1852      6E7400
 1853              	.LASF143:
 1854 05e4 72785374 		.ascii	"rxStatus\000"
 1854      61747573 
 1854      00
 1855              	.LASF25:
 1856 05ed 70726F74 		.ascii	"protBase\000"
 1856      42617365 
 1856      00
 1857              	.LASF34:
 1858 05f6 666C6173 		.ascii	"flashcVersion\000"
 1858      68635665 
 1858      7273696F 
 1858      6E00
 1859              	.LASF30:
 1860 0604 63727970 		.ascii	"cryptoBase\000"
 1860      746F4261 
 1860      736500
 1861              	.LASF51:
 1862 060f 736D6966 		.ascii	"smifDeviceNr\000"
 1862      44657669 
 1862      63654E72 
 1862      00
 1863              	.LASF171:
ARM GAS  C:\Users\Parsa\AppData\Local\Temp\cc6IJ1ar.s 			page 41


 1864 061c 474E5520 		.ascii	"GNU C11 5.4.1 20160609 (release) [ARM/embedded-5-br"
 1864      43313120 
 1864      352E342E 
 1864      31203230 
 1864      31363036 
 1865 064f 616E6368 		.ascii	"anch revision 237715] -mcpu=cortex-m4 -mfloat-abi=s"
 1865      20726576 
 1865      6973696F 
 1865      6E203233 
 1865      37373135 
 1866 0682 6F667466 		.ascii	"oftfp -mfpu=fpv4-sp-d16 -mthumb -g -Og -ffunction-s"
 1866      70202D6D 
 1866      6670753D 
 1866      66707634 
 1866      2D73702D 
 1867 06b5 65637469 		.ascii	"ections -ffat-lto-objects\000"
 1867      6F6E7320 
 1867      2D666661 
 1867      742D6C74 
 1867      6F2D6F62 
 1868              	.LASF109:
 1869 06cf 666C6F61 		.ascii	"float\000"
 1869      7400
 1870              	.LASF73:
 1871 06d5 64775374 		.ascii	"dwStatusChIdxMsk\000"
 1871      61747573 
 1871      43684964 
 1871      784D736B 
 1871      00
 1872              	.LASF165:
 1873 06e6 63795F64 		.ascii	"cy_device\000"
 1873      65766963 
 1873      6500
 1874              	.LASF101:
 1875 06f0 63707573 		.ascii	"cpussRomCtl\000"
 1875      73526F6D 
 1875      43746C00 
 1876              	.LASF71:
 1877 06fc 64774368 		.ascii	"dwChCtlPreemptablePos\000"
 1877      43746C50 
 1877      7265656D 
 1877      70746162 
 1877      6C65506F 
 1878              	.LASF153:
 1879 0712 74784C65 		.ascii	"txLeftToTransmit\000"
 1879      6674546F 
 1879      5472616E 
 1879      736D6974 
 1879      00
 1880              	.LASF159:
 1881 0723 73747269 		.ascii	"stringPointer\000"
 1881      6E67506F 
 1881      696E7465 
 1881      7200
 1882              	.LASF167:
 1883 0731 4932436D 		.ascii	"I2Cm_context\000"
 1883      5F636F6E 
ARM GAS  C:\Users\Parsa\AppData\Local\Temp\cc6IJ1ar.s 			page 42


 1883      74657874 
 1883      00
 1884              	.LASF24:
 1885 073e 75646242 		.ascii	"udbBase\000"
 1885      61736500 
 1886              	.LASF112:
 1887 0746 43595F53 		.ascii	"CY_SCB_I2C_ACK\000"
 1887      43425F49 
 1887      32435F41 
 1887      434B00
 1888              	.LASF111:
 1889 0755 5F426F6F 		.ascii	"_Bool\000"
 1889      6C00
 1890              	.LASF17:
 1891 075b 696E7433 		.ascii	"int32_t\000"
 1891      325F7400 
 1892              	.LASF2:
 1893 0763 756E7369 		.ascii	"unsigned char\000"
 1893      676E6564 
 1893      20636861 
 1893      7200
 1894              	.LASF174:
 1895 0771 5461736B 		.ascii	"Task_Debug\000"
 1895      5F446562 
 1895      756700
 1896              	.LASF67:
 1897 077c 666C6173 		.ascii	"flashCtlMainWs4Freq\000"
 1897      6843746C 
 1897      4D61696E 
 1897      57733446 
 1897      72657100 
 1898              	.LASF0:
 1899 0790 73686F72 		.ascii	"short int\000"
 1899      7420696E 
 1899      7400
 1900              	.LASF124:
 1901 079a 6D617374 		.ascii	"masterBufferSize\000"
 1901      65724275 
 1901      66666572 
 1901      53697A65 
 1901      00
 1902              	.LASF78:
 1903 07ab 70657269 		.ascii	"periDivCmdDivSelMsk\000"
 1903      44697643 
 1903      6D644469 
 1903      7653656C 
 1903      4D736B00 
 1904              	.LASF65:
 1905 07bf 666C6173 		.ascii	"flashCtlMainWs2Freq\000"
 1905      6843746C 
 1905      4D61696E 
 1905      57733246 
 1905      72657100 
 1906              	.LASF121:
 1907 07d3 6D617374 		.ascii	"masterPause\000"
 1907      65725061 
 1907      75736500 
ARM GAS  C:\Users\Parsa\AppData\Local\Temp\cc6IJ1ar.s 			page 43


 1908              	.LASF168:
 1909 07df 64656275 		.ascii	"debugMessageQ\000"
 1909      674D6573 
 1909      73616765 
 1909      5100
 1910              	.LASF116:
 1911 07ed 63795F63 		.ascii	"cy_cb_scb_i2c_handle_addr_t\000"
 1911      625F7363 
 1911      625F6932 
 1911      635F6861 
 1911      6E646C65 
 1912              	.LASF126:
 1913 0809 6D617374 		.ascii	"masterNumBytes\000"
 1913      65724E75 
 1913      6D427974 
 1913      657300
 1914              	.LASF132:
 1915 0818 736C6176 		.ascii	"slaveTxBufferCnt\000"
 1915      65547842 
 1915      75666665 
 1915      72436E74 
 1915      00
 1916              	.LASF62:
 1917 0829 666C6173 		.ascii	"flashEraseDelay\000"
 1917      68457261 
 1917      73654465 
 1917      6C617900 
 1918              	.LASF18:
 1919 0839 75696E74 		.ascii	"uint32_t\000"
 1919      33325F74 
 1919      00
 1920              	.LASF138:
 1921 0842 63795F73 		.ascii	"cy_stc_scb_i2c_context_t\000"
 1921      74635F73 
 1921      63625F69 
 1921      32635F63 
 1921      6F6E7465 
 1922              	.LASF20:
 1923 085b 6C6F6E67 		.ascii	"long double\000"
 1923      20646F75 
 1923      626C6500 
 1924              	.LASF108:
 1925 0867 63686172 		.ascii	"char\000"
 1925      00
 1926              	.LASF39:
 1927 086c 70726F74 		.ascii	"protVersion\000"
 1927      56657273 
 1927      696F6E00 
 1928              	.LASF102:
 1929 0878 63707573 		.ascii	"cpussRam0Ctl0\000"
 1929      7352616D 
 1929      3043746C 
 1929      3000
 1930              	.LASF5:
 1931 0886 5F5F7569 		.ascii	"__uint16_t\000"
 1931      6E743136 
 1931      5F7400
ARM GAS  C:\Users\Parsa\AppData\Local\Temp\cc6IJ1ar.s 			page 44


 1932              	.LASF83:
 1933 0891 70657269 		.ascii	"periDiv16CtlOffset\000"
 1933      44697631 
 1933      3643746C 
 1933      4F666673 
 1933      657400
 1934              	.LASF7:
 1935 08a4 5F5F696E 		.ascii	"__int32_t\000"
 1935      7433325F 
 1935      7400
 1936              	.LASF123:
 1937 08ae 6D617374 		.ascii	"masterBuffer\000"
 1937      65724275 
 1937      66666572 
 1937      00
 1938              	.LASF36:
 1939 08bb 6873696F 		.ascii	"hsiomVersion\000"
 1939      6D566572 
 1939      73696F6E 
 1939      00
 1940              	.LASF61:
 1941 08c8 666C6173 		.ascii	"flashProgramDelay\000"
 1941      6850726F 
 1941      6772616D 
 1941      44656C61 
 1941      7900
 1942              	.LASF46:
 1943 08da 63707573 		.ascii	"cpussNotConnectedIrq\000"
 1943      734E6F74 
 1943      436F6E6E 
 1943      65637465 
 1943      64497271 
 1944              	.LASF145:
 1945 08ef 72785269 		.ascii	"rxRingBufSize\000"
 1945      6E674275 
 1945      6653697A 
 1945      6500
 1946              	.LASF6:
 1947 08fd 73686F72 		.ascii	"short unsigned int\000"
 1947      7420756E 
 1947      7369676E 
 1947      65642069 
 1947      6E7400
 1948              	.LASF69:
 1949 0910 64774368 		.ascii	"dwChSize\000"
 1949      53697A65 
 1949      00
 1950              	.LASF105:
 1951 0919 69706353 		.ascii	"ipcStructSize\000"
 1951      74727563 
 1951      7453697A 
 1951      6500
 1952              	.LASF117:
 1953 0927 75736552 		.ascii	"useRxFifo\000"
 1953      78466966 
 1953      6F00
 1954              	.LASF44:
ARM GAS  C:\Users\Parsa\AppData\Local\Temp\cc6IJ1ar.s 			page 45


 1955 0931 63707573 		.ascii	"cpussIpc0Irq\000"
 1955      73497063 
 1955      30497271 
 1955      00
 1956              	.LASF87:
 1957 093e 6770696F 		.ascii	"gpioPrtCfgOffset\000"
 1957      50727443 
 1957      66674F66 
 1957      66736574 
 1957      00
 1958              	.LASF154:
 1959 094f 696E6974 		.ascii	"initKey\000"
 1959      4B657900 
 1960              	.LASF148:
 1961 0957 72784275 		.ascii	"rxBuf\000"
 1961      6600
 1962              	.LASF129:
 1963 095d 736C6176 		.ascii	"slaveTxBuffer\000"
 1963      65547842 
 1963      75666665 
 1963      7200
 1964              	.LASF130:
 1965 096b 736C6176 		.ascii	"slaveTxBufferSize\000"
 1965      65547842 
 1965      75666665 
 1965      7253697A 
 1965      6500
 1966              	.LASF155:
 1967 097d 63795F73 		.ascii	"cy_stc_scb_uart_context_t\000"
 1967      74635F73 
 1967      63625F75 
 1967      6172745F 
 1967      636F6E74 
 1968              	.LASF49:
 1969 0997 73727373 		.ascii	"srssNumHfroot\000"
 1969      4E756D48 
 1969      66726F6F 
 1969      7400
 1970              	.LASF114:
 1971 09a5 63795F65 		.ascii	"cy_en_scb_i2c_command_t\000"
 1971      6E5F7363 
 1971      625F6932 
 1971      635F636F 
 1971      6D6D616E 
 1972              	.LASF100:
 1973 09bd 63707573 		.ascii	"cpussCm4NmiCtlOffset\000"
 1973      73436D34 
 1973      4E6D6943 
 1973      746C4F66 
 1973      66736574 
 1974              	.LASF60:
 1975 09d2 666C6173 		.ascii	"flashWriteDelay\000"
 1975      68577269 
 1975      74654465 
 1975      6C617900 
 1976              	.LASF14:
 1977 09e2 75696E74 		.ascii	"uint8_t\000"
ARM GAS  C:\Users\Parsa\AppData\Local\Temp\cc6IJ1ar.s 			page 46


 1977      385F7400 
 1978              	.LASF93:
 1979 09ea 63707573 		.ascii	"cpussCm4StatusOffset\000"
 1979      73436D34 
 1979      53746174 
 1979      75734F66 
 1979      66736574 
 1980              	.LASF86:
 1981 09ff 6770696F 		.ascii	"gpioPrtIntrCfgOffset\000"
 1981      50727449 
 1981      6E747243 
 1981      66674F66 
 1981      66736574 
 1982              	.LASF163:
 1983 0a14 72746F73 		.ascii	"rtosApiResult\000"
 1983      41706952 
 1983      6573756C 
 1983      7400
 1984              	.LASF147:
 1985 0a22 72785269 		.ascii	"rxRingBufTail\000"
 1985      6E674275 
 1985      66546169 
 1985      6C00
 1986              	.LASF97:
 1987 0a30 63707573 		.ascii	"cpussTrimRomCtlOffset\000"
 1987      73547269 
 1987      6D526F6D 
 1987      43746C4F 
 1987      66667365 
 1988              	.LASF142:
 1989 0a46 74785374 		.ascii	"txStatus\000"
 1989      61747573 
 1989      00
 1990              	.LASF33:
 1991 0a4f 64775665 		.ascii	"dwVersion\000"
 1991      7273696F 
 1991      6E00
 1992              	.LASF29:
 1993 0a59 69706342 		.ascii	"ipcBase\000"
 1993      61736500 
 1994              	.LASF80:
 1995 0a61 70657269 		.ascii	"periDivCmdPaDivSelPos\000"
 1995      44697643 
 1995      6D645061 
 1995      44697653 
 1995      656C506F 
 1996              	.LASF141:
 1997 0a77 63795F73 		.ascii	"cy_stc_scb_uart_context\000"
 1997      74635F73 
 1997      63625F75 
 1997      6172745F 
 1997      636F6E74 
 1998              	.LASF173:
 1999 0a8f 433A5C55 		.ascii	"C:\\Users\\Parsa\\OneDrive\\Documents\\PSoC Creator"
 1999      73657273 
 1999      5C506172 
 1999      73615C4F 
ARM GAS  C:\Users\Parsa\AppData\Local\Temp\cc6IJ1ar.s 			page 47


 1999      6E654472 
 2000 0abd 5C50726F 		.ascii	"\\Projet2\\MotionSensor.cydsn\000"
 2000      6A657432 
 2000      5C4D6F74 
 2000      696F6E53 
 2000      656E736F 
 2001              	.LASF58:
 2002 0ad9 666C6173 		.ascii	"flashRwwRequired\000"
 2002      68527777 
 2002      52657175 
 2002      69726564 
 2002      00
 2003              		.ident	"GCC: (GNU Tools for ARM Embedded Processors) 5.4.1 20160609 (release) [ARM/embedded-5-bran
