--------------- Build Started: 04/07/2021 16:27:57 Project: MotionSensor, Configuration: ARM GCC 5.4-2016-q2-update Debug ---------------
The code generation step is up to date.
The compile step is up to date, no work needs to be done.
The link step is up to date, no work needs to be done.
arm-none-eabi-gcc.exe -mcpu=cortex-m4 -mfloat-abi=softfp -mfpu=fpv4-sp-d16 -mthumb -I.\bmi160_library -I.\CMSIS\Core\Include -I.\CMSIS\DSP\Include -I. -IGenerated_Source\PSoC6 -IGenerated_Source\PSoC6\pdl\cmsis/include/ -IGenerated_Source\PSoC6\pdl\devices/psoc6/include/ -IGenerated_Source\PSoC6\pdl\devices/psoc6/include/ip/ -IGenerated_Source\PSoC6\pdl\drivers/peripheral/ -IGenerated_Source\PSoC6\pdl\drivers/peripheral/device/ -IGenerated_Source\PSoC6\pdl\drivers/peripheral/efuse/ -IGenerated_Source\PSoC6\pdl\drivers/peripheral/flash/ -IGenerated_Source\PSoC6\pdl\drivers/peripheral/gpio/ -IGenerated_Source\PSoC6\pdl\drivers/peripheral/ipc/ -IGenerated_Source\PSoC6\pdl\drivers/peripheral/lvd/ -IGenerated_Source\PSoC6\pdl\drivers/peripheral/profile/ -IGenerated_Source\PSoC6\pdl\drivers/peripheral/prot/ -IGenerated_Source\PSoC6\pdl\drivers/peripheral/scb/ -IGenerated_Source\PSoC6\pdl\drivers/peripheral/sysanalog/ -IGenerated_Source\PSoC6\pdl\drivers/peripheral/sysclk/ -IGenerated_Source\PSoC6\pdl\drivers/peripheral/sysint/ -IGenerated_Source\PSoC6\pdl\drivers/peripheral/syslib/ -IGenerated_Source\PSoC6\pdl\drivers/peripheral/syspm/ -IGenerated_Source\PSoC6\pdl\drivers/peripheral/systick/ -IGenerated_Source\PSoC6\pdl\drivers/peripheral/trigmux/ -IGenerated_Source\PSoC6\pdl\drivers/peripheral/wdt/ -IGenerated_Source\PSoC6\pdl\middleware/ -IGenerated_Source\PSoC6\pdl\rtos/FreeRTOS/10.0.1/Source/include/ -IGenerated_Source\PSoC6\pdl\rtos/FreeRTOS/10.0.1/Source/portable/GCC/CM4F/ -IGenerated_Source\PSoC6\pdl\utilities/ -Wa,-alh=.\CortexM4\ARM_GCC_541\Debug/filtre.lst -g -D DEBUG -D CY_CORE_ID=0 -D ARM_MATH_CM4 -D CY_PSOC_CREATOR_USED=1 -D CY8C6347BZI_BLD53 -Wall -ffunction-sections -ffat-lto-objects -Og -c filtre.c -o .\CortexM4\ARM_GCC_541\Debug\filtre.o
filtre.c: In function 'Traitement':
filtre.c:100:9: warning: variable 'last_min_peak_RED' set but not used [-Wunused-but-set-variable]
   float last_min_peak_RED = 0;
         ^
filtre.c:98:9: warning: variable 'last_min_peak_IR' set but not used [-Wunused-but-set-variable]
   float last_min_peak_IR = 0;
         ^
filtre.c:96:22: warning: variable 'R' set but not used [-Wunused-but-set-variable]
   volatile float64_t R = 0;
                      ^
filtre.c:59:16: warning: variable 'BPM' set but not used [-Wunused-but-set-variable]
   volatile int BPM = 0;
                ^
filtre.c:57:14: warning: unused variable 'status' [-Wunused-variable]
   arm_status status;
              ^
arm-none-eabi-gcc.exe -Wl,--start-group -o "C:\Users\arnau\Documents\Projet-final-pulse-oximeter\Communication BMI160\MotionSensor.cydsn\CortexM4\ARM_GCC_541\Debug\MotionSensor_link.elf" .\CortexM4\ARM_GCC_541\Debug\motion_task.o .\CortexM4\ARM_GCC_541\Debug\uart_debug.o .\CortexM4\ARM_GCC_541\Debug\startup_psoc6_01_cm4.o .\CortexM4\ARM_GCC_541\Debug\main_cm4.o .\CortexM4\ARM_GCC_541\Debug\system_psoc6_cm4.o .\CortexM4\ARM_GCC_541\Debug\filtre.o .\CortexM4\ARM_GCC_541\Debug\bmi160.o .\CortexM4\ARM_GCC_541\Debug\i2cm_support.o .\CortexM4\ARM_GCC_541\Debug\stdio_user.o .\CortexM4\ARM_GCC_541\Debug\cyfitter_sysint_cfg.o .\CortexM4\ARM_GCC_541\Debug\cymetadata.o .\CortexM4\ARM_GCC_541\Debug\DEBUG_UART.o .\CortexM4\ARM_GCC_541\Debug\I2Cm.o .\CortexM4\ARM_GCC_541\Debug\cy_efuse.o .\CortexM4\ARM_GCC_541\Debug\cy_flash.o .\CortexM4\ARM_GCC_541\Debug\cy_gpio.o .\CortexM4\ARM_GCC_541\Debug\cy_ipc_drv.o .\CortexM4\ARM_GCC_541\Debug\cy_ipc_sema.o .\CortexM4\ARM_GCC_541\Debug\cy_ipc_pipe.o .\CortexM4\ARM_GCC_541\Debug\cy_lvd.o .\CortexM4\ARM_GCC_541\Debug\cy_profile.o .\CortexM4\ARM_GCC_541\Debug\cy_prot.o .\CortexM4\ARM_GCC_541\Debug\cy_scb_common.o .\CortexM4\ARM_GCC_541\Debug\cy_scb_i2c.o .\CortexM4\ARM_GCC_541\Debug\cy_scb_ezi2c.o .\CortexM4\ARM_GCC_541\Debug\cy_scb_spi.o .\CortexM4\ARM_GCC_541\Debug\cy_scb_uart.o .\CortexM4\ARM_GCC_541\Debug\cy_sysanalog.o .\CortexM4\ARM_GCC_541\Debug\cy_sysclk.o .\CortexM4\ARM_GCC_541\Debug\cy_sysint.o .\CortexM4\ARM_GCC_541\Debug\cy_syslib.o .\CortexM4\ARM_GCC_541\Debug\cy_syslib_gcc.o .\CortexM4\ARM_GCC_541\Debug\cy_syspm.o .\CortexM4\ARM_GCC_541\Debug\cy_systick.o .\CortexM4\ARM_GCC_541\Debug\cy_trigmux.o .\CortexM4\ARM_GCC_541\Debug\cy_wdt.o .\CortexM4\ARM_GCC_541\Debug\cy_device.o .\CortexM4\ARM_GCC_541\Debug\cy_ble_clk.o .\CortexM4\ARM_GCC_541\Debug\croutine.o .\CortexM4\ARM_GCC_541\Debug\event_groups.o .\CortexM4\ARM_GCC_541\Debug\list.o .\CortexM4\ARM_GCC_541\Debug\queue.o .\CortexM4\ARM_GCC_541\Debug\tasks.o .\CortexM4\ARM_GCC_541\Debug\timers.o .\CortexM4\ARM_GCC_541\Debug\stream_buffer.o .\CortexM4\ARM_GCC_541\Debug\port.o .\CortexM4\ARM_GCC_541\Debug\heap_1.o .\CortexM4\ARM_GCC_541\Debug\retarget.o -mcpu=cortex-m4 -mfloat-abi=softfp -mfpu=fpv4-sp-d16 -mthumb -l m -L Generated_Source\PSoC6 .\CMSIS\Lib\GCC\libarm_cortexM4l_math.a -Wl,-Map,.\CortexM4\ARM_GCC_541\Debug/MotionSensor.map -T cy8c6xx7_cm4_dual.ld -specs=nano.specs -Wl,--gc-sections -g -ffunction-sections -Og -ffat-lto-objects -Wl,--end-group
"C:\Program Files (x86)\Cypress\PDL\3.1.3\tools\win\elf\cymcuelftool.exe" --sign "C:\Users\arnau\Documents\Projet-final-pulse-oximeter\Communication BMI160\MotionSensor.cydsn\CortexM4\ARM_GCC_541\Debug\MotionSensor_link.elf" --output "C:\Users\arnau\Documents\Projet-final-pulse-oximeter\Communication BMI160\MotionSensor.cydsn\CortexM4\ARM_GCC_541\Debug\MotionSensor_signed.elf" --hex "C:\Users\arnau\Documents\Projet-final-pulse-oximeter\Communication BMI160\MotionSensor.cydsn\CortexM4\ARM_GCC_541\Debug\MotionSensor_signed.hex"
No ELF section .cychecksum found, creating one
Application checksum calculated and stored in ELF section .cychecksum
Checksum calculated and stored in ELF section .cymeta
"C:\Program Files (x86)\Cypress\PDL\3.1.3\tools\win\elf\cymcuelftool.exe" --merge "C:\Users\arnau\Documents\Projet-final-pulse-oximeter\Communication BMI160\MotionSensor.cydsn\CortexM4\ARM_GCC_541\Debug\MotionSensor_signed.elf" "C:\Users\arnau\Documents\Projet-final-pulse-oximeter\Communication BMI160\MotionSensor.cydsn\CortexM0p\ARM_GCC_541\Debug\MotionSensor.elf" --output "C:\Users\arnau\Documents\Projet-final-pulse-oximeter\Communication BMI160\MotionSensor.cydsn\CortexM4\ARM_GCC_541\Debug\MotionSensor.elf" --hex "C:\Users\arnau\Documents\Projet-final-pulse-oximeter\Communication BMI160\MotionSensor.cydsn\CortexM4\ARM_GCC_541\Debug\MotionSensor.hex"
Application checksum calculated and stored in ELF section .cychecksum
Checksum calculated and stored in ELF section .cymeta
"C:\Program Files (x86)\Cypress\PDL\3.1.3\tools\win\elf\cymcuelftool.exe" -A "C:\Users\arnau\Documents\Projet-final-pulse-oximeter\Communication BMI160\MotionSensor.cydsn\CortexM4\ARM_GCC_541\Debug\MotionSensor.elf"
code:75404	sram:86864
--------------- Build Succeeded: 04/07/2021 16:27:59 ---------------
